Not Found: /favicon.ico
Not Found: /assets/desktop.css
Not Found: /assets/phone.css
Not Found: /assets/tablet.css
Not Found: /favicon.ico
Not Found: /assets/tablet.css
Not Found: /assets/phone.css
Not Found: /assets/desktop.css
2019-11-26 02:52:40.527332 [13177] Child process with pid: 13179 was killed by signal: 15, core dump: 0
Traceback (most recent call last):
  File "/home/ducsulprcom/DUCSU_LPR/passenger_wsgi.py", line 8, in <module>
    wsgi = imp.load_source('wsgi', 'home/ducsulprcom/DUCSU_LPR/manage.py')
  File "/home/ducsulprcom/virtualenv/DUCSU_LPR/3.7/lib64/python3.7/imp.py", line 171, in load_source
    module = _load(spec)
  File "<frozen importlib._bootstrap>", line 696, in _load
  File "<frozen importlib._bootstrap>", line 677, in _load_unlocked
  File "<frozen importlib._bootstrap_external>", line 724, in exec_module
  File "<frozen importlib._bootstrap_external>", line 860, in get_code
  File "<frozen importlib._bootstrap_external>", line 791, in source_to_code
  File "<frozen importlib._bootstrap>", line 219, in _call_with_frames_removed
  File "home/ducsulprcom/DUCSU_LPR/manage.py", line 8
    def home/ducsulprcom/DUCSU_LPR/lpr/wsgi.py(environ, start_response):
            ^
SyntaxError: invalid syntax
Not Found: /assets/phone.css
Traceback (most recent call last):
  File "/home/ducsulprcom/DUCSU_LPR/passenger_wsgi.py", line 8, in <module>
    wsgi = imp.load_source('wsgi', 'home/ducsulprcom/DUCSU_LPR/manage.py')
  File "/home/ducsulprcom/virtualenv/DUCSU_LPR/3.7/lib64/python3.7/imp.py", line 171, in load_source
    module = _load(spec)
  File "<frozen importlib._bootstrap>", line 696, in _load
  File "<frozen importlib._bootstrap>", line 677, in _load_unlocked
  File "<frozen importlib._bootstrap_external>", line 724, in exec_module
  File "<frozen importlib._bootstrap_external>", line 860, in get_code
  File "<frozen importlib._bootstrap_external>", line 791, in source_to_code
  File "<frozen importlib._bootstrap>", line 219, in _call_with_frames_removed
  File "home/ducsulprcom/DUCSU_LPR/manage.py", line 8
    def home/ducsulprcom/DUCSU_LPR/lpr/wsgi.py(environ, start_response):
            ^
SyntaxError: invalid syntax
Traceback (most recent call last):
  File "/home/ducsulprcom/DUCSU_LPR/passenger_wsgi.py", line 8, in <module>
    wsgi = imp.load_source('wsgi', 'home/ducsulprcom/DUCSU_LPR/manage.py')
  File "/home/ducsulprcom/virtualenv/DUCSU_LPR/3.7/lib64/python3.7/imp.py", line 171, in load_source
    module = _load(spec)
  File "<frozen importlib._bootstrap>", line 696, in _load
  File "<frozen importlib._bootstrap>", line 677, in _load_unlocked
  File "<frozen importlib._bootstrap_external>", line 724, in exec_module
  File "<frozen importlib._bootstrap_external>", line 860, in get_code
  File "<frozen importlib._bootstrap_external>", line 791, in source_to_code
  File "<frozen importlib._bootstrap>", line 219, in _call_with_frames_removed
  File "home/ducsulprcom/DUCSU_LPR/manage.py", line 8
    def home/ducsulprcom/DUCSU_LPR/lpr/wsgi.py(environ, start_response):
            ^
SyntaxError: invalid syntax
Not Found: /assets/desktop.css
Not Found: /assets/tablet.css
Not Found: /assets/desktop.css
Not Found: /assets/phone.css
Not Found: /assets/tablet.css
Not Found: /assets/phone.css
Not Found: /assets/desktop.css
Not Found: /assets/phone.css
Not Found: /assets/tablet.css
Not Found: /assets/desktop.css
Not Found: /assets/phone.css
Not Found: /assets/tablet.css
Not Found: /assets/desktop.css
Traceback (most recent call last):
  File "/home/ducsulprcom/DUCSU_LPR/passenger_wsgi.py", line 8, in <module>
    wsgi = imp.load_source('wsgi', 'home/ducsulprcom/DUCSU_LPR/manage.py')
  File "/home/ducsulprcom/virtualenv/DUCSU_LPR/3.7/lib64/python3.7/imp.py", line 171, in load_source
    module = _load(spec)
  File "<frozen importlib._bootstrap>", line 696, in _load
  File "<frozen importlib._bootstrap>", line 677, in _load_unlocked
  File "<frozen importlib._bootstrap_external>", line 724, in exec_module
  File "<frozen importlib._bootstrap_external>", line 860, in get_code
  File "<frozen importlib._bootstrap_external>", line 791, in source_to_code
  File "<frozen importlib._bootstrap>", line 219, in _call_with_frames_removed
  File "home/ducsulprcom/DUCSU_LPR/manage.py", line 8
    def home/ducsulprcom/DUCSU_LPR/lpr/wsgi.py(environ, start_response):
            ^
SyntaxError: invalid syntax
Not Found: /assets/phone.css
Traceback (most recent call last):
  File "/home/ducsulprcom/DUCSU_LPR/passenger_wsgi.py", line 8, in <module>
    wsgi = imp.load_source('wsgi', 'home/ducsulprcom/DUCSU_LPR/manage.py')
  File "/home/ducsulprcom/virtualenv/DUCSU_LPR/3.7/lib64/python3.7/imp.py", line 171, in load_source
    module = _load(spec)
  File "<frozen importlib._bootstrap>", line 696, in _load
  File "<frozen importlib._bootstrap>", line 677, in _load_unlocked
  File "<frozen importlib._bootstrap_external>", line 724, in exec_module
  File "<frozen importlib._bootstrap_external>", line 860, in get_code
  File "<frozen importlib._bootstrap_external>", line 791, in source_to_code
  File "<frozen importlib._bootstrap>", line 219, in _call_with_frames_removed
  File "home/ducsulprcom/DUCSU_LPR/manage.py", line 8
    def home/ducsulprcom/DUCSU_LPR/lpr/wsgi.py(environ, start_response):
            ^
SyntaxError: invalid syntax
Not Found: /assets/desktop.css
Not Found: /assets/tablet.css
Not Found: /assets/phone.css
Not Found: /assets/desktop.css
Not Found: /assets/tablet.css
Not Found: /assets/desktop.css
Not Found: /assets/phone.css
Not Found: /assets/tablet.css
Not Found: /assets/desktop.css
Not Found: /assets/tablet.css
Not Found: /assets/phone.css
Not Found: /assets/tablet.css
Not Found: /assets/desktop.css
Not Found: /assets/phone.css
Not Found: /assets/desktop.css
Not Found: /assets/phone.css
Not Found: /assets/tablet.css
Not Found: /assets/desktop.css
Not Found: /assets/phone.css
Not Found: /assets/tablet.css
Not Found: /favicon.ico
Not Found: /assets/phone.css
Not Found: /assets/tablet.css
Not Found: /assets/desktop.css
Not Found: /favicon.ico
Not Found: /assets/desktop.css
Not Found: /assets/tablet.css
Not Found: /assets/phone.css
Not Found: /favicon.ico
Traceback (most recent call last):
  File "/home/ducsulprcom/DUCSU_LPR/passenger_wsgi.py", line 8, in <module>
    wsgi = imp.load_source('wsgi', 'home/ducsulprcom/DUCSU_LPR/manage.py')
  File "/home/ducsulprcom/virtualenv/DUCSU_LPR/3.7/lib64/python3.7/imp.py", line 171, in load_source
    module = _load(spec)
  File "<frozen importlib._bootstrap>", line 696, in _load
  File "<frozen importlib._bootstrap>", line 677, in _load_unlocked
  File "<frozen importlib._bootstrap_external>", line 724, in exec_module
  File "<frozen importlib._bootstrap_external>", line 860, in get_code
  File "<frozen importlib._bootstrap_external>", line 791, in source_to_code
  File "<frozen importlib._bootstrap>", line 219, in _call_with_frames_removed
  File "home/ducsulprcom/DUCSU_LPR/manage.py", line 8
    def home/ducsulprcom/DUCSU_LPR/lpr/wsgi.py(environ, start_response):
            ^
SyntaxError: invalid syntax
Not Found: /assets/phone.css
Not Found: /assets/tablet.css
Not Found: /assets/desktop.css
Not Found: /favicon.ico
Not Found: /assets/desktop.css
Not Found: /assets/phone.css
Not Found: /assets/tablet.css
Not Found: /assets/phone.css
Not Found: /assets/tablet.css
Not Found: /assets/desktop.css
Not Found: /favicon.ico
Not Found: /favicon.ico
Not Found: /assets/desktop.css
Not Found: /assets/phone.css
Not Found: /assets/tablet.css
Not Found: /favicon.ico
Not Found: /assets/desktop.css
Not Found: /assets/phone.css
Not Found: /assets/tablet.css
Not Found: /favicon.ico
Not Found: /assets/phone.css
Not Found: /assets/desktop.css
Not Found: /assets/tablet.css
Not Found: /favicon.ico
Not Found: /assets/phone.css
Not Found: /assets/tablet.css
Not Found: /assets/desktop.css
Not Found: /favicon.ico
Not Found: /favicon.ico
Not Found: /assets/phone.css
Not Found: /favicon.ico
Not Found: /assets/desktop.css
Not Found: /assets/tablet.css
Not Found: /assets/phone.css
Not Found: /favicon.ico
Not Found: /assets/desktop.css
Not Found: /assets/phone.css
Not Found: /assets/tablet.css
Not Found: /assets/desktop.css
Not Found: /assets/phone.css
Not Found: /assets/tablet.css
Not Found: /assets/desktop.css
Not Found: /assets/phone.css
Not Found: /assets/tablet.css
Not Found: /assets/phone.css
Not Found: /assets/tablet.css
Not Found: /assets/desktop.css
Not Found: /favicon.ico
Not Found: /favicon.ico
Not Found: /assets/desktop.css
Not Found: /assets/phone.css
Not Found: /assets/tablet.css
Not Found: /favicon.ico
Not Found: /assets/phone.css
Not Found: /assets/tablet.css
Not Found: /assets/desktop.css
Not Found: /favicon.ico
Not Found: /favicon.ico
Not Found: /favicon.ico
Not Found: /favicon.ico
Not Found: /favicon.ico
Not Found: /favicon.ico
Not Found: /favicon.ico
Not Found: /favicon.ico
Not Found: /assets/phone.css
Not Found: /assets/tablet.css
Not Found: /assets/desktop.css
Not Found: /favicon.ico
Not Found: /favicon.ico
Not Found: /favicon.ico
Not Found: /favicon.ico
Not Found: /favicon.ico
Not Found: /favicon.ico
Not Found: /favicon.ico
Not Found: /favicon.ico
Not Found: /assets/desktop.css
Not Found: /assets/phone.css
Not Found: /assets/tablet.css
Not Found: /favicon.ico
Not Found: /favicon.ico
Not Found: /favicon.ico
Not Found: /favicon.ico
Not Found: /favicon.ico
Not Found: /assets/phone.css
Not Found: /assets/tablet.css
Not Found: /assets/desktop.css
Not Found: /favicon.ico
Not Found: /favicon.ico
Not Found: /favicon.ico
Not Found: /favicon.ico
Not Found: /favicon.ico
Not Found: /favicon.ico
Not Found: /favicon.ico
Not Found: /assets/phone.css
Not Found: /assets/tablet.css
Not Found: /assets/desktop.css
Not Found: /favicon.ico
Not Found: /favicon.ico
Not Found: /assets/desktop.css
Not Found: /assets/phone.css
Not Found: /assets/tablet.css
Not Found: /assets/desktop.css
Not Found: /assets/phone.css
Not Found: /assets/tablet.css
Not Found: /favicon.ico
Not Found: /assets/desktop.css
Not Found: /assets/phone.css
Not Found: /assets/tablet.css
Not Found: /favicon.ico
Not Found: /assets/desktop.css
Not Found: /assets/phone.css
Not Found: /assets/tablet.css
Not Found: /assets/desktop.css
Not Found: /assets/phone.css
Not Found: /assets/tablet.css
Not Found: /assets/phone.css
Not Found: /assets/tablet.css
Not Found: /assets/desktop.css
Not Found: /favicon.ico
Not Found: /favicon.ico
Not Found: /assets/desktop.css
Not Found: /assets/phone.css
Not Found: /assets/tablet.css
Not Found: /assets/phone.css
Not Found: /assets/tablet.css
Not Found: /assets/desktop.css
Not Found: /assets/phone.css
Not Found: /favicon.ico
Not Found: /favicon.ico
Not Found: /favicon.ico
Not Found: /favicon.ico
Not Found: /assets/desktop.css
Not Found: /assets/phone.css
Not Found: /assets/tablet.css
Not Found: /favicon.ico
Not Found: /favicon.ico
Not Found: /favicon.ico
Not Found: /favicon.ico
Not Found: /favicon.ico
Not Found: /favicon.ico
Not Found: /favicon.ico
Not Found: /favicon.ico
Not Found: /favicon.ico
Not Found: /assets/phone.css
Not Found: /assets/tablet.css
Not Found: /assets/desktop.css
Not Found: /favicon.ico
Not Found: /favicon.ico
Not Found: /favicon.ico
Not Found: /assets/phone.css
Not Found: /assets/desktop.css
Not Found: /assets/tablet.css
Not Found: /favicon.ico
Not Found: /favicon.ico
Not Found: /assets/phone.css
Not Found: /assets/tablet.css
Not Found: /assets/desktop.css
Not Found: /assets/desktop.css
Not Found: /assets/phone.css
Not Found: /assets/tablet.css
Not Found: /favicon.ico
Not Found: /assets/desktop.css
Not Found: /assets/phone.css
Not Found: /assets/tablet.css
Not Found: /favicon.ico
Not Found: /favicon.ico
Not Found: /favicon.ico
Not Found: /favicon.ico
Not Found: /favicon.ico
Not Found: /favicon.ico
Not Found: /favicon.ico
Not Found: /favicon.ico
Not Found: /favicon.ico
Not Found: /favicon.ico
Not Found: /favicon.ico
Not Found: /favicon.ico
Not Found: /favicon.ico
Not Found: /favicon.ico
Not Found: /favicon.ico
Not Found: /favicon.ico
Not Found: /favicon.ico
Not Found: /favicon.ico
Not Found: /favicon.ico
Not Found: /favicon.ico
Not Found: /favicon.ico
Not Found: /favicon.ico
Not Found: /favicon.ico
Not Found: /assets/phone.css
Not Found: /assets/desktop.css
Not Found: /assets/tablet.css
Not Found: /favicon.ico
Not Found: /favicon.ico
Not Found: /favicon.ico
Not Found: /favicon.ico
Not Found: /favicon.ico
Not Found: /favicon.ico
Not Found: /favicon.ico
Not Found: /favicon.ico
Not Found: /favicon.ico
Not Found: /favicon.ico
Not Found: /favicon.ico
Not Found: /assets/phone.css
Not Found: /assets/tablet.css
Not Found: /assets/desktop.css
Not Found: /ungraylistcheck
Not Found: /assets/desktop.css
Not Found: /assets/phone.css
Not Found: /assets/tablet.css
Not Found: /favicon.ico
Not Found: /assets/desktop.css
Not Found: /assets/tablet.css
Not Found: /assets/phone.css
Not Found: /favicon.ico
Not Found: /assets/desktop.css
Not Found: /assets/tablet.css
Not Found: /assets/phone.css
Not Found: /favicon.ico
Not Found: /assets/desktop.css
Not Found: /assets/tablet.css
Not Found: /assets/phone.css
Not Found: /favicon.ico
Not Found: /favicon.ico
Not Found: /favicon.ico
Not Found: /favicon.ico
Not Found: /favicon.ico
Not Found: /favicon.ico
Not Found: /favicon.ico
Not Found: /favicon.ico
Not Found: /favicon.ico
Not Found: /favicon.ico
Not Found: /assets/desktop.css
Not Found: /assets/phone.css
Not Found: /assets/tablet.css
Not Found: /favicon.ico
Not Found: /favicon.ico
Not Found: /favicon.ico
Not Found: /favicon.ico
Not Found: /favicon.ico
Not Found: /favicon.ico
Not Found: /favicon.ico
Not Found: /favicon.ico
Not Found: /assets/phone.css
Not Found: /assets/tablet.css
Not Found: /assets/desktop.css
Not Found: /favicon.ico
Not Found: /assets/phone.css
Not Found: /assets/tablet.css
Not Found: /assets/desktop.css
Not Found: /assets/desktop.css
Not Found: /assets/tablet.css
Not Found: /assets/phone.css
Not Found: /favicon.ico
Not Found: /assets/phone.css
Not Found: /assets/tablet.css
Not Found: /assets/desktop.css
Not Found: /favicon.ico
Not Found: /favicon.ico
Internal Server Error: /
Traceback (most recent call last):
  File "/home/ducsulprcom/virtualenv/DUCSU_LPR/3.7/lib/python3.7/site-packages/django/db/backends/utils.py", line 85, in _execute
    return self.cursor.execute(sql, params)
  File "/home/ducsulprcom/virtualenv/DUCSU_LPR/3.7/lib/python3.7/site-packages/django/db/backends/sqlite3/base.py", line 303, in execute
    return Database.Cursor.execute(self, query, params)
sqlite3.OperationalError: no such column: articles_article.image_link

The above exception was the direct cause of the following exception:

Traceback (most recent call last):
  File "/home/ducsulprcom/virtualenv/DUCSU_LPR/3.7/lib/python3.7/site-packages/django/core/handlers/exception.py", line 35, in inner
    response = get_response(request)
  File "/home/ducsulprcom/virtualenv/DUCSU_LPR/3.7/lib/python3.7/site-packages/django/core/handlers/base.py", line 128, in _get_response
    response = self.process_exception_by_middleware(e, request)
  File "/home/ducsulprcom/virtualenv/DUCSU_LPR/3.7/lib/python3.7/site-packages/django/core/handlers/base.py", line 126, in _get_response
    response = wrapped_callback(request, *callback_args, **callback_kwargs)
  File "/home/ducsulprcom/DUCSU_LPR/articles/views.py", line 10, in index
    return render(request, 'articles/index.html', context)
  File "/home/ducsulprcom/virtualenv/DUCSU_LPR/3.7/lib/python3.7/site-packages/django/shortcuts.py", line 36, in render
    content = loader.render_to_string(template_name, context, request, using=using)
  File "/home/ducsulprcom/virtualenv/DUCSU_LPR/3.7/lib/python3.7/site-packages/django/template/loader.py", line 62, in render_to_string
    return template.render(context, request)
  File "/home/ducsulprcom/virtualenv/DUCSU_LPR/3.7/lib/python3.7/site-packages/django/template/backends/django.py", line 61, in render
    return self.template.render(context)
  File "/home/ducsulprcom/virtualenv/DUCSU_LPR/3.7/lib/python3.7/site-packages/django/template/base.py", line 175, in render
    return self._render(context)
  File "/home/ducsulprcom/virtualenv/DUCSU_LPR/3.7/lib/python3.7/site-packages/django/template/base.py", line 167, in _render
    return self.nodelist.render(context)
  File "/home/ducsulprcom/virtualenv/DUCSU_LPR/3.7/lib/python3.7/site-packages/django/template/base.py", line 943, in render
    bit = node.render_annotated(context)
  File "/home/ducsulprcom/virtualenv/DUCSU_LPR/3.7/lib/python3.7/site-packages/django/template/base.py", line 910, in render_annotated
    return self.render(context)
  File "/home/ducsulprcom/virtualenv/DUCSU_LPR/3.7/lib/python3.7/site-packages/django/template/defaulttags.py", line 168, in render
    len_values = len(values)
  File "/home/ducsulprcom/virtualenv/DUCSU_LPR/3.7/lib/python3.7/site-packages/django/db/models/query.py", line 254, in __len__
    self._fetch_all()
  File "/home/ducsulprcom/virtualenv/DUCSU_LPR/3.7/lib/python3.7/site-packages/django/db/models/query.py", line 1179, in _fetch_all
    self._result_cache = list(self._iterable_class(self))
  File "/home/ducsulprcom/virtualenv/DUCSU_LPR/3.7/lib/python3.7/site-packages/django/db/models/query.py", line 54, in __iter__
    results = compiler.execute_sql(chunked_fetch=self.chunked_fetch, chunk_size=self.chunk_size)
  File "/home/ducsulprcom/virtualenv/DUCSU_LPR/3.7/lib/python3.7/site-packages/django/db/models/sql/compiler.py", line 1063, in execute_sql
    cursor.execute(sql, params)
  File "/home/ducsulprcom/virtualenv/DUCSU_LPR/3.7/lib/python3.7/site-packages/django/db/backends/utils.py", line 100, in execute
    return super().execute(sql, params)
  File "/home/ducsulprcom/virtualenv/DUCSU_LPR/3.7/lib/python3.7/site-packages/django/db/backends/utils.py", line 68, in execute
    return self._execute_with_wrappers(sql, params, many=False, executor=self._execute)
  File "/home/ducsulprcom/virtualenv/DUCSU_LPR/3.7/lib/python3.7/site-packages/django/db/backends/utils.py", line 77, in _execute_with_wrappers
    return executor(sql, params, many, context)
  File "/home/ducsulprcom/virtualenv/DUCSU_LPR/3.7/lib/python3.7/site-packages/django/db/backends/utils.py", line 85, in _execute
    return self.cursor.execute(sql, params)
  File "/home/ducsulprcom/virtualenv/DUCSU_LPR/3.7/lib/python3.7/site-packages/django/db/utils.py", line 89, in __exit__
    raise dj_exc_value.with_traceback(traceback) from exc_value
  File "/home/ducsulprcom/virtualenv/DUCSU_LPR/3.7/lib/python3.7/site-packages/django/db/backends/utils.py", line 85, in _execute
    return self.cursor.execute(sql, params)
  File "/home/ducsulprcom/virtualenv/DUCSU_LPR/3.7/lib/python3.7/site-packages/django/db/backends/sqlite3/base.py", line 303, in execute
    return Database.Cursor.execute(self, query, params)
django.db.utils.OperationalError: no such column: articles_article.image_link
Not Found: /favicon.ico
Internal Server Error: /admin/articles/article/
Traceback (most recent call last):
  File "/home/ducsulprcom/virtualenv/DUCSU_LPR/3.7/lib/python3.7/site-packages/django/db/backends/utils.py", line 85, in _execute
    return self.cursor.execute(sql, params)
  File "/home/ducsulprcom/virtualenv/DUCSU_LPR/3.7/lib/python3.7/site-packages/django/db/backends/sqlite3/base.py", line 303, in execute
    return Database.Cursor.execute(self, query, params)
sqlite3.OperationalError: no such column: articles_article.image_link

The above exception was the direct cause of the following exception:

Traceback (most recent call last):
  File "/home/ducsulprcom/virtualenv/DUCSU_LPR/3.7/lib/python3.7/site-packages/django/core/handlers/exception.py", line 35, in inner
    response = get_response(request)
  File "/home/ducsulprcom/virtualenv/DUCSU_LPR/3.7/lib/python3.7/site-packages/django/core/handlers/base.py", line 128, in _get_response
    response = self.process_exception_by_middleware(e, request)
  File "/home/ducsulprcom/virtualenv/DUCSU_LPR/3.7/lib/python3.7/site-packages/django/core/handlers/base.py", line 126, in _get_response
    response = wrapped_callback(request, *callback_args, **callback_kwargs)
  File "/home/ducsulprcom/virtualenv/DUCSU_LPR/3.7/lib/python3.7/site-packages/django/contrib/admin/options.py", line 574, in wrapper
    return self.admin_site.admin_view(view)(*args, **kwargs)
  File "/home/ducsulprcom/virtualenv/DUCSU_LPR/3.7/lib/python3.7/site-packages/django/utils/decorators.py", line 142, in _wrapped_view
    response = view_func(request, *args, **kwargs)
  File "/home/ducsulprcom/virtualenv/DUCSU_LPR/3.7/lib/python3.7/site-packages/django/views/decorators/cache.py", line 44, in _wrapped_view_func
    response = view_func(request, *args, **kwargs)
  File "/home/ducsulprcom/virtualenv/DUCSU_LPR/3.7/lib/python3.7/site-packages/django/contrib/admin/sites.py", line 223, in inner
    return view(request, *args, **kwargs)
  File "/home/ducsulprcom/virtualenv/DUCSU_LPR/3.7/lib/python3.7/site-packages/django/utils/decorators.py", line 62, in _wrapper
    return bound_func(*args, **kwargs)
  File "/home/ducsulprcom/virtualenv/DUCSU_LPR/3.7/lib/python3.7/site-packages/django/utils/decorators.py", line 142, in _wrapped_view
    response = view_func(request, *args, **kwargs)
  File "/home/ducsulprcom/virtualenv/DUCSU_LPR/3.7/lib/python3.7/site-packages/django/utils/decorators.py", line 58, in bound_func
    return func.__get__(self, type(self))(*args2, **kwargs2)
  File "/home/ducsulprcom/virtualenv/DUCSU_LPR/3.7/lib/python3.7/site-packages/django/contrib/admin/options.py", line 1685, in changelist_view
    selection_note=_('0 of %(cnt)s selected') % {'cnt': len(cl.result_list)},
  File "/home/ducsulprcom/virtualenv/DUCSU_LPR/3.7/lib/python3.7/site-packages/django/db/models/query.py", line 254, in __len__
    self._fetch_all()
  File "/home/ducsulprcom/virtualenv/DUCSU_LPR/3.7/lib/python3.7/site-packages/django/db/models/query.py", line 1179, in _fetch_all
    self._result_cache = list(self._iterable_class(self))
  File "/home/ducsulprcom/virtualenv/DUCSU_LPR/3.7/lib/python3.7/site-packages/django/db/models/query.py", line 54, in __iter__
    results = compiler.execute_sql(chunked_fetch=self.chunked_fetch, chunk_size=self.chunk_size)
  File "/home/ducsulprcom/virtualenv/DUCSU_LPR/3.7/lib/python3.7/site-packages/django/db/models/sql/compiler.py", line 1063, in execute_sql
    cursor.execute(sql, params)
  File "/home/ducsulprcom/virtualenv/DUCSU_LPR/3.7/lib/python3.7/site-packages/django/db/backends/utils.py", line 100, in execute
    return super().execute(sql, params)
  File "/home/ducsulprcom/virtualenv/DUCSU_LPR/3.7/lib/python3.7/site-packages/django/db/backends/utils.py", line 68, in execute
    return self._execute_with_wrappers(sql, params, many=False, executor=self._execute)
  File "/home/ducsulprcom/virtualenv/DUCSU_LPR/3.7/lib/python3.7/site-packages/django/db/backends/utils.py", line 77, in _execute_with_wrappers
    return executor(sql, params, many, context)
  File "/home/ducsulprcom/virtualenv/DUCSU_LPR/3.7/lib/python3.7/site-packages/django/db/backends/utils.py", line 85, in _execute
    return self.cursor.execute(sql, params)
  File "/home/ducsulprcom/virtualenv/DUCSU_LPR/3.7/lib/python3.7/site-packages/django/db/utils.py", line 89, in __exit__
    raise dj_exc_value.with_traceback(traceback) from exc_value
  File "/home/ducsulprcom/virtualenv/DUCSU_LPR/3.7/lib/python3.7/site-packages/django/db/backends/utils.py", line 85, in _execute
    return self.cursor.execute(sql, params)
  File "/home/ducsulprcom/virtualenv/DUCSU_LPR/3.7/lib/python3.7/site-packages/django/db/backends/sqlite3/base.py", line 303, in execute
    return Database.Cursor.execute(self, query, params)
django.db.utils.OperationalError: no such column: articles_article.image_link
Internal Server Error: /
Traceback (most recent call last):
  File "/home/ducsulprcom/virtualenv/DUCSU_LPR/3.7/lib/python3.7/site-packages/django/db/backends/utils.py", line 85, in _execute
    return self.cursor.execute(sql, params)
  File "/home/ducsulprcom/virtualenv/DUCSU_LPR/3.7/lib/python3.7/site-packages/django/db/backends/sqlite3/base.py", line 303, in execute
    return Database.Cursor.execute(self, query, params)
sqlite3.OperationalError: no such column: articles_article.image_link

The above exception was the direct cause of the following exception:

Traceback (most recent call last):
  File "/home/ducsulprcom/virtualenv/DUCSU_LPR/3.7/lib/python3.7/site-packages/django/core/handlers/exception.py", line 35, in inner
    response = get_response(request)
  File "/home/ducsulprcom/virtualenv/DUCSU_LPR/3.7/lib/python3.7/site-packages/django/core/handlers/base.py", line 128, in _get_response
    response = self.process_exception_by_middleware(e, request)
  File "/home/ducsulprcom/virtualenv/DUCSU_LPR/3.7/lib/python3.7/site-packages/django/core/handlers/base.py", line 126, in _get_response
    response = wrapped_callback(request, *callback_args, **callback_kwargs)
  File "/home/ducsulprcom/DUCSU_LPR/articles/views.py", line 10, in index
    return render(request, 'articles/index.html', context)
  File "/home/ducsulprcom/virtualenv/DUCSU_LPR/3.7/lib/python3.7/site-packages/django/shortcuts.py", line 36, in render
    content = loader.render_to_string(template_name, context, request, using=using)
  File "/home/ducsulprcom/virtualenv/DUCSU_LPR/3.7/lib/python3.7/site-packages/django/template/loader.py", line 62, in render_to_string
    return template.render(context, request)
  File "/home/ducsulprcom/virtualenv/DUCSU_LPR/3.7/lib/python3.7/site-packages/django/template/backends/django.py", line 61, in render
    return self.template.render(context)
  File "/home/ducsulprcom/virtualenv/DUCSU_LPR/3.7/lib/python3.7/site-packages/django/template/base.py", line 175, in render
    return self._render(context)
  File "/home/ducsulprcom/virtualenv/DUCSU_LPR/3.7/lib/python3.7/site-packages/django/template/base.py", line 167, in _render
    return self.nodelist.render(context)
  File "/home/ducsulprcom/virtualenv/DUCSU_LPR/3.7/lib/python3.7/site-packages/django/template/base.py", line 943, in render
    bit = node.render_annotated(context)
  File "/home/ducsulprcom/virtualenv/DUCSU_LPR/3.7/lib/python3.7/site-packages/django/template/base.py", line 910, in render_annotated
    return self.render(context)
  File "/home/ducsulprcom/virtualenv/DUCSU_LPR/3.7/lib/python3.7/site-packages/django/template/defaulttags.py", line 168, in render
    len_values = len(values)
  File "/home/ducsulprcom/virtualenv/DUCSU_LPR/3.7/lib/python3.7/site-packages/django/db/models/query.py", line 254, in __len__
    self._fetch_all()
  File "/home/ducsulprcom/virtualenv/DUCSU_LPR/3.7/lib/python3.7/site-packages/django/db/models/query.py", line 1179, in _fetch_all
    self._result_cache = list(self._iterable_class(self))
  File "/home/ducsulprcom/virtualenv/DUCSU_LPR/3.7/lib/python3.7/site-packages/django/db/models/query.py", line 54, in __iter__
    results = compiler.execute_sql(chunked_fetch=self.chunked_fetch, chunk_size=self.chunk_size)
  File "/home/ducsulprcom/virtualenv/DUCSU_LPR/3.7/lib/python3.7/site-packages/django/db/models/sql/compiler.py", line 1063, in execute_sql
    cursor.execute(sql, params)
  File "/home/ducsulprcom/virtualenv/DUCSU_LPR/3.7/lib/python3.7/site-packages/django/db/backends/utils.py", line 100, in execute
    return super().execute(sql, params)
  File "/home/ducsulprcom/virtualenv/DUCSU_LPR/3.7/lib/python3.7/site-packages/django/db/backends/utils.py", line 68, in execute
    return self._execute_with_wrappers(sql, params, many=False, executor=self._execute)
  File "/home/ducsulprcom/virtualenv/DUCSU_LPR/3.7/lib/python3.7/site-packages/django/db/backends/utils.py", line 77, in _execute_with_wrappers
    return executor(sql, params, many, context)
  File "/home/ducsulprcom/virtualenv/DUCSU_LPR/3.7/lib/python3.7/site-packages/django/db/backends/utils.py", line 85, in _execute
    return self.cursor.execute(sql, params)
  File "/home/ducsulprcom/virtualenv/DUCSU_LPR/3.7/lib/python3.7/site-packages/django/db/utils.py", line 89, in __exit__
    raise dj_exc_value.with_traceback(traceback) from exc_value
  File "/home/ducsulprcom/virtualenv/DUCSU_LPR/3.7/lib/python3.7/site-packages/django/db/backends/utils.py", line 85, in _execute
    return self.cursor.execute(sql, params)
  File "/home/ducsulprcom/virtualenv/DUCSU_LPR/3.7/lib/python3.7/site-packages/django/db/backends/sqlite3/base.py", line 303, in execute
    return Database.Cursor.execute(self, query, params)
django.db.utils.OperationalError: no such column: articles_article.image_link
Internal Server Error: /
Traceback (most recent call last):
  File "/home/ducsulprcom/virtualenv/DUCSU_LPR/3.7/lib/python3.7/site-packages/django/db/backends/utils.py", line 85, in _execute
    return self.cursor.execute(sql, params)
  File "/home/ducsulprcom/virtualenv/DUCSU_LPR/3.7/lib/python3.7/site-packages/django/db/backends/sqlite3/base.py", line 303, in execute
    return Database.Cursor.execute(self, query, params)
sqlite3.OperationalError: no such table: articles_article

The above exception was the direct cause of the following exception:

Traceback (most recent call last):
  File "/home/ducsulprcom/virtualenv/DUCSU_LPR/3.7/lib/python3.7/site-packages/django/core/handlers/exception.py", line 35, in inner
    response = get_response(request)
  File "/home/ducsulprcom/virtualenv/DUCSU_LPR/3.7/lib/python3.7/site-packages/django/core/handlers/base.py", line 128, in _get_response
    response = self.process_exception_by_middleware(e, request)
  File "/home/ducsulprcom/virtualenv/DUCSU_LPR/3.7/lib/python3.7/site-packages/django/core/handlers/base.py", line 126, in _get_response
    response = wrapped_callback(request, *callback_args, **callback_kwargs)
  File "/home/ducsulprcom/DUCSU_LPR/articles/views.py", line 10, in index
    return render(request, 'articles/index.html', context)
  File "/home/ducsulprcom/virtualenv/DUCSU_LPR/3.7/lib/python3.7/site-packages/django/shortcuts.py", line 36, in render
    content = loader.render_to_string(template_name, context, request, using=using)
  File "/home/ducsulprcom/virtualenv/DUCSU_LPR/3.7/lib/python3.7/site-packages/django/template/loader.py", line 62, in render_to_string
    return template.render(context, request)
  File "/home/ducsulprcom/virtualenv/DUCSU_LPR/3.7/lib/python3.7/site-packages/django/template/backends/django.py", line 61, in render
    return self.template.render(context)
  File "/home/ducsulprcom/virtualenv/DUCSU_LPR/3.7/lib/python3.7/site-packages/django/template/base.py", line 175, in render
    return self._render(context)
  File "/home/ducsulprcom/virtualenv/DUCSU_LPR/3.7/lib/python3.7/site-packages/django/template/base.py", line 167, in _render
    return self.nodelist.render(context)
  File "/home/ducsulprcom/virtualenv/DUCSU_LPR/3.7/lib/python3.7/site-packages/django/template/base.py", line 943, in render
    bit = node.render_annotated(context)
  File "/home/ducsulprcom/virtualenv/DUCSU_LPR/3.7/lib/python3.7/site-packages/django/template/base.py", line 910, in render_annotated
    return self.render(context)
  File "/home/ducsulprcom/virtualenv/DUCSU_LPR/3.7/lib/python3.7/site-packages/django/template/defaulttags.py", line 168, in render
    len_values = len(values)
  File "/home/ducsulprcom/virtualenv/DUCSU_LPR/3.7/lib/python3.7/site-packages/django/db/models/query.py", line 254, in __len__
    self._fetch_all()
  File "/home/ducsulprcom/virtualenv/DUCSU_LPR/3.7/lib/python3.7/site-packages/django/db/models/query.py", line 1179, in _fetch_all
    self._result_cache = list(self._iterable_class(self))
  File "/home/ducsulprcom/virtualenv/DUCSU_LPR/3.7/lib/python3.7/site-packages/django/db/models/query.py", line 54, in __iter__
    results = compiler.execute_sql(chunked_fetch=self.chunked_fetch, chunk_size=self.chunk_size)
  File "/home/ducsulprcom/virtualenv/DUCSU_LPR/3.7/lib/python3.7/site-packages/django/db/models/sql/compiler.py", line 1063, in execute_sql
    cursor.execute(sql, params)
  File "/home/ducsulprcom/virtualenv/DUCSU_LPR/3.7/lib/python3.7/site-packages/django/db/backends/utils.py", line 100, in execute
    return super().execute(sql, params)
  File "/home/ducsulprcom/virtualenv/DUCSU_LPR/3.7/lib/python3.7/site-packages/django/db/backends/utils.py", line 68, in execute
    return self._execute_with_wrappers(sql, params, many=False, executor=self._execute)
  File "/home/ducsulprcom/virtualenv/DUCSU_LPR/3.7/lib/python3.7/site-packages/django/db/backends/utils.py", line 77, in _execute_with_wrappers
    return executor(sql, params, many, context)
  File "/home/ducsulprcom/virtualenv/DUCSU_LPR/3.7/lib/python3.7/site-packages/django/db/backends/utils.py", line 85, in _execute
    return self.cursor.execute(sql, params)
  File "/home/ducsulprcom/virtualenv/DUCSU_LPR/3.7/lib/python3.7/site-packages/django/db/utils.py", line 89, in __exit__
    raise dj_exc_value.with_traceback(traceback) from exc_value
  File "/home/ducsulprcom/virtualenv/DUCSU_LPR/3.7/lib/python3.7/site-packages/django/db/backends/utils.py", line 85, in _execute
    return self.cursor.execute(sql, params)
  File "/home/ducsulprcom/virtualenv/DUCSU_LPR/3.7/lib/python3.7/site-packages/django/db/backends/sqlite3/base.py", line 303, in execute
    return Database.Cursor.execute(self, query, params)
django.db.utils.OperationalError: no such table: articles_article
Internal Server Error: /
Traceback (most recent call last):
  File "/home/ducsulprcom/virtualenv/DUCSU_LPR/3.7/lib/python3.7/site-packages/django/db/backends/utils.py", line 85, in _execute
    return self.cursor.execute(sql, params)
  File "/home/ducsulprcom/virtualenv/DUCSU_LPR/3.7/lib/python3.7/site-packages/django/db/backends/sqlite3/base.py", line 303, in execute
    return Database.Cursor.execute(self, query, params)
sqlite3.OperationalError: no such table: articles_article

The above exception was the direct cause of the following exception:

Traceback (most recent call last):
  File "/home/ducsulprcom/virtualenv/DUCSU_LPR/3.7/lib/python3.7/site-packages/django/core/handlers/exception.py", line 35, in inner
    response = get_response(request)
  File "/home/ducsulprcom/virtualenv/DUCSU_LPR/3.7/lib/python3.7/site-packages/django/core/handlers/base.py", line 128, in _get_response
    response = self.process_exception_by_middleware(e, request)
  File "/home/ducsulprcom/virtualenv/DUCSU_LPR/3.7/lib/python3.7/site-packages/django/core/handlers/base.py", line 126, in _get_response
    response = wrapped_callback(request, *callback_args, **callback_kwargs)
  File "/home/ducsulprcom/DUCSU_LPR/articles/views.py", line 10, in index
    return render(request, 'articles/index.html', context)
  File "/home/ducsulprcom/virtualenv/DUCSU_LPR/3.7/lib/python3.7/site-packages/django/shortcuts.py", line 36, in render
    content = loader.render_to_string(template_name, context, request, using=using)
  File "/home/ducsulprcom/virtualenv/DUCSU_LPR/3.7/lib/python3.7/site-packages/django/template/loader.py", line 62, in render_to_string
    return template.render(context, request)
  File "/home/ducsulprcom/virtualenv/DUCSU_LPR/3.7/lib/python3.7/site-packages/django/template/backends/django.py", line 61, in render
    return self.template.render(context)
  File "/home/ducsulprcom/virtualenv/DUCSU_LPR/3.7/lib/python3.7/site-packages/django/template/base.py", line 175, in render
    return self._render(context)
  File "/home/ducsulprcom/virtualenv/DUCSU_LPR/3.7/lib/python3.7/site-packages/django/template/base.py", line 167, in _render
    return self.nodelist.render(context)
  File "/home/ducsulprcom/virtualenv/DUCSU_LPR/3.7/lib/python3.7/site-packages/django/template/base.py", line 943, in render
    bit = node.render_annotated(context)
  File "/home/ducsulprcom/virtualenv/DUCSU_LPR/3.7/lib/python3.7/site-packages/django/template/base.py", line 910, in render_annotated
    return self.render(context)
  File "/home/ducsulprcom/virtualenv/DUCSU_LPR/3.7/lib/python3.7/site-packages/django/template/defaulttags.py", line 168, in render
    len_values = len(values)
  File "/home/ducsulprcom/virtualenv/DUCSU_LPR/3.7/lib/python3.7/site-packages/django/db/models/query.py", line 254, in __len__
    self._fetch_all()
  File "/home/ducsulprcom/virtualenv/DUCSU_LPR/3.7/lib/python3.7/site-packages/django/db/models/query.py", line 1179, in _fetch_all
    self._result_cache = list(self._iterable_class(self))
  File "/home/ducsulprcom/virtualenv/DUCSU_LPR/3.7/lib/python3.7/site-packages/django/db/models/query.py", line 54, in __iter__
    results = compiler.execute_sql(chunked_fetch=self.chunked_fetch, chunk_size=self.chunk_size)
  File "/home/ducsulprcom/virtualenv/DUCSU_LPR/3.7/lib/python3.7/site-packages/django/db/models/sql/compiler.py", line 1063, in execute_sql
    cursor.execute(sql, params)
  File "/home/ducsulprcom/virtualenv/DUCSU_LPR/3.7/lib/python3.7/site-packages/django/db/backends/utils.py", line 100, in execute
    return super().execute(sql, params)
  File "/home/ducsulprcom/virtualenv/DUCSU_LPR/3.7/lib/python3.7/site-packages/django/db/backends/utils.py", line 68, in execute
    return self._execute_with_wrappers(sql, params, many=False, executor=self._execute)
  File "/home/ducsulprcom/virtualenv/DUCSU_LPR/3.7/lib/python3.7/site-packages/django/db/backends/utils.py", line 77, in _execute_with_wrappers
    return executor(sql, params, many, context)
  File "/home/ducsulprcom/virtualenv/DUCSU_LPR/3.7/lib/python3.7/site-packages/django/db/backends/utils.py", line 85, in _execute
    return self.cursor.execute(sql, params)
  File "/home/ducsulprcom/virtualenv/DUCSU_LPR/3.7/lib/python3.7/site-packages/django/db/utils.py", line 89, in __exit__
    raise dj_exc_value.with_traceback(traceback) from exc_value
  File "/home/ducsulprcom/virtualenv/DUCSU_LPR/3.7/lib/python3.7/site-packages/django/db/backends/utils.py", line 85, in _execute
    return self.cursor.execute(sql, params)
  File "/home/ducsulprcom/virtualenv/DUCSU_LPR/3.7/lib/python3.7/site-packages/django/db/backends/sqlite3/base.py", line 303, in execute
    return Database.Cursor.execute(self, query, params)
django.db.utils.OperationalError: no such table: articles_article
Internal Server Error: /
Traceback (most recent call last):
  File "/home/ducsulprcom/virtualenv/DUCSU_LPR/3.7/lib/python3.7/site-packages/django/db/backends/utils.py", line 85, in _execute
    return self.cursor.execute(sql, params)
  File "/home/ducsulprcom/virtualenv/DUCSU_LPR/3.7/lib/python3.7/site-packages/django/db/backends/sqlite3/base.py", line 303, in execute
    return Database.Cursor.execute(self, query, params)
sqlite3.OperationalError: no such table: articles_article

The above exception was the direct cause of the following exception:

Traceback (most recent call last):
  File "/home/ducsulprcom/virtualenv/DUCSU_LPR/3.7/lib/python3.7/site-packages/django/core/handlers/exception.py", line 35, in inner
    response = get_response(request)
  File "/home/ducsulprcom/virtualenv/DUCSU_LPR/3.7/lib/python3.7/site-packages/django/core/handlers/base.py", line 128, in _get_response
    response = self.process_exception_by_middleware(e, request)
  File "/home/ducsulprcom/virtualenv/DUCSU_LPR/3.7/lib/python3.7/site-packages/django/core/handlers/base.py", line 126, in _get_response
    response = wrapped_callback(request, *callback_args, **callback_kwargs)
  File "/home/ducsulprcom/DUCSU_LPR/articles/views.py", line 10, in index
    return render(request, 'articles/index.html', context)
  File "/home/ducsulprcom/virtualenv/DUCSU_LPR/3.7/lib/python3.7/site-packages/django/shortcuts.py", line 36, in render
    content = loader.render_to_string(template_name, context, request, using=using)
  File "/home/ducsulprcom/virtualenv/DUCSU_LPR/3.7/lib/python3.7/site-packages/django/template/loader.py", line 62, in render_to_string
    return template.render(context, request)
  File "/home/ducsulprcom/virtualenv/DUCSU_LPR/3.7/lib/python3.7/site-packages/django/template/backends/django.py", line 61, in render
    return self.template.render(context)
  File "/home/ducsulprcom/virtualenv/DUCSU_LPR/3.7/lib/python3.7/site-packages/django/template/base.py", line 175, in render
    return self._render(context)
  File "/home/ducsulprcom/virtualenv/DUCSU_LPR/3.7/lib/python3.7/site-packages/django/template/base.py", line 167, in _render
    return self.nodelist.render(context)
  File "/home/ducsulprcom/virtualenv/DUCSU_LPR/3.7/lib/python3.7/site-packages/django/template/base.py", line 943, in render
    bit = node.render_annotated(context)
  File "/home/ducsulprcom/virtualenv/DUCSU_LPR/3.7/lib/python3.7/site-packages/django/template/base.py", line 910, in render_annotated
    return self.render(context)
  File "/home/ducsulprcom/virtualenv/DUCSU_LPR/3.7/lib/python3.7/site-packages/django/template/defaulttags.py", line 168, in render
    len_values = len(values)
  File "/home/ducsulprcom/virtualenv/DUCSU_LPR/3.7/lib/python3.7/site-packages/django/db/models/query.py", line 254, in __len__
    self._fetch_all()
  File "/home/ducsulprcom/virtualenv/DUCSU_LPR/3.7/lib/python3.7/site-packages/django/db/models/query.py", line 1179, in _fetch_all
    self._result_cache = list(self._iterable_class(self))
  File "/home/ducsulprcom/virtualenv/DUCSU_LPR/3.7/lib/python3.7/site-packages/django/db/models/query.py", line 54, in __iter__
    results = compiler.execute_sql(chunked_fetch=self.chunked_fetch, chunk_size=self.chunk_size)
  File "/home/ducsulprcom/virtualenv/DUCSU_LPR/3.7/lib/python3.7/site-packages/django/db/models/sql/compiler.py", line 1063, in execute_sql
    cursor.execute(sql, params)
  File "/home/ducsulprcom/virtualenv/DUCSU_LPR/3.7/lib/python3.7/site-packages/django/db/backends/utils.py", line 100, in execute
    return super().execute(sql, params)
  File "/home/ducsulprcom/virtualenv/DUCSU_LPR/3.7/lib/python3.7/site-packages/django/db/backends/utils.py", line 68, in execute
    return self._execute_with_wrappers(sql, params, many=False, executor=self._execute)
  File "/home/ducsulprcom/virtualenv/DUCSU_LPR/3.7/lib/python3.7/site-packages/django/db/backends/utils.py", line 77, in _execute_with_wrappers
    return executor(sql, params, many, context)
  File "/home/ducsulprcom/virtualenv/DUCSU_LPR/3.7/lib/python3.7/site-packages/django/db/backends/utils.py", line 85, in _execute
    return self.cursor.execute(sql, params)
  File "/home/ducsulprcom/virtualenv/DUCSU_LPR/3.7/lib/python3.7/site-packages/django/db/utils.py", line 89, in __exit__
    raise dj_exc_value.with_traceback(traceback) from exc_value
  File "/home/ducsulprcom/virtualenv/DUCSU_LPR/3.7/lib/python3.7/site-packages/django/db/backends/utils.py", line 85, in _execute
    return self.cursor.execute(sql, params)
  File "/home/ducsulprcom/virtualenv/DUCSU_LPR/3.7/lib/python3.7/site-packages/django/db/backends/sqlite3/base.py", line 303, in execute
    return Database.Cursor.execute(self, query, params)
django.db.utils.OperationalError: no such table: articles_article
Not Found: /assets/desktop.css
Not Found: /assets/phone.css
Not Found: /assets/tablet.css
Not Found: /assets/desktop.css
Not Found: /assets/phone.css
Not Found: /assets/tablet.css
Not Found: /assets/desktop.css
Not Found: /assets/phone.css
Not Found: /assets/tablet.css
Not Found: /assets/desktop.css
Not Found: /assets/phone.css
Not Found: /assets/tablet.css
Not Found: /favicon.ico
Not Found: /favicon.ico
Not Found: /favicon.ico
Not Found: /assets/desktop.css
Not Found: /assets/phone.css
Not Found: /assets/tablet.css
Not Found: /assets/phone.css
Not Found: /assets/tablet.css
Not Found: /assets/desktop.css
Not Found: /favicon.ico
Not Found: /assets/phone.css
Not Found: /assets/tablet.css
Not Found: /favicon.ico
Not Found: /assets/phone.css
Not Found: /assets/tablet.css
Not Found: /assets/desktop.css
Not Found: /favicon.ico
Not Found: /favicon.ico
Not Found: /favicon.ico
Not Found: /assets/desktop.css
Not Found: /assets/phone.css
Not Found: /assets/tablet.css
Not Found: /favicon.ico
Not Found: /assets/desktop.css
Not Found: /assets/phone.css
Not Found: /assets/tablet.css
Not Found: /assets/desktop.css
Not Found: /assets/phone.css
Not Found: /assets/tablet.css
Not Found: /assets/tablet.css
Not Found: /assets/phone.css
Not Found: /assets/desktop.css
Not Found: /favicon.ico
Not Found: /favicon.ico
Not Found: /assets/desktop.css
Not Found: /assets/phone.css
Not Found: /assets/tablet.css
Not Found: /assets/phone.css
Not Found: /assets/tablet.css
Not Found: /assets/desktop.css
Not Found: /favicon.ico
Not Found: /assets/phone.css
Not Found: /assets/tablet.css
Not Found: /assets/desktop.css
Not Found: /favicon.ico
Not Found: /assets/desktop.css
Not Found: /assets/phone.css
Not Found: /assets/tablet.css
Not Found: /favicon.ico
Not Found: /assets/phone.css
Not Found: /assets/tablet.css
Not Found: /assets/desktop.css
Not Found: /favicon.ico
Not Found: /favicon.ico
Not Found: /favicon.ico
Not Found: /favicon.ico
Not Found: /assets/tablet.css
Not Found: /assets/desktop.css
Not Found: /assets/phone.css
Not Found: /favicon.ico
Not Found: /assets/phone.css
Not Found: /assets/tablet.css
Not Found: /assets/desktop.css
Not Found: /favicon.ico
Not Found: /assets/phone.css
Not Found: /assets/tablet.css
Not Found: /assets/desktop.css
Not Found: /assets/phone.css
Not Found: /assets/desktop.css
Not Found: /assets/tablet.css
Not Found: /favicon.ico
Not Found: /favicon.ico
Not Found: /favicon.ico
Not Found: /favicon.ico
Not Found: /favicon.ico
Not Found: /favicon.ico
Not Found: /favicon.ico
Not Found: /robots.txt
Not Found: /favicon.ico
Not Found: /favicon.ico
Not Found: /favicon.ico
Not Found: /favicon.ico
Not Found: /assets/phone.css
Not Found: /assets/tablet.css
Not Found: /assets/desktop.css
Not Found: /favicon.ico
Not Found: /favicon.ico
Not Found: /favicon.ico
Not Found: /favicon.ico
Not Found: /favicon.ico
Not Found: /assets/desktop.css
Not Found: /assets/phone.css
Not Found: /assets/tablet.css
Not Found: /favicon.ico
Not Found: /favicon.ico
Not Found: /favicon.ico
Not Found: /favicon.ico
Not Found: /assets/phone.css
Not Found: /favicon.ico
Not Found: /assets/phone.css
Not Found: /favicon.ico
Not Found: /article/1/assets/phone.css
Not Found: /article/1/assets/tablet.css
Not Found: /article/1/assets/desktop.css
Not Found: /favicon.ico
Not Found: /favicon.ico
Not Found: /article/1/assets/desktop.css
Not Found: /article/1/assets/tablet.css
Not Found: /article/1/assets/phone.css
Not Found: /article/1/assets/phone.css
Not Found: /article/1/assets/desktop.css
Not Found: /article/1/assets/tablet.css
Not Found: /article/1/assets/phone.css
Not Found: /article/1/assets/tablet.css
Not Found: /article/1/assets/desktop.css
Not Found: /favicon.ico
Not Found: /favicon.ico
Not Found: /article/1/assets/phone.css
Not Found: /article/1/assets/tablet.css
Not Found: /article/1/assets/desktop.css
Not Found: /favicon.ico
Not Found: /favicon.ico
Not Found: /article/1/assets/desktop.css
Not Found: /article/1/assets/phone.css
Not Found: /article/1/assets/tablet.css
Not Found: /article/1/assets/phone.css
Not Found: /article/1/assets/tablet.css
Not Found: /article/1/assets/desktop.css
Not Found: /favicon.ico
Not Found: /favicon.ico
Not Found: /article/1/assets/phone.css
Not Found: /article/1/assets/tablet.css
Not Found: /article/1/assets/desktop.css
Not Found: /favicon.ico
Not Found: /article/1/assets/phone.css
Not Found: /article/1/assets/tablet.css
Not Found: /article/1/assets/desktop.css
Not Found: /favicon.ico
Not Found: /article/1/assets/phone.css
Not Found: /article/1/assets/tablet.css
Not Found: /article/1/assets/desktop.css
Not Found: /favicon.ico
Not Found: /favicon.ico
Not Found: /article/1/assets/phone.css
Not Found: /article/1/assets/tablet.css
Not Found: /article/1/assets/desktop.css
Not Found: /favicon.ico
Not Found: /favicon.ico
Not Found: /article/1/assets/phone.css
Not Found: /article/1/assets/tablet.css
Not Found: /article/1/assets/desktop.css
Not Found: /favicon.ico
Not Found: /article/1/assets/desktop.css
Not Found: /article/1/assets/phone.css
Not Found: /article/1/assets/tablet.css
Not Found: /article/1/assets/phone.css
Not Found: /article/1/assets/tablet.css
Not Found: /article/1/assets/desktop.css
Not Found: /favicon.ico
Not Found: /favicon.ico
Not Found: /article/1/assets/desktop.css
Not Found: /article/1/assets/phone.css
Not Found: /article/1/assets/tablet.css
Not Found: /favicon.ico
Not Found: /article/1/assets/desktop.css
Not Found: /article/1/assets/phone.css
Not Found: /article/1/assets/tablet.css
Not Found: /article/1/assets/phone.css
Not Found: /article/1/assets/tablet.css
Not Found: /article/1/assets/desktop.css
Not Found: /favicon.ico
Not Found: /tag/1/assets/desktop.css
Not Found: /tag/1/assets/phone.css
Not Found: /tag/1/assets/tablet.css
Not Found: /article/1/assets/phone.css
Not Found: /article/1/assets/tablet.css
Not Found: /article/1/assets/desktop.css
Not Found: /favicon.ico
Not Found: /robots.txt
Not Found: /favicon.ico
Not Found: /article/1/assets/phone.css
Not Found: /article/1/assets/tablet.css
Not Found: /article/1/assets/desktop.css
Not Found: /assets/tablet.css
Not Found: /assets/phone.css
Not Found: /assets/desktop.css
Not Found: /article/1/assets/phone.css
Not Found: /article/1/assets/tablet.css
Not Found: /favicon.ico
Not Found: /article/1/assets/phone.css
Not Found: /article/1/assets/tablet.css
Not Found: /article/1/assets/desktop.css
Not Found: /favicon.ico
Not Found: /favicon.ico
Not Found: /assets/phone.css
Not Found: /assets/tablet.css
Not Found: /assets/desktop.css
Not Found: /type/blog/assets/phone.css
Not Found: /type/blog/assets/tablet.css
Not Found: /type/blog/assets/desktop.css
Not Found: /type/publiclecture/assets/phone.css
Not Found: /type/publiclecture/assets/tablet.css
Not Found: /type/publiclecture/assets/desktop.css
Not Found: /assets/phone.css
Not Found: /assets/tablet.css
Not Found: /assets/desktop.css
Not Found: /assets/phone.css
Not Found: /assets/desktop.css
Not Found: /assets/tablet.css
Not Found: /article/1/assets/phone.css
Not Found: /article/1/assets/tablet.css
Not Found: /article/1/assets/desktop.css
Not Found: /favicon.ico
Not Found: /favicon.ico
Not Found: /article/1/assets/phone.css
Not Found: /article/1/assets/tablet.css
Not Found: /article/1/assets/desktop.css
Not Found: /favicon.ico
Not Found: /article/1/assets/phone.css
Not Found: /article/1/assets/tablet.css
Not Found: /article/1/assets/desktop.css
Not Found: /favicon.ico
Not Found: /favicon.ico
Not Found: /article/1/assets/desktop.css
Not Found: /article/1/assets/tablet.css
Not Found: /article/1/assets/phone.css
Not Found: /article/1/assets/desktop.css
Not Found: /article/1/assets/phone.css
Not Found: /article/1/assets/tablet.css
Not Found: /favicon.ico
Not Found: /article/1/assets/desktop.css
Not Found: /article/1/assets/phone.css
Not Found: /article/1/assets/tablet.css
Not Found: /assets/desktop.css
Not Found: /assets/phone.css
Not Found: /assets/tablet.css
Not Found: /type/journal/assets/desktop.css
Not Found: /type/journal/assets/phone.css
Not Found: /type/journal/assets/tablet.css
Not Found: /article/1/assets/phone.css
Not Found: /article/1/assets/tablet.css
Not Found: /article/1/assets/desktop.css
Not Found: /favicon.ico
Not Found: /favicon.ico
Not Found: /type/bookreview/assets/desktop.css
Not Found: /type/bookreview/assets/tablet.css
Not Found: /type/bookreview/assets/phone.css
Not Found: /type/journal/assets/phone.css
Not Found: /type/journal/assets/tablet.css
Not Found: /type/journal/assets/desktop.css
Not Found: /type/publiclecture/assets/phone.css
Not Found: /type/publiclecture/assets/tablet.css
Not Found: /type/publiclecture/assets/desktop.css
Not Found: /article/1/assets/phone.css
Not Found: /article/1/assets/tablet.css
Not Found: /article/1/assets/desktop.css
Not Found: /article/1/assets/phone.css
Not Found: /article/1/assets/tablet.css
Not Found: /article/1/assets/desktop.css
Not Found: /favicon.ico
Not Found: /favicon.ico
Not Found: /assets/desktop.css
Not Found: /assets/phone.css
Not Found: /assets/tablet.css
Not Found: /favicon.ico
Not Found: /assets/phone.css
Not Found: /assets/tablet.css
Not Found: /assets/desktop.css
Not Found: /favicon.ico
Not Found: /article/1/assets/desktop.css
Not Found: /article/1/assets/tablet.css
Not Found: /article/1/assets/phone.css
Not Found: /article/1/assets/desktop.css
Not Found: /article/1/assets/phone.css
Not Found: /article/1/assets/tablet.css
Not Found: /favicon.ico
Not Found: /article/1/assets/phone.css
Not Found: /article/1/assets/tablet.css
Not Found: /article/1/assets/desktop.css
Not Found: /article/1/assets/phone.css
Not Found: /article/1/assets/desktop.css
Not Found: /article/1/assets/tablet.css
Not Found: /favicon.ico
Not Found: /favicon.ico
Not Found: /article/1/assets/phone.css
Not Found: /article/1/assets/tablet.css
Not Found: /article/1/assets/desktop.css
Not Found: /favicon.ico
Not Found: /favicon.ico
Not Found: /favicon.ico
Not Found: /article/1/assets/phone.css
Not Found: /article/1/assets/tablet.css
Not Found: /article/1/assets/desktop.css
Not Found: /favicon.ico
Not Found: /assets/phone.css
Not Found: /assets/tablet.css
Not Found: /assets/desktop.css
Not Found: /article/1/assets/desktop.css
Not Found: /article/1/assets/phone.css
Not Found: /article/1/assets/tablet.css
Not Found: /favicon.ico
Not Found: /article/1/assets/phone.css
Not Found: /article/1/assets/tablet.css
Not Found: /article/1/assets/desktop.css
Not Found: /favicon.ico
Not Found: /article/1/assets/desktop.css
Not Found: /article/1/assets/phone.css
Not Found: /article/1/assets/tablet.css
Not Found: /favicon.ico
Not Found: /assets/desktop.css
Not Found: /assets/phone.css
Not Found: /assets/tablet.css
Not Found: /type/journal/assets/desktop.css
Not Found: /type/journal/assets/phone.css
Not Found: /type/journal/assets/tablet.css
Not Found: /type/blog/assets/desktop.css
Not Found: /type/blog/assets/phone.css
Not Found: /type/blog/assets/tablet.css
Not Found: /type/publiclecture/assets/desktop.css
Not Found: /type/publiclecture/assets/phone.css
Not Found: /type/publiclecture/assets/tablet.css
Not Found: /article/1/assets/desktop.css
Not Found: /article/1/assets/phone.css
Not Found: /article/1/assets/tablet.css
Not Found: /type/blog/assets/desktop.css
Not Found: /type/blog/assets/phone.css
Not Found: /type/blog/assets/tablet.css
Not Found: /type/blog/assets/desktop.css
Not Found: /type/blog/assets/phone.css
Not Found: /type/blog/assets/desktop.css
Not Found: /type/blog/assets/tablet.css
Not Found: /article/1/assets/desktop.css
Not Found: /article/1/assets/phone.css
Not Found: /article/1/assets/tablet.css
Not Found: /favicon.ico
Not Found: /type/journal/assets/desktop.css
Not Found: /type/journal/assets/phone.css
Not Found: /type/journal/assets/tablet.css
Not Found: /article/1/assets/desktop.css
Not Found: /article/1/assets/phone.css
Not Found: /article/1/assets/tablet.css
Not Found: /article/1/assets/phone.css
Not Found: /article/1/assets/tablet.css
Not Found: /article/1/assets/desktop.css
Not Found: /favicon.ico
Not Found: /favicon.ico
Not Found: /article/1/assets/desktop.css
Not Found: /article/1/assets/phone.css
Not Found: /article/1/assets/tablet.css
Not Found: /article/1/assets/phone.css
Not Found: /article/1/assets/tablet.css
Not Found: /article/1/assets/desktop.css
Not Found: /favicon.ico
Not Found: /favicon.ico
Not Found: /article/1/assets/phone.css
Not Found: /article/1/assets/tablet.css
Not Found: /article/1/assets/desktop.css
Not Found: /favicon.ico
Not Found: /assets/phone.css
Not Found: /assets/tablet.css
Not Found: /assets/desktop.css
Not Found: /favicon.ico
Not Found: /type/blog/assets/phone.css
Not Found: /type/blog/assets/tablet.css
Not Found: /type/blog/assets/desktop.css
Not Found: /article/1/assets/phone.css
Not Found: /article/1/assets/tablet.css
Not Found: /article/1/assets/desktop.css
Not Found: /favicon.ico
Not Found: /favicon.ico
Not Found: /article/1/assets/phone.css
Not Found: /article/1/assets/tablet.css
Not Found: /article/1/assets/desktop.css
Not Found: /favicon.ico
Not Found: /favicon.ico
Not Found: /assets/phone.css
Not Found: /assets/desktop.css
Not Found: /assets/tablet.css
Not Found: /article/1/assets/phone.css
Not Found: /article/1/assets/tablet.css
Not Found: /article/1/assets/desktop.css
Not Found: /article/1/assets/phone.css
Not Found: /article/1/assets/tablet.css
Not Found: /article/1/assets/desktop.css
Not Found: /favicon.ico
Not Found: /type/blog/assets/phone.css
Not Found: /type/blog/assets/tablet.css
Not Found: /type/blog/assets/desktop.css
Not Found: /type/publiclecture/assets/phone.css
Not Found: /type/publiclecture/assets/tablet.css
Not Found: /type/publiclecture/assets/desktop.css
Not Found: /assets/desktop.css
Not Found: /assets/phone.css
Not Found: /assets/tablet.css
Not Found: /article/1/assets/desktop.css
Not Found: /article/1/assets/desktop.css
Not Found: /article/1/assets/tablet.css
Not Found: /article/1/assets/phone.css
Not Found: /article/1/assets/phone.css
Not Found: /article/1/assets/tablet.css
Not Found: /article/1/assets/desktop.css
Not Found: /favicon.ico
Not Found: /type/publiclecture/assets/phone.css
Not Found: /type/publiclecture/assets/tablet.css
Not Found: /type/publiclecture/assets/desktop.css
Not Found: /assets/phone.css
Not Found: /assets/tablet.css
Not Found: /assets/desktop.css
Not Found: /type/journal/assets/phone.css
Not Found: /type/journal/assets/tablet.css
Not Found: /type/journal/assets/desktop.css
Not Found: /article/1/assets/phone.css
Not Found: /favicon.ico
Not Found: /article/1/assets/phone.css
Not Found: /article/1/assets/tablet.css
Not Found: /article/1/assets/desktop.css
Not Found: /favicon.ico
Not Found: /favicon.ico
Not Found: /article/1/assets/phone.css
Not Found: /article/1/assets/tablet.css
Not Found: /article/1/assets/desktop.css
Not Found: /article/1/assets/phone.css
Not Found: /article/1/assets/tablet.css
Not Found: /article/1/assets/desktop.css
Not Found: /favicon.ico
Not Found: /favicon.ico
Not Found: /article/1/assets/phone.css
Not Found: /article/1/assets/tablet.css
Not Found: /article/1/assets/desktop.css
Not Found: /favicon.ico
Not Found: /article/1/assets/tablet.css
Not Found: /article/1/assets/phone.css
Not Found: /article/1/assets/desktop.css
Not Found: /favicon.ico
Not Found: /favicon.ico
Not Found: /type/bookreview/assets/phone.css
Not Found: /type/bookreview/assets/tablet.css
Not Found: /type/bookreview/assets/desktop.css
Not Found: /type/journal/assets/phone.css
Not Found: /type/journal/assets/tablet.css
Not Found: /type/journal/assets/desktop.css
Not Found: /assets/phone.css
Not Found: /assets/tablet.css
Not Found: /assets/desktop.css
Not Found: /assets/phone.css
Not Found: /assets/tablet.css
Not Found: /assets/desktop.css
Not Found: /favicon.ico
Not Found: /article/1/assets/phone.css
Not Found: /article/1/assets/tablet.css
Not Found: /article/1/assets/desktop.css
Not Found: /article/1/assets/desktop.css
Not Found: /article/1/assets/phone.css
Not Found: /article/1/assets/tablet.css
Not Found: /article/1/assets/desktop.css
Not Found: /favicon.ico
Not Found: /article/1/assets/desktop.css
Not Found: /article/1/assets/tablet.css
Not Found: /article/1/assets/phone.css
Not Found: /article/1/assets/desktop.css
Not Found: /article/1/assets/tablet.css
Not Found: /article/1/assets/phone.css
Not Found: /article/1/assets/phone.css
Not Found: /article/1/assets/tablet.css
Not Found: /article/1/assets/desktop.css
Not Found: /favicon.ico
Not Found: /article/1/assets/phone.css
Not Found: /favicon.ico
Not Found: /article/1/assets/phone.css
Not Found: /article/1/assets/tablet.css
Not Found: /article/1/assets/desktop.css
Not Found: /favicon.ico
Not Found: /favicon.ico
Not Found: /article/1/assets/desktop.css
Not Found: /article/1/assets/phone.css
Not Found: /article/1/assets/tablet.css
Not Found: /article/1/assets/phone.css
Not Found: /article/1/assets/tablet.css
Not Found: /article/1/assets/desktop.css
Not Found: /assets/desktop.css
Not Found: /assets/phone.css
Not Found: /assets/tablet.css
Not Found: /favicon.ico
Not Found: /type/blog/assets/desktop.css
Not Found: /type/blog/assets/tablet.css
Not Found: /type/blog/assets/phone.css
Not Found: /article/1/assets/desktop.css
Not Found: /article/1/assets/phone.css
Not Found: /article/1/assets/tablet.css
Not Found: /article/1/assets/phone.css
Not Found: /article/1/assets/tablet.css
Not Found: /article/1/assets/desktop.css
Not Found: /favicon.ico
Not Found: /article/1/assets/phone.css
Not Found: /article/1/assets/desktop.css
Not Found: /article/1/assets/tablet.css
Not Found: /article/1/assets/desktop.css
Not Found: /article/1/assets/tablet.css
Not Found: /article/1/assets/desktop.css
Not Found: /article/1/assets/tablet.css
Not Found: /article/1/assets/phone.css
Not Found: /article/1/assets/phone.css
Not Found: /article/1/assets/phone.css
Not Found: /favicon.ico
Not Found: /article/1/assets/phone.css
Not Found: /article/1/assets/tablet.css
Not Found: /article/1/assets/desktop.css
Not Found: /favicon.ico
Not Found: /favicon.ico
Not Found: /type/bookreview/assets/phone.css
Not Found: /type/bookreview/assets/desktop.css
Not Found: /type/bookreview/assets/tablet.css
Not Found: /article/1/assets/phone.css
Not Found: /article/1/assets/tablet.css
Not Found: /article/1/assets/desktop.css
Not Found: /favicon.ico
Not Found: /favicon.ico
Not Found: /article/1/assets/phone.css
Not Found: /article/1/assets/tablet.css
Not Found: /article/1/assets/desktop.css
Not Found: /favicon.ico
Not Found: /favicon.ico
Not Found: /article/1/assets/phone.css
Not Found: /article/1/assets/tablet.css
Not Found: /article/1/assets/desktop.css
Not Found: /favicon.ico
Not Found: /favicon.ico
Not Found: /article/1/assets/desktop.css
Not Found: /article/1/assets/phone.css
Not Found: /article/1/assets/tablet.css
Not Found: /favicon.ico
Not Found: /robots.txt
OSError: LSAPI: Socket read/write error
Not Found: /article/1/assets/phone.css
Not Found: /article/1/assets/tablet.css
Not Found: /article/1/assets/desktop.css
Not Found: /favicon.ico
Not Found: /article/1/assets/phone.css
Not Found: /article/1/assets/tablet.css
Not Found: /article/1/assets/desktop.css
Not Found: /article/1/assets/phone.css
Not Found: /article/1/assets/phone.css
Not Found: /article/1/assets/tablet.css
Not Found: /article/1/assets/tablet.css
Not Found: /article/1/assets/desktop.css
Not Found: /article/1/assets/desktop.css
Not Found: /favicon.ico
Not Found: /favicon.ico
Not Found: /favicon.ico
Not Found: /favicon.ico
Not Found: /assets/phone.css
Not Found: /assets/tablet.css
Not Found: /assets/desktop.css
Not Found: /favicon.ico
Not Found: /article/1/assets/phone.css
Not Found: /article/1/assets/tablet.css
Not Found: /article/1/assets/desktop.css
Not Found: /favicon.ico
Not Found: /article/1/assets/phone.css
Not Found: /article/1/assets/tablet.css
Not Found: /article/1/assets/desktop.css
Not Found: /favicon.ico
Not Found: /article/1/assets/phone.css
Not Found: /article/1/assets/phone.css
Not Found: /article/1/assets/desktop.css
Not Found: /article/1/assets/tablet.css
Not Found: /article/1/assets/phone.css
Not Found: /article/1/assets/desktop.css
Not Found: /favicon.ico
Not Found: /article/1/assets/phone.css
Not Found: /article/1/assets/desktop.css
Not Found: /favicon.ico
Not Found: /article/1/assets/tablet.css
Not Found: /article/1/assets/desktop.css
Not Found: /article/1/assets/phone.css
Not Found: /article/1/assets/tablet.css
Not Found: /favicon.ico
Not Found: /article/1/assets/tablet.css
Not Found: /article/1/assets/phone.css
Not Found: /article/1/assets/tablet.css
Not Found: /article/1/assets/desktop.css
Not Found: /favicon.ico
Not Found: /assets/phone.css
Not Found: /assets/tablet.css
Not Found: /assets/desktop.css
Not Found: /favicon.ico
Not Found: /article/1/assets/phone.css
Not Found: /article/1/assets/tablet.css
Not Found: /article/1/assets/desktop.css
Not Found: /favicon.ico
Not Found: /article/1/assets/phone.css
Not Found: /article/1/assets/tablet.css
Not Found: /article/1/assets/desktop.css
Not Found: /favicon.ico
Not Found: /article/1/assets/phone.css
Not Found: /article/1/assets/tablet.css
Not Found: /article/1/assets/desktop.css
Not Found: /article/1/assets/phone.css
Not Found: /article/1/assets/desktop.css
Not Found: /article/1/assets/tablet.css
Not Found: /article/1/assets/phone.css
Not Found: /article/1/assets/tablet.css
Not Found: /article/1/assets/desktop.css
Not Found: /favicon.ico
Not Found: /type/publiclecture/assets/phone.css
Not Found: /type/publiclecture/assets/tablet.css
Not Found: /type/publiclecture/assets/desktop.css
Not Found: /type/journal/assets/phone.css
Not Found: /type/journal/assets/desktop.css
Not Found: /type/journal/assets/tablet.css
Not Found: /type/blog/assets/phone.css
Not Found: /type/blog/assets/tablet.css
Not Found: /type/blog/assets/desktop.css
Not Found: /article/1/assets/phone.css
Not Found: /article/1/assets/tablet.css
Not Found: /article/1/assets/desktop.css
Not Found: /article/1/assets/desktop.css
Not Found: /article/1/assets/phone.css
Not Found: /article/1/assets/tablet.css
Not Found: /favicon.ico
Not Found: /article/1/assets/phone.css
Not Found: /article/1/assets/tablet.css
Not Found: /article/1/assets/desktop.css
Not Found: /favicon.ico
Not Found: /apple-touch-icon.png
Not Found: /article/1/assets/phone.css
Not Found: /article/1/assets/desktop.css
Not Found: /article/1/assets/tablet.css
Not Found: /favicon.ico
Not Found: /assets/phone.css
Not Found: /assets/desktop.css
Not Found: /assets/tablet.css
Not Found: /favicon.ico
Not Found: /type/publiclecture/assets/desktop.css
Not Found: /type/publiclecture/assets/tablet.css
Not Found: /type/publiclecture/assets/phone.css
Not Found: /assets/desktop.css
Not Found: /assets/phone.css
Not Found: /assets/tablet.css
Not Found: /article/1/assets/desktop.css
OSError: LSAPI: Socket read/write error
Not Found: /article/1/assets/phone.css
Not Found: /article/1/assets/tablet.css
Not Found: /assets/phone.css
Not Found: /assets/desktop.css
Not Found: /assets/tablet.css
Not Found: /favicon.ico
Not Found: /favicon.ico
Not Found: /article/1/assets/phone.css
Not Found: /article/1/assets/tablet.css
Not Found: /article/1/assets/desktop.css
Not Found: /favicon.ico
Not Found: /article/1/assets/desktop.css
Not Found: /article/1/assets/phone.css
Not Found: /article/1/assets/tablet.css
Not Found: /favicon.ico
Not Found: /assets/phone.css
Not Found: /assets/desktop.css
Not Found: /assets/tablet.css
Not Found: /article/1/assets/phone.css
Not Found: /article/1/assets/tablet.css
Not Found: /article/1/assets/desktop.css
Not Found: /favicon.ico
Not Found: /article/1/assets/phone.css
Not Found: /article/1/assets/desktop.css
Not Found: /article/1/assets/tablet.css
Not Found: /article/1/assets/desktop.css
Not Found: /article/1/assets/phone.css
Not Found: /article/1/assets/tablet.css
Not Found: /favicon.ico
Not Found: /favicon.ico
Not Found: /favicon.ico
Not Found: /article/1/assets/tablet.css
Not Found: /article/1/assets/phone.css
Not Found: /article/1/assets/desktop.css
Not Found: /favicon.ico
Not Found: /robots.txt
Not Found: /article/1/assets/desktop.css
Not Found: /article/1/assets/phone.css
Not Found: /article/1/assets/tablet.css
Not Found: /favicon.ico
Not Found: /assets/tablet.css
Not Found: /assets/phone.css
Not Found: /assets/desktop.css
Not Found: /favicon.ico
Not Found: /favicon.ico
Not Found: /assets/phone.css
Not Found: /assets/tablet.css
Not Found: /assets/desktop.css
Not Found: /assets/phone.css
Not Found: /assets/phone.css
Not Found: /assets/tablet.css
OSError: LSAPI: Socket read/write error
Not Found: /assets/desktop.css
Not Found: /favicon.ico
OSError: LSAPI: Socket read/write error
OSError: LSAPI: Socket read/write error
Not Found: /type/publiclecture/assets/desktop.css
Not Found: /type/publiclecture/assets/phone.css
Not Found: /type/publiclecture/assets/tablet.css
Not Found: /favicon.ico
Not Found: /robots.txt
Not Found: /favicon.ico
OSError: LSAPI: Socket read/write error
OSError: LSAPI: Socket read/write error
Not Found: /favicon.ico
Not Found: /favicon.ico
2019-11-30 21:32:26.064880 [20427] Child process with pid: 20732 was killed by signal: 15, core dump: 0
Not Found: /article/1/assets/phone.css
Not Found: /article/1/assets/tablet.css
Not Found: /article/1/assets/desktop.css
Not Found: /assets/tablet.css
Not Found: /assets/phone.css
Not Found: /assets/desktop.css
Not Found: /favicon.ico
Not Found: /favicon.ico
Not Found: /favicon.ico
Not Found: /favicon.ico
Not Found: /robots.txt
Not Found: /article/1/assets/phone.css
Not Found: /article/1/assets/desktop.css
Not Found: /article/1/assets/tablet.css
Not Found: /favicon.ico
Not Found: /assets/tablet.css
Not Found: /assets/phone.css
Not Found: /assets/desktop.css
Not Found: /type/bookreview/assets/phone.css
Not Found: /type/bookreview/assets/tablet.css
Not Found: /type/bookreview/assets/desktop.css
Not Found: /assets/desktop.css
Not Found: /article/1/assets/phone.css
Not Found: /favicon.ico
Not Found: /type/journal/assets/desktop.css
Not Found: /type/journal/assets/phone.css
Not Found: /type/journal/assets/tablet.css
Not Found: /type/blog/assets/desktop.css
Not Found: /type/blog/assets/phone.css
Not Found: /type/blog/assets/tablet.css
Not Found: /article/1/assets/desktop.css
Not Found: /article/1/assets/phone.css
Not Found: /article/1/assets/tablet.css
Not Found: /assets/tablet.css
Not Found: /assets/desktop.css
Not Found: /assets/phone.css
Not Found: /favicon.ico
Not Found: /favicon.ico
Not Found: /favicon.ico
Not Found: /assets/phone.css
Not Found: /assets/tablet.css
Not Found: /assets/desktop.css
Not Found: /favicon.ico
Not Found: /favicon.ico
2019-12-02 01:28:26.036663 [31562] Child process with pid: 31764 was killed by signal: 15, core dump: 0
Not Found: /article/1/assets/desktop.css
Not Found: /article/1/assets/phone.css
Not Found: /article/1/assets/tablet.css
Not Found: /favicon.ico
Not Found: /type/journal/assets/desktop.css
Not Found: /type/journal/assets/phone.css
Not Found: /type/journal/assets/tablet.css
Not Found: /assets/desktop.css
Not Found: /assets/phone.css
Not Found: /assets/tablet.css
Not Found: /article/1/assets/phone.css
Not Found: /article/1/assets/desktop.css
Not Found: /article/1/assets/tablet.css
Not Found: /article/1/assets/desktop.css
Not Found: /article/1/assets/tablet.css
Not Found: /article/1/assets/phone.css
Not Found: /favicon.ico
Not Found: /assets/desktop.css
Not Found: /assets/phone.css
Not Found: /assets/tablet.css
Not Found: /type/journal/assets/phone.css
Not Found: /type/journal/assets/desktop.css
Not Found: /type/journal/assets/tablet.css
Not Found: /type/blog/assets/phone.css
Not Found: /type/blog/assets/desktop.css
Not Found: /type/blog/assets/tablet.css
Not Found: /type/bookreview/assets/desktop.css
Not Found: /type/bookreview/assets/phone.css
Not Found: /type/bookreview/assets/tablet.css
Not Found: /article/1/assets/phone.css
Not Found: /article/1/assets/tablet.css
Not Found: /article/1/assets/desktop.css
Not Found: /favicon.ico
Not Found: /favicon.ico
Not Found: /article/1/assets/phone.css
Not Found: /article/1/assets/tablet.css
Not Found: /article/1/assets/desktop.css
Not Found: /favicon.ico
Not Found: /article/1/assets/phone.css
Not Found: /article/1/assets/tablet.css
Not Found: /article/1/assets/desktop.css
Not Found: /favicon.ico
Not Found: /favicon.ico
Not Found: /favicon.ico
Not Found: /favicon.ico
Not Found: /assets/desktop.css
Not Found: /assets/phone.css
Not Found: /assets/tablet.css
Not Found: /favicon.ico
Not Found: /type/blog/assets/desktop.css
Not Found: /type/blog/assets/phone.css
Not Found: /type/blog/assets/tablet.css
Not Found: /article/1/assets/desktop.css
Not Found: /article/1/assets/phone.css
Not Found: /article/1/assets/tablet.css
OSError: LSAPI: Socket read/write error
Not Found: /favicon.ico
Not Found: /favicon.ico
Not Found: /favicon.ico
Not Found: /article/1/assets/phone.css
Not Found: /article/1/assets/tablet.css
Not Found: /article/1/assets/desktop.css
Not Found: /favicon.ico
Not Found: /favicon.ico
2019-12-03 18:29:18.620283 [2030] Reached max children process limit: 6, extra: 2, current: 8, busy: 8, please increase LSAPI_CHILDREN.
2019-12-03 18:29:18.721598 [2030] Reached max children process limit: 6, extra: 2, current: 8, busy: 8, please increase LSAPI_CHILDREN.
2019-12-03 18:29:18.822715 [2030] Reached max children process limit: 6, extra: 2, current: 8, busy: 8, please increase LSAPI_CHILDREN.
2019-12-03 18:29:18.923946 [2030] Reached max children process limit: 6, extra: 2, current: 8, busy: 8, please increase LSAPI_CHILDREN.
2019-12-03 18:29:19.027835 [2030] Reached max children process limit: 6, extra: 2, current: 8, busy: 8, please increase LSAPI_CHILDREN.
2019-12-03 18:29:19.129063 [2030] Reached max children process limit: 6, extra: 2, current: 8, busy: 8, please increase LSAPI_CHILDREN.
2019-12-03 18:29:19.230230 [2030] Reached max children process limit: 6, extra: 2, current: 8, busy: 8, please increase LSAPI_CHILDREN.
2019-12-03 18:29:19.331327 [2030] Reached max children process limit: 6, extra: 2, current: 8, busy: 8, please increase LSAPI_CHILDREN.
2019-12-03 18:29:19.432476 [2030] Reached max children process limit: 6, extra: 2, current: 8, busy: 8, please increase LSAPI_CHILDREN.
2019-12-03 18:29:19.533567 [2030] Reached max children process limit: 6, extra: 2, current: 8, busy: 8, please increase LSAPI_CHILDREN.
2019-12-03 18:29:19.634613 [2030] Reached max children process limit: 6, extra: 2, current: 8, busy: 8, please increase LSAPI_CHILDREN.
2019-12-03 18:29:19.735701 [2030] Reached max children process limit: 6, extra: 2, current: 8, busy: 8, please increase LSAPI_CHILDREN.
2019-12-03 18:29:19.836745 [2030] Reached max children process limit: 6, extra: 2, current: 8, busy: 8, please increase LSAPI_CHILDREN.
2019-12-03 18:29:19.937553 [2030] Reached max children process limit: 6, extra: 2, current: 8, busy: 8, please increase LSAPI_CHILDREN.
2019-12-03 18:29:20.037804 [2030] Reached max children process limit: 6, extra: 2, current: 8, busy: 8, please increase LSAPI_CHILDREN.
2019-12-03 18:29:20.138837 [2030] Reached max children process limit: 6, extra: 2, current: 8, busy: 8, please increase LSAPI_CHILDREN.
OSError: LSAPI: Socket read/write error
Not Found: /article/1/assets/desktop.css
Not Found: /article/1/assets/phone.css
Not Found: /article/1/assets/tablet.css
Not Found: /favicon.ico
Not Found: /favicon.ico
Not Found: /robots.txt
Not Found: /favicon.ico
Not Found: /favicon.ico
Not Found: /assets/desktop.css
Not Found: /assets/phone.css
Not Found: /assets/tablet.css
Not Found: /favicon.ico
Not Found: /type/publiclecture/assets/desktop.css
Not Found: /type/publiclecture/assets/tablet.css
Not Found: /type/publiclecture/assets/phone.css
Not Found: /type/publiclecture/assets/desktop.css
Not Found: /type/publiclecture/assets/phone.css
Not Found: /type/publiclecture/assets/tablet.css
Not Found: /type/bookreview/assets/desktop.css
Not Found: /type/bookreview/assets/phone.css
Not Found: /type/bookreview/assets/tablet.css
Not Found: /type/blog/assets/desktop.css
Not Found: /type/blog/assets/phone.css
Not Found: /type/blog/assets/tablet.css
Not Found: /article/1/assets/desktop.css
Not Found: /article/1/assets/phone.css
Not Found: /article/1/assets/tablet.css
Not Found: /assets/desktop.css
Not Found: /assets/phone.css
Not Found: /assets/tablet.css
Not Found: /type/publiclecture/assets/desktop.css
Not Found: /type/publiclecture/assets/phone.css
Not Found: /type/publiclecture/assets/tablet.css
Not Found: /assets/desktop.css
Not Found: /assets/phone.css
Not Found: /assets/tablet.css
Not Found: /article/1/assets/desktop.css
Not Found: /article/1/assets/phone.css
Not Found: /article/1/assets/tablet.css
Not Found: /type/bookreview/assets/desktop.css
Not Found: /type/bookreview/assets/phone.css
Not Found: /type/bookreview/assets/tablet.css
Not Found: /assets/desktop.css
Not Found: /assets/phone.css
Not Found: /assets/tablet.css
Not Found: /article/1/assets/desktop.css
Not Found: /article/1/assets/phone.css
Not Found: /article/1/assets/tablet.css
Not Found: /type/journal/assets/desktop.css
Not Found: /type/journal/assets/tablet.css
Not Found: /type/journal/assets/phone.css
Not Found: /assets/desktop.css
Not Found: /assets/phone.css
Not Found: /assets/tablet.css
Not Found: /type/publiclecture/assets/desktop.css
Not Found: /type/publiclecture/assets/phone.css
Not Found: /type/publiclecture/assets/tablet.css
Not Found: /type/bookreview/assets/desktop.css
Not Found: /type/bookreview/assets/tablet.css
Not Found: /type/bookreview/assets/phone.css
Not Found: /type/blog/assets/desktop.css
Not Found: /type/blog/assets/tablet.css
Not Found: /type/blog/assets/phone.css
Not Found: /assets/desktop.css
Not Found: /assets/tablet.css
Not Found: /assets/phone.css
Not Found: /favicon.ico
Not Found: /favicon.ico
Not Found: /assets/desktop.css
Not Found: /assets/phone.css
Not Found: /assets/tablet.css
Not Found: /favicon.ico
Not Found: /assets/desktop.css
Not Found: /assets/phone.css
Not Found: /assets/tablet.css
Not Found: /assets/desktop.css
Not Found: /assets/phone.css
Not Found: /assets/tablet.css
Not Found: /assets/desktop.css
Not Found: /assets/phone.css
Not Found: /assets/tablet.css
Not Found: /type/blog/assets/desktop.css
Not Found: /type/blog/assets/tablet.css
Not Found: /type/blog/assets/phone.css
Not Found: /type/bookreview/assets/desktop.css
Not Found: /type/bookreview/assets/tablet.css
Not Found: /type/bookreview/assets/phone.css
Internal Server Error: /type/DU%20Thinks/
Traceback (most recent call last):
  File "/home/ducsulprcom/virtualenv/DUCSU_LPR/3.7/lib/python3.7/site-packages/django/core/handlers/exception.py", line 35, in inner
    response = get_response(request)
  File "/home/ducsulprcom/virtualenv/DUCSU_LPR/3.7/lib/python3.7/site-packages/django/core/handlers/base.py", line 139, in _get_response
    "returned None instead." % (callback.__module__, view_name)
ValueError: The view articles.views.showList didn't return an HttpResponse object. It returned None instead.
Not Found: /type/bookreview/assets/desktop.css
Not Found: /type/bookreview/assets/phone.css
Not Found: /type/bookreview/assets/tablet.css
Not Found: /type/bookreview/assets/tablet.css
Not Found: /type/bookreview/assets/desktop.css
Not Found: /type/bookreview/assets/phone.css
Not Found: /type/journal/assets/desktop.css
Not Found: /type/journal/assets/phone.css
Not Found: /type/journal/assets/tablet.css
Not Found: /type/blog/assets/desktop.css
Not Found: /type/blog/assets/phone.css
Not Found: /type/blog/assets/tablet.css
Not Found: /type/bookreview/assets/phone.css
Not Found: /type/bookreview/assets/desktop.css
Not Found: /type/bookreview/assets/tablet.css
Internal Server Error: /type/DU%20Thinks/
Traceback (most recent call last):
  File "/home/ducsulprcom/virtualenv/DUCSU_LPR/3.7/lib/python3.7/site-packages/django/core/handlers/exception.py", line 35, in inner
    response = get_response(request)
  File "/home/ducsulprcom/virtualenv/DUCSU_LPR/3.7/lib/python3.7/site-packages/django/core/handlers/base.py", line 139, in _get_response
    "returned None instead." % (callback.__module__, view_name)
ValueError: The view articles.views.showList didn't return an HttpResponse object. It returned None instead.
Not Found: /assets/desktop.css
Not Found: /assets/phone.css
Not Found: /assets/tablet.css
Not Found: /assets/desktop.css
Not Found: /assets/tablet.css
Not Found: /assets/phone.css
Not Found: /assets/desktop.css
Not Found: /assets/tablet.css
Not Found: /assets/phone.css
Internal Server Error: /type/DU%20Thinks/
Traceback (most recent call last):
  File "/home/ducsulprcom/virtualenv/DUCSU_LPR/3.7/lib/python3.7/site-packages/django/core/handlers/exception.py", line 35, in inner
    response = get_response(request)
  File "/home/ducsulprcom/virtualenv/DUCSU_LPR/3.7/lib/python3.7/site-packages/django/core/handlers/base.py", line 139, in _get_response
    "returned None instead." % (callback.__module__, view_name)
ValueError: The view articles.views.showList didn't return an HttpResponse object. It returned None instead.
Not Found: /assets/desktop.css
Not Found: /assets/phone.css
Not Found: /assets/tablet.css
Internal Server Error: /type/DU%20Thinks/
Traceback (most recent call last):
  File "/home/ducsulprcom/virtualenv/DUCSU_LPR/3.7/lib/python3.7/site-packages/django/core/handlers/exception.py", line 35, in inner
    response = get_response(request)
  File "/home/ducsulprcom/virtualenv/DUCSU_LPR/3.7/lib/python3.7/site-packages/django/core/handlers/base.py", line 139, in _get_response
    "returned None instead." % (callback.__module__, view_name)
ValueError: The view articles.views.showList didn't return an HttpResponse object. It returned None instead.
Internal Server Error: /type/DU%20Thinks/
Traceback (most recent call last):
  File "/home/ducsulprcom/virtualenv/DUCSU_LPR/3.7/lib/python3.7/site-packages/django/core/handlers/exception.py", line 35, in inner
    response = get_response(request)
  File "/home/ducsulprcom/virtualenv/DUCSU_LPR/3.7/lib/python3.7/site-packages/django/core/handlers/base.py", line 139, in _get_response
    "returned None instead." % (callback.__module__, view_name)
ValueError: The view articles.views.showList didn't return an HttpResponse object. It returned None instead.
Internal Server Error: /type/DU%20Thinks/
Traceback (most recent call last):
  File "/home/ducsulprcom/virtualenv/DUCSU_LPR/3.7/lib/python3.7/site-packages/django/core/handlers/exception.py", line 35, in inner
    response = get_response(request)
  File "/home/ducsulprcom/virtualenv/DUCSU_LPR/3.7/lib/python3.7/site-packages/django/core/handlers/base.py", line 139, in _get_response
    "returned None instead." % (callback.__module__, view_name)
ValueError: The view articles.views.showList didn't return an HttpResponse object. It returned None instead.
Not Found: /type/bookreview/assets/desktop.css
Not Found: /type/bookreview/assets/phone.css
Not Found: /type/bookreview/assets/tablet.css
Not Found: /type/blog/assets/desktop.css
Not Found: /type/blog/assets/phone.css
Not Found: /type/blog/assets/tablet.css
Not Found: /assets/desktop.css
Not Found: /assets/phone.css
Not Found: /assets/tablet.css
Not Found: /assets/desktop.css
Not Found: /assets/phone.css
Not Found: /assets/tablet.css
Not Found: /assets/desktop.css
Not Found: /assets/tablet.css
Not Found: /assets/phone.css
Not Found: /assets/desktop.css
Not Found: /assets/phone.css
Not Found: /assets/tablet.css
Internal Server Error: /type/DU%20Thinks/
Traceback (most recent call last):
  File "/home/ducsulprcom/virtualenv/DUCSU_LPR/3.7/lib/python3.7/site-packages/django/core/handlers/exception.py", line 35, in inner
    response = get_response(request)
  File "/home/ducsulprcom/virtualenv/DUCSU_LPR/3.7/lib/python3.7/site-packages/django/core/handlers/base.py", line 139, in _get_response
    "returned None instead." % (callback.__module__, view_name)
ValueError: The view articles.views.showList didn't return an HttpResponse object. It returned None instead.
Internal Server Error: /type/DU%20Thinks/
Traceback (most recent call last):
  File "/home/ducsulprcom/virtualenv/DUCSU_LPR/3.7/lib/python3.7/site-packages/django/core/handlers/exception.py", line 35, in inner
    response = get_response(request)
  File "/home/ducsulprcom/virtualenv/DUCSU_LPR/3.7/lib/python3.7/site-packages/django/core/handlers/base.py", line 139, in _get_response
    "returned None instead." % (callback.__module__, view_name)
ValueError: The view articles.views.showList didn't return an HttpResponse object. It returned None instead.
Internal Server Error: /type/DU%20Thinks/
Traceback (most recent call last):
  File "/home/ducsulprcom/virtualenv/DUCSU_LPR/3.7/lib/python3.7/site-packages/django/core/handlers/exception.py", line 35, in inner
    response = get_response(request)
  File "/home/ducsulprcom/virtualenv/DUCSU_LPR/3.7/lib/python3.7/site-packages/django/core/handlers/base.py", line 139, in _get_response
    "returned None instead." % (callback.__module__, view_name)
ValueError: The view articles.views.showList didn't return an HttpResponse object. It returned None instead.
Not Found: /assets/desktop.css
Not Found: /assets/phone.css
Not Found: /assets/tablet.css
Internal Server Error: /type/DUThinks/
Traceback (most recent call last):
  File "/home/ducsulprcom/virtualenv/DUCSU_LPR/3.7/lib/python3.7/site-packages/django/core/handlers/exception.py", line 35, in inner
    response = get_response(request)
  File "/home/ducsulprcom/virtualenv/DUCSU_LPR/3.7/lib/python3.7/site-packages/django/core/handlers/base.py", line 139, in _get_response
    "returned None instead." % (callback.__module__, view_name)
ValueError: The view articles.views.showList didn't return an HttpResponse object. It returned None instead.
Not Found: /assets/desktop.css
Not Found: /assets/phone.css
Internal Server Error: /type/DUThinks/
Traceback (most recent call last):
  File "/home/ducsulprcom/virtualenv/DUCSU_LPR/3.7/lib/python3.7/site-packages/django/core/handlers/exception.py", line 35, in inner
    response = get_response(request)
  File "/home/ducsulprcom/virtualenv/DUCSU_LPR/3.7/lib/python3.7/site-packages/django/core/handlers/base.py", line 139, in _get_response
    "returned None instead." % (callback.__module__, view_name)
ValueError: The view articles.views.showList didn't return an HttpResponse object. It returned None instead.
Not Found: /assets/desktop.css
Not Found: /assets/phone.css
Not Found: /assets/desktop.css
Not Found: /assets/tablet.css
Internal Server Error: /type/DUThinks/
Traceback (most recent call last):
  File "/home/ducsulprcom/virtualenv/DUCSU_LPR/3.7/lib/python3.7/site-packages/django/core/handlers/exception.py", line 35, in inner
    response = get_response(request)
  File "/home/ducsulprcom/virtualenv/DUCSU_LPR/3.7/lib/python3.7/site-packages/django/core/handlers/base.py", line 139, in _get_response
    "returned None instead." % (callback.__module__, view_name)
ValueError: The view articles.views.showList didn't return an HttpResponse object. It returned None instead.
Not Found: /assets/phone.css
Not Found: /assets/desktop.css
Not Found: /assets/tablet.css
Not Found: /assets/desktop.css
Not Found: /assets/phone.css
Not Found: /assets/tablet.css
Not Found: /type/DUThinks/assets/desktop.css
Not Found: /type/DUThinks/assets/tablet.css
Not Found: /type/DUThinks/assets/phone.css
Not Found: /type/bookreview/assets/phone.css
Not Found: /type/bookreview/assets/desktop.css
Not Found: /type/bookreview/assets/tablet.css
Not Found: /type/blog/assets/desktop.css
Not Found: /type/blog/assets/phone.css
Not Found: /type/blog/assets/tablet.css
Not Found: /type/journal/assets/desktop.css
Not Found: /type/journal/assets/phone.css
Not Found: /type/journal/assets/tablet.css
Not Found: /assets/desktop.css
Not Found: /assets/phone.css
Not Found: /assets/tablet.css
Not Found: /type/journal/assets/desktop.css
Not Found: /type/journal/assets/tablet.css
Not Found: /type/journal/assets/phone.css
Not Found: /type/journal/assets/desktop.css
Not Found: /type/journal/assets/phone.css
Not Found: /type/journal/assets/tablet.css
Not Found: /type/journal/assets/desktop.css
Not Found: /type/journal/assets/tablet.css
Not Found: /type/journal/assets/phone.css
Not Found: /type/journal/assets/desktop.css
Not Found: /type/journal/assets/phone.css
Not Found: /type/journal/assets/tablet.css
Not Found: /type/journal/assets/desktop.css
Not Found: /type/journal/assets/tablet.css
Not Found: /type/journal/assets/phone.css
Not Found: /type/journal/assets/desktop.css
Not Found: /type/journal/assets/tablet.css
Not Found: /type/journal/assets/phone.css
Not Found: /type/journal/assets/phone.css
Not Found: /type/journal/assets/desktop.css
Not Found: /type/journal/assets/tablet.css
Not Found: /type/journal/assets/desktop.css
Not Found: /type/journal/assets/tablet.css
Not Found: /type/journal/assets/phone.css
Not Found: /type/journal/assets/tablet.css
Not Found: /type/journal/assets/desktop.css
Not Found: /type/journal/assets/phone.css
Not Found: /type/journal/assets/desktop.css
Not Found: /type/journal/assets/tablet.css
Not Found: /type/journal/assets/phone.css
Not Found: /type/journal/assets/desktop.css
Not Found: /type/journal/assets/phone.css
Not Found: /type/journal/assets/tablet.css
Not Found: /type/journal/assets/desktop.css
Not Found: /type/journal/assets/phone.css
Not Found: /type/journal/assets/tablet.css
Not Found: /type/journal/assets/tablet.css
Not Found: /type/journal/assets/desktop.css
Not Found: /type/journal/assets/phone.css
Not Found: /type/journal/assets/tablet.css
Not Found: /type/journal/assets/desktop.css
Not Found: /type/journal/assets/phone.css
Not Found: /type/journal/assets/desktop.css
Not Found: /type/journal/assets/tablet.css
Not Found: /type/journal/assets/phone.css
Not Found: /type/journal/assets/desktop.css
Not Found: /type/journal/assets/phone.css
Not Found: /type/journal/assets/tablet.css
Not Found: /type/journal/assets/tablet.css
Not Found: /type/journal/assets/desktop.css
Not Found: /type/journal/assets/phone.css
Not Found: /type/journal/assets/phone.css
Not Found: /type/journal/assets/tablet.css
Not Found: /type/journal/assets/desktop.css
Not Found: /type/journal/assets/tablet.css
Not Found: /type/journal/assets/phone.css
Not Found: /type/journal/assets/desktop.css
Not Found: /type/journal/assets/desktop.css
Not Found: /type/journal/assets/phone.css
Not Found: /type/journal/assets/tablet.css
Not Found: /assets/desktop.css
Not Found: /assets/phone.css
Not Found: /assets/tablet.css
Not Found: /type/blog/assets/desktop.css
Not Found: /type/blog/assets/phone.css
Not Found: /type/blog/assets/tablet.css
Not Found: /type/bookreview/assets/desktop.css
Not Found: /type/bookreview/assets/phone.css
Not Found: /type/bookreview/assets/tablet.css
Not Found: /assets/desktop.css
Not Found: /assets/phone.css
Not Found: /assets/tablet.css
Not Found: /assets/desktop.css
Not Found: /assets/phone.css
Not Found: /assets/tablet.css
Not Found: /type/DUThinks/assets/tablet.css
Not Found: /type/DUThinks/assets/desktop.css
Not Found: /type/DUThinks/assets/phone.css
Not Found: /assets/desktop.css
Not Found: /assets/phone.css
Not Found: /assets/tablet.css
Not Found: /type/bookreview/assets/desktop.css
Not Found: /type/bookreview/assets/phone.css
Not Found: /type/bookreview/assets/tablet.css
Not Found: /type/DUThinks/assets/desktop.css
Not Found: /type/DUThinks/assets/tablet.css
Not Found: /type/DUThinks/assets/phone.css
Not Found: /assets/phone.css
Not Found: /assets/tablet.css
Not Found: /assets/desktop.css
Not Found: /favicon.ico
Not Found: /type/DUThinks/assets/phone.css
Not Found: /type/DUThinks/assets/tablet.css
Not Found: /type/DUThinks/assets/desktop.css
Not Found: /assets/phone.css
Not Found: /assets/desktop.css
Not Found: /assets/tablet.css
Not Found: /type/blog/assets/phone.css
Not Found: /type/blog/assets/tablet.css
Not Found: /type/blog/assets/desktop.css
Not Found: /author/1/assets/phone.css
Not Found: /author/1/assets/tablet.css
Not Found: /author/1/assets/desktop.css
Not Found: /article/1/assets/phone.css
Not Found: /article/1/assets/tablet.css
Not Found: /article/1/assets/desktop.css
Not Found: /assets/phone.css
Not Found: /assets/desktop.css
Not Found: /assets/desktop.css
Not Found: /assets/phone.css
Not Found: /assets/phone.css
Not Found: /assets/tablet.css
Not Found: /assets/desktop.css
Not Found: /assets/phone.css
Not Found: /assets/desktop.css
Not Found: /assets/tablet.css
Not Found: /favicon.ico
Not Found: /article/1/assets/phone.css
Not Found: /article/1/assets/tablet.css
Not Found: /article/1/assets/desktop.css
Not Found: /article/1/assets/phone.css
Not Found: /article/1/assets/desktop.css
Not Found: /article/1/assets/tablet.css
Not Found: /assets/phone.css
Not Found: /assets/tablet.css
Not Found: /assets/desktop.css
Not Found: /assets/phone.css
Not Found: /assets/tablet.css
Not Found: /assets/desktop.css
Not Found: /favicon.ico
Not Found: /article/1/assets/phone.css
Not Found: /article/1/assets/tablet.css
Not Found: /article/1/assets/desktop.css
Not Found: /favicon.ico
Invalid HTTP_HOST header: 'mail.ducsulpr.du.ac.bd'. You may need to add 'mail.ducsulpr.du.ac.bd' to ALLOWED_HOSTS.
Not Found: /article/1/assets/phone.css
Not Found: /article/1/assets/tablet.css
Not Found: /article/1/assets/desktop.css
Not Found: /favicon.ico
Not Found: /assets/desktop.css
Not Found: /assets/phone.css
Not Found: /assets/tablet.css
Not Found: /favicon.ico
Not Found: /type/blog/assets/phone.css
Not Found: /type/blog/assets/tablet.css
Not Found: /type/blog/assets/desktop.css
Not Found: /article/1/assets/phone.css
Not Found: /article/1/assets/tablet.css
Not Found: /article/1/assets/desktop.css
Not Found: /assets/phone.css
Not Found: /assets/tablet.css
Not Found: /assets/desktop.css
Not Found: /favicon.ico
Not Found: /favicon.ico
Not Found: /article/1/assets/desktop.css
Not Found: /article/1/assets/phone.css
Not Found: /article/1/assets/tablet.css
Not Found: /favicon.ico
Not Found: /assets/desktop.css
Not Found: /assets/phone.css
Not Found: /assets/tablet.css
Not Found: /type/DUThinks/assets/desktop.css
Not Found: /type/DUThinks/assets/phone.css
Not Found: /type/DUThinks/assets/tablet.css
Not Found: /assets/desktop.css
Not Found: /assets/phone.css
Not Found: /assets/tablet.css
Not Found: /favicon.ico
Not Found: /favicon.ico
Not Found: /favicon.ico
Not Found: /article/1/assets/desktop.css
Not Found: /article/1/assets/phone.css
Not Found: /article/1/assets/tablet.css
Not Found: /favicon.ico
Not Found: /assets/phone.css
Not Found: /assets/tablet.css
Not Found: /assets/desktop.css
Not Found: /favicon.ico
Not Found: /article/1/assets/phone.css
Not Found: /article/1/assets/tablet.css
Not Found: /article/1/assets/desktop.css
Not Found: /favicon.ico
Not Found: /article/1/assets/phone.css
Not Found: /article/1/assets/tablet.css
Not Found: /article/1/assets/desktop.css
Not Found: /type/DUThinks/assets/tablet.css
Not Found: /type/DUThinks/assets/phone.css
Not Found: /type/DUThinks/assets/desktop.css
Not Found: /assets/phone.css
Not Found: /assets/tablet.css
Not Found: /assets/desktop.css
Not Found: /assets/desktop.css
Not Found: /assets/phone.css
Not Found: /assets/tablet.css
Not Found: /favicon.ico
Not Found: /type/journal/assets/phone.css
Not Found: /type/journal/assets/desktop.css
Not Found: /type/journal/assets/tablet.css
Not Found: /type/blog/assets/phone.css
Not Found: /type/blog/assets/tablet.css
Not Found: /type/blog/assets/desktop.css
Not Found: /type/bookreview/assets/phone.css
Not Found: /type/bookreview/assets/desktop.css
Not Found: /type/bookreview/assets/tablet.css
Not Found: /type/DUThinks/assets/phone.css
Not Found: /type/DUThinks/assets/desktop.css
Not Found: /type/DUThinks/assets/tablet.css
Not Found: /assets/desktop.css
Not Found: /assets/tablet.css
Not Found: /assets/phone.css
Not Found: /assets/desktop.css
Not Found: /assets/phone.css
Not Found: /assets/tablet.css
Not Found: /assets/desktop.css
Not Found: /assets/tablet.css
Not Found: /assets/phone.css
Not Found: /favicon.ico
Not Found: /favicon.ico
Not Found: /robots.txt
Not Found: /article/1/assets/phone.css
Not Found: /article/1/assets/desktop.css
Not Found: /article/1/assets/tablet.css
Not Found: /favicon.ico
Not Found: /assets/desktop.css
Not Found: /assets/phone.css
Not Found: /assets/tablet.css
Not Found: /favicon.ico
Not Found: /assets/desktop.css
Not Found: /assets/tablet.css
Not Found: /assets/phone.css
Not Found: /type/DUThinks/assets/desktop.css
Not Found: /type/DUThinks/assets/phone.css
Not Found: /type/DUThinks/assets/tablet.css
Not Found: /type/DUThinks/assets/tablet.css
Not Found: /type/DUThinks/assets/phone.css
Not Found: /type/DUThinks/assets/desktop.css
Not Found: /type/DUThinks/assets/desktop.css
Not Found: /type/DUThinks/assets/phone.css
Not Found: /type/DUThinks/assets/tablet.css
Not Found: /article/2/assets/desktop.css
Not Found: /article/2/assets/phone.css
Not Found: /article/2/assets/tablet.css
Not Found: /article/2/None
Not Found: /type/blog/assets/desktop.css
Not Found: /type/blog/assets/phone.css
Not Found: /type/blog/assets/tablet.css
Not Found: /article/1/assets/desktop.css
Not Found: /article/1/assets/tablet.css
Not Found: /article/1/assets/phone.css
Not Found: /type/DUThinks/assets/desktop.css
Not Found: /type/DUThinks/assets/phone.css
Not Found: /type/DUThinks/assets/tablet.css
Not Found: /assets/desktop.css
Not Found: /assets/phone.css
Not Found: /assets/tablet.css
Not Found: /article/2/assets/phone.css
Not Found: /article/2/assets/desktop.css
Not Found: /article/2/assets/tablet.css
Not Found: /assets/desktop.css
Not Found: /assets/phone.css
Not Found: /assets/tablet.css
Not Found: /assets/desktop.css
Not Found: /assets/phone.css
Not Found: /assets/tablet.css
Not Found: /assets/phone.css
Not Found: /assets/desktop.css
Not Found: /assets/tablet.css
Not Found: /article/1/assets/phone.css
Not Found: /article/1/assets/tablet.css
Not Found: /article/1/assets/desktop.css
Not Found: /favicon.ico
Not Found: /assets/phone.css
Not Found: /assets/tablet.css
Not Found: /assets/desktop.css
Not Found: /article/2/assets/phone.css
Not Found: /article/2/assets/tablet.css
Not Found: /article/2/assets/desktop.css
Not Found: /article/2/None
Not Found: /article/2/assets/phone.css
Not Found: /assets/phone.css
Not Found: /assets/desktop.css
Not Found: /assets/tablet.css
Not Found: /type/DUThinks/assets/phone.css
Not Found: /type/DUThinks/assets/tablet.css
Not Found: /type/DUThinks/assets/desktop.css
Not Found: /article/2/assets/phone.css
Not Found: /article/2/assets/tablet.css
Not Found: /article/2/assets/desktop.css
Not Found: /assets/desktop.css
Not Found: /assets/phone.css
Not Found: /assets/tablet.css
Not Found: /type/bookreview/assets/desktop.css
Not Found: /type/bookreview/assets/phone.css
Not Found: /type/bookreview/assets/tablet.css
Not Found: /type/blog/assets/phone.css
Not Found: /type/blog/assets/desktop.css
Not Found: /type/blog/assets/tablet.css
Not Found: /type/journal/assets/tablet.css
Not Found: /type/journal/assets/desktop.css
Not Found: /type/journal/assets/phone.css
Not Found: /type/journal/assets/desktop.css
Not Found: /type/journal/assets/phone.css
Not Found: /type/journal/assets/tablet.css
Not Found: /assets/desktop.css
Not Found: /assets/phone.css
Not Found: /assets/tablet.css
Not Found: /favicon.ico
Not Found: /article/1/assets/phone.css
Not Found: /article/1/assets/tablet.css
Not Found: /article/1/assets/desktop.css
Not Found: /favicon.ico
Not Found: /assets/phone.css
Not Found: /assets/tablet.css
Not Found: /assets/desktop.css
Not Found: /favicon.ico
Not Found: /assets/desktop.css
Not Found: /assets/phone.css
Not Found: /assets/tablet.css
Not Found: /favicon.ico
Not Found: /assets/desktop.css
Not Found: /assets/phone.css
Not Found: /assets/tablet.css
Not Found: /assets/desktop.css
Not Found: /assets/tablet.css
Not Found: /assets/phone.css
Not Found: /assets/desktop.css
Not Found: /assets/desktop.css
Not Found: /assets/phone.css
Not Found: /assets/tablet.css
Not Found: /favicon.ico
Not Found: /article/1/assets/desktop.css
Not Found: /article/1/assets/desktop.css
Not Found: /article/1/assets/phone.css
Not Found: /article/1/assets/tablet.css
Not Found: /type/journal/assets/desktop.css
Not Found: /type/journal/assets/phone.css
Not Found: /type/journal/assets/tablet.css
Not Found: /type/blog/assets/desktop.css
Not Found: /type/blog/assets/phone.css
Not Found: /type/blog/assets/tablet.css
Not Found: /type/DUThinks/assets/desktop.css
Not Found: /type/DUThinks/assets/phone.css
Not Found: /type/DUThinks/assets/tablet.css
Not Found: /article/2/assets/desktop.css
Not Found: /article/2/assets/phone.css
Not Found: /article/2/assets/tablet.css
Not Found: /assets/desktop.css
Not Found: /assets/phone.css
Not Found: /assets/tablet.css
Not Found: /assets/desktop.css
Not Found: /assets/desktop.css
Not Found: /assets/phone.css
Not Found: /assets/tablet.css
Not Found: /assets/desktop.css
Invalid HTTP_HOST header: 'mail.ducsulpr.du.ac.bd'. You may need to add 'mail.ducsulpr.du.ac.bd' to ALLOWED_HOSTS.
Not Found: /article/1/assets/desktop.css
Not Found: /article/1/assets/phone.css
Not Found: /article/1/assets/tablet.css
Not Found: /article/1/assets/phone.css
Not Found: /article/1/assets/tablet.css
Not Found: /article/1/assets/desktop.css
Not Found: /favicon.ico
Not Found: /article/1/assets/desktop.css
Not Found: /article/1/assets/phone.css
Not Found: /article/1/assets/tablet.css
Not Found: /article/1/assets/phone.css
Not Found: /article/1/assets/tablet.css
Not Found: /article/1/assets/desktop.css
Not Found: /favicon.ico
Not Found: /article/1/assets/tablet.css
Not Found: /article/1/assets/phone.css
Not Found: /article/1/assets/desktop.css
Not Found: /article/1/assets/desktop.css
Not Found: /article/1/assets/desktop.css
Not Found: /article/1/assets/tablet.css
Not Found: /article/1/assets/phone.css
Not Found: /favicon.ico
Not Found: /article/1/assets/tablet.css
Not Found: /article/1/assets/phone.css
Not Found: /favicon.ico
Not Found: /article/1/assets/desktop.css
Not Found: /article/1/assets/phone.css
Not Found: /article/1/assets/tablet.css
Not Found: /article/1/assets/desktop.css
Not Found: /article/1/assets/phone.css
Not Found: /article/1/assets/tablet.css
Not Found: /favicon.ico
Not Found: /article/1/assets/desktop.css
Not Found: /article/1/assets/phone.css
Not Found: /article/1/assets/tablet.css
Not Found: /favicon.ico
Not Found: /article/1/assets/desktop.css
Not Found: /article/1/assets/phone.css
Not Found: /article/1/assets/tablet.css
Not Found: /favicon.ico
Not Found: /article/1/assets/phone.css
Not Found: /article/1/assets/tablet.css
Not Found: /article/1/assets/desktop.css
Not Found: /favicon.ico
Not Found: /article/1/assets/phone.css
Not Found: /article/1/assets/tablet.css
Not Found: /article/1/assets/desktop.css
Not Found: /favicon.ico
Not Found: /favicon.ico
Not Found: /article/1/assets/phone.css
Not Found: /article/1/assets/tablet.css
Not Found: /article/1/assets/desktop.css
Not Found: /favicon.ico
Not Found: /article/1/assets/phone.css
Not Found: /article/1/assets/tablet.css
Not Found: /article/1/assets/desktop.css
Not Found: /favicon.ico
Not Found: /favicon.ico
Not Found: /author/1/assets/phone.css
Not Found: /author/1/assets/tablet.css
Not Found: /author/1/assets/desktop.css
Not Found: /wp-login.php
Not Found: /article/1/assets/phone.css
Not Found: /article/1/assets/tablet.css
Not Found: /article/1/assets/desktop.css
Not Found: /article/1/assets/phone.css
Not Found: /article/1/assets/tablet.css
Not Found: /article/1/assets/desktop.css
Not Found: /article/1/assets/phone.css
Not Found: /article/1/assets/desktop.css
Not Found: /article/1/assets/tablet.css
Not Found: /article/1/assets/phone.css
Not Found: /article/1/assets/tablet.css
Not Found: /article/1/assets/desktop.css
Not Found: /favicon.ico
Not Found: /favicon.ico
Not Found: /article/1/assets/phone.css
Not Found: /article/1/assets/tablet.css
Not Found: /article/1/assets/desktop.css
Not Found: /favicon.ico
Not Found: /article/1/assets/phone.css
Not Found: /article/1/assets/tablet.css
Not Found: /article/1/assets/desktop.css
Not Found: /favicon.ico
Not Found: /type/DUThinks/assets/phone.css
Not Found: /type/DUThinks/assets/tablet.css
Not Found: /type/DUThinks/assets/desktop.css
Not Found: /favicon.ico
Not Found: /article/2/assets/phone.css
Not Found: /article/2/assets/tablet.css
Not Found: /article/2/assets/desktop.css
Not Found: /favicon.ico
Not Found: /assets/phone.css
Not Found: /assets/tablet.css
Not Found: /assets/desktop.css
Not Found: /favicon.ico
Not Found: /article/1/assets/phone.css
Not Found: /article/1/assets/tablet.css
Not Found: /article/1/assets/desktop.css
Not Found: /article/1/assets/phone.css
Not Found: /article/1/assets/phone.css
Not Found: /article/1/assets/tablet.css
Not Found: /article/1/assets/desktop.css
Not Found: /article/1/assets/phone.css
Not Found: /article/1/assets/tablet.css
Not Found: /article/1/assets/desktop.css
Not Found: /robots.txt
Not Found: /article/1/assets/desktop.css
Not Found: /article/1/assets/tablet.css
Not Found: /article/1/assets/phone.css
Not Found: /article/1/assets/phone.css
Not Found: /article/1/assets/tablet.css
Not Found: /article/1/assets/desktop.css
Not Found: /article/1/assets/phone.css
Not Found: /article/1/assets/tablet.css
Not Found: /article/1/assets/desktop.css
Not Found: /article/1/assets/phone.css
Not Found: /article/1/assets/tablet.css
Not Found: /article/1/assets/desktop.css
Not Found: /favicon.ico
Not Found: /article/1/assets/phone.css
Not Found: /article/1/assets/tablet.css
Not Found: /article/1/assets/desktop.css
Not Found: /favicon.ico
Not Found: /assets/phone.css
Not Found: /assets/tablet.css
Not Found: /assets/desktop.css
Not Found: /favicon.ico
Not Found: /type/blog/assets/phone.css
Not Found: /type/blog/assets/tablet.css
Not Found: /type/blog/assets/desktop.css
Not Found: /assets/tablet.css
Not Found: /assets/phone.css
Not Found: /assets/desktop.css
Not Found: /type/DUThinks/assets/phone.css
Not Found: /type/DUThinks/assets/desktop.css
Not Found: /type/DUThinks/assets/tablet.css
Not Found: /type/journal/assets/desktop.css
Not Found: /type/journal/assets/tablet.css
Not Found: /type/journal/assets/phone.css
Not Found: /type/journal/assets/phone.css
Not Found: /type/journal/assets/tablet.css
Not Found: /type/journal/assets/desktop.css
Not Found: /type/DUThinks/assets/phone.css
Not Found: /article/1/assets/phone.css
Not Found: /article/1/assets/phone.css
Not Found: /article/1/assets/phone.css
Not Found: /article/1/assets/phone.css
Not Found: /article/1/assets/phone.css
Not Found: /article/1/assets/tablet.css
Not Found: /article/1/assets/desktop.css
Not Found: /favicon.ico
Not Found: /article/1/assets/desktop.css
Not Found: /article/1/assets/phone.css
Not Found: /article/1/assets/tablet.css
Not Found: /article/1/assets/phone.css
Not Found: /article/1/assets/tablet.css
Not Found: /article/1/assets/desktop.css
Not Found: /favicon.ico
Not Found: /article/1/assets/phone.css
Not Found: /article/1/assets/tablet.css
Not Found: /article/1/assets/desktop.css
Not Found: /favicon.ico
Not Found: /article/1/assets/phone.css
Not Found: /article/1/assets/tablet.css
Not Found: /article/1/assets/desktop.css
Not Found: /favicon.ico
Not Found: /article/1/assets/tablet.css
Not Found: /article/1/assets/desktop.css
Not Found: /article/1/assets/phone.css
Not Found: /favicon.ico
Not Found: /assets/desktop.css
Not Found: /assets/phone.css
Not Found: /assets/tablet.css
Not Found: /favicon.ico
Not Found: /assets/desktop.css
Not Found: /assets/phone.css
Not Found: /assets/tablet.css
Not Found: /assets/phone.css
Not Found: /assets/desktop.css
Not Found: /assets/tablet.css
Not Found: /favicon.ico
Not Found: /assets/desktop.css
Not Found: /assets/phone.css
Not Found: /assets/tablet.css
Not Found: /favicon.ico
Not Found: /article/1/assets/phone.css
Not Found: /article/1/assets/tablet.css
Not Found: /article/1/assets/desktop.css
Not Found: /favicon.ico
Not Found: /assets/desktop.css
Not Found: /assets/phone.css
Not Found: /assets/tablet.css
Not Found: /favicon.ico
Not Found: /article/1/assets/phone.css
Not Found: /article/1/assets/phone.css
Not Found: /article/1/assets/tablet.css
Not Found: /article/1/assets/desktop.css
Not Found: /article/1/assets/desktop.css
Not Found: /article/1/assets/phone.css
Not Found: /article/1/assets/tablet.css
Not Found: /favicon.ico
Not Found: /article/1/assets/phone.css
Not Found: /article/1/assets/tablet.css
Not Found: /article/1/assets/phone.css
Not Found: /article/1/assets/desktop.css
Not Found: /article/1/assets/tablet.css
Not Found: /article/1/assets/desktop.css
Not Found: /favicon.ico
Not Found: /article/1/assets/phone.css
Not Found: /article/1/assets/phone.css
Not Found: /article/1/assets/phone.css
Not Found: /article/1/assets/tablet.css
Not Found: /article/1/assets/desktop.css
Not Found: /favicon.ico
Not Found: /article/1/assets/phone.css
Not Found: /article/1/assets/tablet.css
Not Found: /article/1/assets/desktop.css
Not Found: /article/1/assets/phone.css
Not Found: /article/1/assets/phone.css
Not Found: /article/1/assets/tablet.css
Not Found: /article/1/assets/desktop.css
Not Found: /favicon.ico
Not Found: /favicon.ico
Not Found: /type/DUThinks/assets/phone.css
Not Found: /type/DUThinks/assets/tablet.css
Not Found: /type/DUThinks/assets/desktop.css
Not Found: /assets/phone.css
Not Found: /assets/tablet.css
Not Found: /assets/desktop.css
Not Found: /assets/phone.css
Not Found: /assets/tablet.css
Not Found: /assets/desktop.css
Not Found: /article/1/assets/desktop.css
Not Found: /article/1/assets/phone.css
Not Found: /article/1/assets/tablet.css
Not Found: /article/1/assets/desktop.css
Not Found: /favicon.ico
Not Found: /article/1/assets/phone.css
Not Found: /article/1/assets/phone.css
Not Found: /article/1/assets/tablet.css
Not Found: /article/1/assets/phone.css
Not Found: /article/1/assets/desktop.css
Not Found: /article/1/assets/tablet.css
Not Found: /favicon.ico
Not Found: /article/1/assets/phone.css
Not Found: /article/1/assets/tablet.css
Not Found: /article/1/assets/desktop.css
Not Found: /article/1/assets/desktop.css
Not Found: /article/1/assets/phone.css
Not Found: /article/1/assets/tablet.css
Not Found: /article/1/assets/desktop.css
Not Found: /article/1/assets/tablet.css
Not Found: /article/1/assets/phone.css
Not Found: /article/1/assets/phone.css
Not Found: /article/1/assets/phone.css
Not Found: /article/1/assets/phone.css
Not Found: /assets/desktop.css
Not Found: /assets/phone.css
Not Found: /assets/tablet.css
Not Found: /favicon.ico
Not Found: /article/1/assets/phone.css
Not Found: /article/1/assets/tablet.css
Not Found: /article/1/assets/desktop.css
Not Found: /favicon.ico
Not Found: /favicon.ico
Not Found: /favicon.ico
Not Found: /robots.txt
Not Found: /favicon.ico
Not Found: /article/1/assets/phone.css
Not Found: /article/1/assets/tablet.css
Not Found: /article/1/assets/desktop.css
Not Found: /article/1/assets/phone.css
Not Found: /article/1/assets/tablet.css
Not Found: /article/1/assets/desktop.css
Not Found: /article/1/assets/phone.css
Not Found: /article/1/assets/tablet.css
Not Found: /article/1/assets/desktop.css
Not Found: /favicon.ico
Not Found: /article/1/assets/phone.css
Not Found: /article/1/assets/tablet.css
Not Found: /article/1/assets/desktop.css
Not Found: /article/1/assets/desktop.css
Not Found: /article/1/assets/tablet.css
Not Found: /article/1/assets/phone.css
Not Found: /favicon.ico
Not Found: /article/1/assets/phone.css
Not Found: /type/DUThinks/assets/phone.css
Not Found: /type/DUThinks/assets/tablet.css
Not Found: /type/DUThinks/assets/desktop.css
Not Found: /favicon.ico
Not Found: /article/1/assets/phone.css
Not Found: /article/1/assets/desktop.css
Not Found: /article/1/assets/tablet.css
Not Found: /article/1/assets/phone.css
Not Found: /article/1/assets/phone.css
Not Found: /article/1/assets/tablet.css
Not Found: /article/1/assets/desktop.css
Not Found: /article/1/assets/phone.css
Not Found: /article/1/assets/tablet.css
Not Found: /article/1/assets/desktop.css
Not Found: /favicon.ico
Not Found: /article/1/assets/phone.css
Not Found: /article/1/assets/tablet.css
Not Found: /article/1/assets/desktop.css
Not Found: /article/1/assets/phone.css
Not Found: /article/1/assets/desktop.css
Not Found: /article/1/assets/tablet.css
Not Found: /favicon.ico
Not Found: /article/1/assets/tablet.css
Not Found: /article/1/assets/phone.css
Not Found: /article/1/assets/desktop.css
Not Found: /article/1/assets/phone.css
Not Found: /article/1/assets/tablet.css
Not Found: /article/1/assets/desktop.css
Not Found: /article/1/assets/phone.css
Not Found: /article/1/assets/tablet.css
Not Found: /article/1/assets/desktop.css
Not Found: /assets/desktop.css
Not Found: /assets/phone.css
Not Found: /assets/tablet.css
Not Found: /favicon.ico
Not Found: /article/1/assets/phone.css
Not Found: /article/1/assets/desktop.css
Not Found: /article/1/assets/tablet.css
Not Found: /favicon.ico
Not Found: /article/1/assets/phone.css
Not Found: /article/1/assets/tablet.css
Not Found: /article/1/assets/desktop.css
Not Found: /favicon.ico
Not Found: /article/1/assets/phone.css
Not Found: /article/1/assets/tablet.css
Not Found: /article/1/assets/desktop.css
Not Found: /favicon.ico
Not Found: /favicon.ico
Not Found: /type/blog/assets/phone.css
Not Found: /type/blog/assets/tablet.css
Not Found: /type/blog/assets/desktop.css
Not Found: /article/1/assets/desktop.css
Not Found: /assets/desktop.css
Not Found: /assets/phone.css
Not Found: /assets/tablet.css
Not Found: /favicon.ico
Not Found: /assets/phone.css
Not Found: /assets/desktop.css
Not Found: /assets/tablet.css
Not Found: /favicon.ico
Not Found: /article/1/assets/phone.css
Not Found: /article/1/assets/tablet.css
Not Found: /article/1/assets/desktop.css
Not Found: /article/1/assets/phone.css
Not Found: /article/1/assets/tablet.css
Not Found: /article/1/assets/desktop.css
Not Found: /article/1/assets/desktop.css
Not Found: /article/1/assets/phone.css
Not Found: /article/1/assets/tablet.css
Not Found: /favicon.ico
Not Found: /assets/desktop.css
Not Found: /assets/phone.css
Not Found: /assets/tablet.css
Not Found: /article/1/assets/phone.css
Not Found: /article/1/assets/tablet.css
Not Found: /article/1/assets/desktop.css
Not Found: /favicon.ico
Not Found: /robots.txt
Not Found: /article/1/assets/phone.css
Not Found: /article/1/assets/tablet.css
Not Found: /article/1/assets/desktop.css
Not Found: /favicon.ico
Not Found: /article/1/assets/phone.css
Not Found: /assets/desktop.css
Not Found: /assets/phone.css
Not Found: /assets/tablet.css
Not Found: /favicon.ico
Not Found: /article/1/assets/phone.css
Not Found: /article/1/assets/tablet.css
Not Found: /article/1/assets/desktop.css
Not Found: /article/1/assets/phone.css
Not Found: /article/1/assets/phone.css
Not Found: /article/1/assets/desktop.css
Not Found: /article/1/assets/tablet.css
Not Found: /article/1/assets/tablet.css
Not Found: /article/1/assets/desktop.css
Not Found: /favicon.ico
Not Found: /favicon.ico
Not Found: /article/1/assets/desktop.css
Not Found: /article/1/assets/phone.css
Not Found: /article/1/assets/tablet.css
Not Found: /article/1/assets/phone.css
Not Found: /article/1/assets/tablet.css
Not Found: /article/1/assets/desktop.css
Not Found: /favicon.ico
Not Found: /favicon.ico
Not Found: /assets/phone.css
Not Found: /assets/tablet.css
Not Found: /assets/desktop.css
Not Found: /article/1/assets/phone.css
Not Found: /article/1/assets/phone.css
Not Found: /article/1/assets/phone.css
Not Found: /article/1/assets/phone.css
Not Found: /robots.txt
Not Found: /article/1/assets/phone.css
Not Found: /article/1/assets/tablet.css
Not Found: /article/1/assets/phone.css
Not Found: /article/1/assets/desktop.css
Not Found: /article/1/assets/phone.css
Not Found: /article/1/assets/tablet.css
Not Found: /favicon.ico
Not Found: /type/journal/assets/desktop.css
Not Found: /type/journal/assets/phone.css
Not Found: /type/journal/assets/tablet.css
Not Found: /type/blog/assets/desktop.css
Not Found: /type/blog/assets/tablet.css
Not Found: /type/blog/assets/phone.css
Not Found: /type/bookreview/assets/desktop.css
Not Found: /type/bookreview/assets/phone.css
Not Found: /type/bookreview/assets/tablet.css
Not Found: /type/DUThinks/assets/desktop.css
Not Found: /type/DUThinks/assets/phone.css
Not Found: /type/DUThinks/assets/tablet.css
Not Found: /assets/desktop.css
Not Found: /assets/phone.css
Not Found: /assets/tablet.css
Not Found: /assets/desktop.css
Not Found: /assets/phone.css
Not Found: /assets/tablet.css
Not Found: /assets/desktop.css
Not Found: /assets/tablet.css
Not Found: /assets/phone.css
Not Found: /article/1/assets/phone.css
Not Found: /article/1/assets/tablet.css
Not Found: /article/1/assets/desktop.css
Not Found: /favicon.ico
Not Found: /article/1/assets/tablet.css
Not Found: /assets/phone.css
Not Found: /assets/desktop.css
Not Found: /assets/tablet.css
Not Found: /favicon.ico
Not Found: /article/1/assets/tablet.css
Not Found: /article/1/assets/phone.css
Not Found: /article/1/assets/desktop.css
Not Found: /favicon.ico
Not Found: /assets/phone.css
Not Found: /assets/tablet.css
Not Found: /assets/desktop.css
Not Found: /favicon.ico
Not Found: /article/1/assets/phone.css
Not Found: /article/1/assets/tablet.css
Not Found: /article/1/assets/desktop.css
Not Found: /article/1/assets/phone.css
Not Found: /article/1/assets/tablet.css
Not Found: /article/1/assets/desktop.css
Not Found: /favicon.ico
Not Found: /article/1/assets/phone.css
Not Found: /article/1/assets/tablet.css
Not Found: /article/1/assets/desktop.css
Not Found: /favicon.ico
Not Found: /article/1/assets/desktop.css
Not Found: /article/1/assets/phone.css
Not Found: /article/1/assets/tablet.css
Not Found: /favicon.ico
Not Found: /article/1/assets/phone.css
Not Found: /article/1/assets/phone.css
Not Found: /article/1/assets/tablet.css
Not Found: /article/1/assets/desktop.css
Not Found: /type/DUThinks/assets/phone.css
Not Found: /type/DUThinks/assets/tablet.css
Not Found: /type/DUThinks/assets/desktop.css
Not Found: /favicon.ico
Not Found: /article/1/assets/phone.css
Not Found: /article/1/assets/tablet.css
Not Found: /article/1/assets/desktop.css
Not Found: /article/1/assets/phone.css
Not Found: /article/1/assets/tablet.css
Not Found: /article/1/assets/phone.css
Not Found: /article/1/assets/tablet.css
Not Found: /article/1/assets/desktop.css
Not Found: /favicon.ico
Not Found: /favicon.ico
Not Found: /article/1/assets/phone.css
Not Found: /article/1/assets/tablet.css
Not Found: /article/1/assets/phone.css
Not Found: /article/1/assets/desktop.css
Not Found: /favicon.ico
Not Found: /favicon.ico
Not Found: /article/1/assets/phone.css
Not Found: /article/1/assets/tablet.css
Not Found: /article/1/assets/desktop.css
Not Found: /favicon.ico
Not Found: /favicon.ico
Not Found: /article/1/assets/phone.css
Not Found: /article/1/assets/tablet.css
Not Found: /article/1/assets/desktop.css
Not Found: /favicon.ico
Not Found: /article/1/assets/phone.css
Not Found: /article/1/assets/tablet.css
Not Found: /article/1/assets/desktop.css
Not Found: /favicon.ico
Not Found: /favicon.ico
Not Found: /assets/phone.css
Not Found: /assets/tablet.css
Not Found: /assets/desktop.css
Not Found: /assets/phone.css
Not Found: /assets/tablet.css
Not Found: /assets/desktop.css
Not Found: /favicon.ico
Not Found: /assets/tablet.css
Not Found: /assets/phone.css
Not Found: /assets/desktop.css
Not Found: /favicon.ico
Not Found: /assets/phone.css
Not Found: /assets/tablet.css
Not Found: /assets/desktop.css
Not Found: /favicon.ico
Not Found: /type/DUThinks/assets/phone.css
Not Found: /type/DUThinks/assets/tablet.css
Not Found: /type/DUThinks/assets/desktop.css
Not Found: /favicon.ico
Not Found: /article/1/assets/desktop.css
Not Found: /article/1/assets/tablet.css
Not Found: /article/1/assets/phone.css
Not Found: /favicon.ico
Not Found: /assets/desktop.css
Not Found: /assets/tablet.css
Not Found: /assets/phone.css
Not Found: /article/1/assets/phone.css
Not Found: /article/1/assets/tablet.css
Not Found: /article/1/assets/desktop.css
Not Found: /article/1/assets/tablet.css
Not Found: /article/1/assets/phone.css
Not Found: /article/1/assets/desktop.css
Not Found: /article/1/assets/tablet.css
Not Found: /robots.txt
Not Found: /article/1/assets/phone.css
Not Found: /article/1/assets/desktop.css
Not Found: /article/1/assets/tablet.css
Not Found: /article/1/assets/phone.css
Not Found: /article/1/assets/tablet.css
Not Found: /article/1/assets/desktop.css
Not Found: /article/1/assets/desktop.css
Not Found: /article/1/assets/tablet.css
Not Found: /article/1/assets/phone.css
Not Found: /article/1/assets/tablet.css
Not Found: /article/1/assets/phone.css
Not Found: /article/1/assets/desktop.css
Not Found: /favicon.ico
Not Found: /article/1/assets/desktop.css
Not Found: /article/1/assets/phone.css
Not Found: /article/1/assets/tablet.css
Not Found: /article/1/assets/phone.css
Not Found: /article/1/assets/tablet.css
Not Found: /article/1/assets/desktop.css
Not Found: /favicon.ico
Not Found: /article/1/assets/phone.css
Not Found: /article/1/assets/tablet.css
Not Found: /article/1/assets/desktop.css
Not Found: /article/1/assets/phone.css
Not Found: /article/1/assets/tablet.css
Not Found: /assets/tablet.css
Not Found: /assets/phone.css
Not Found: /assets/desktop.css
Not Found: /article/1/assets/phone.css
Not Found: /article/1/assets/desktop.css
Not Found: /article/1/assets/tablet.css
Not Found: /favicon.ico
Not Found: /article/1/assets/phone.css
Not Found: /article/1/assets/tablet.css
Not Found: /article/1/assets/desktop.css
Not Found: /article/1/assets/phone.css
Not Found: /article/1/assets/tablet.css
Not Found: /article/1/assets/desktop.css
Not Found: /type/DUThinks/assets/desktop.css
Not Found: /type/DUThinks/assets/phone.css
Not Found: /type/DUThinks/assets/tablet.css
Not Found: /favicon.ico
Not Found: /article/1/assets/phone.css
Not Found: /article/1/assets/desktop.css
Not Found: /article/1/assets/tablet.css
Not Found: /article/1/assets/phone.css
Not Found: /article/1/assets/tablet.css
Not Found: /article/1/assets/desktop.css
Not Found: /assets/desktop.css
Not Found: /assets/phone.css
Not Found: /assets/tablet.css
Not Found: /favicon.ico
Not Found: /assets/desktop.css
Not Found: /assets/phone.css
Not Found: /assets/tablet.css
Not Found: /assets/desktop.css
Not Found: /assets/phone.css
Not Found: /assets/tablet.css
Not Found: /assets/phone.css
Not Found: /assets/desktop.css
Not Found: /assets/tablet.css
Not Found: /assets/desktop.css
Not Found: /assets/phone.css
Not Found: /assets/tablet.css
Not Found: /type/DUThinks/assets/desktop.css
Not Found: /type/DUThinks/assets/phone.css
Not Found: /type/DUThinks/assets/tablet.css
Not Found: /article/2/assets/desktop.css
Not Found: /article/2/assets/tablet.css
Not Found: /article/2/assets/phone.css
Not Found: /article/2/assets/desktop.css
Not Found: /article/2/assets/phone.css
Not Found: /article/2/assets/tablet.css
Not Found: /article/2/assets/phone.css
Not Found: /article/2/assets/desktop.css
Not Found: /article/2/assets/tablet.css
Not Found: /type/journal/assets/desktop.css
Not Found: /type/journal/assets/tablet.css
Not Found: /type/journal/assets/phone.css
Not Found: /type/blog/assets/desktop.css
Not Found: /type/blog/assets/phone.css
Not Found: /type/blog/assets/tablet.css
Not Found: /type/bookreview/assets/desktop.css
Not Found: /type/bookreview/assets/tablet.css
Not Found: /type/bookreview/assets/phone.css
Not Found: /type/DUThinks/assets/desktop.css
Not Found: /type/DUThinks/assets/phone.css
Not Found: /type/DUThinks/assets/tablet.css
Not Found: /assets/desktop.css
Not Found: /assets/phone.css
Not Found: /assets/tablet.css
Not Found: /assets/phone.css
Not Found: /assets/desktop.css
Not Found: /assets/tablet.css
Not Found: /assets/desktop.css
Not Found: /assets/phone.css
Not Found: /assets/tablet.css
Not Found: /type/DUThinks/assets/desktop.css
Not Found: /type/DUThinks/assets/phone.css
Not Found: /type/DUThinks/assets/tablet.css
Not Found: /article/2/assets/desktop.css
Not Found: /article/2/assets/phone.css
Not Found: /article/2/assets/tablet.css
Not Found: /type/blog/assets/phone.css
Not Found: /type/blog/assets/desktop.css
Not Found: /type/blog/assets/tablet.css
Not Found: /type/DUThinks/assets/desktop.css
Not Found: /type/DUThinks/assets/phone.css
Not Found: /type/DUThinks/assets/tablet.css
Not Found: /type/bookreview/assets/desktop.css
Not Found: /type/bookreview/assets/phone.css
Not Found: /type/bookreview/assets/tablet.css
Not Found: /type/DUThinks/assets/desktop.css
Not Found: /type/DUThinks/assets/phone.css
Not Found: /type/DUThinks/assets/tablet.css
Not Found: /type/bookreview/assets/desktop.css
Not Found: /type/bookreview/assets/phone.css
Not Found: /type/bookreview/assets/tablet.css
Not Found: /type/bookreview/assets/desktop.css
Not Found: /type/bookreview/assets/phone.css
Not Found: /type/bookreview/assets/tablet.css
Not Found: /type/bookreview/assets/desktop.css
Not Found: /type/bookreview/assets/phone.css
Not Found: /type/bookreview/assets/tablet.css
Not Found: /type/bookreview/assets/phone.css
Not Found: /type/bookreview/assets/desktop.css
Not Found: /type/bookreview/assets/tablet.css
Not Found: /type/bookreview/assets/desktop.css
Not Found: /type/bookreview/assets/phone.css
Not Found: /type/bookreview/assets/tablet.css
Not Found: /type/bookreview/assets/desktop.css
Not Found: /type/bookreview/assets/phone.css
Not Found: /type/bookreview/assets/tablet.css
Not Found: /type/bookreview/assets/desktop.css
Not Found: /type/bookreview/assets/phone.css
Not Found: /type/bookreview/assets/tablet.css
Not Found: /type/bookreview/assets/desktop.css
Not Found: /type/bookreview/assets/phone.css
Not Found: /type/bookreview/assets/tablet.css
Not Found: /type/bookreview/assets/desktop.css
Not Found: /type/bookreview/assets/phone.css
Not Found: /type/bookreview/assets/tablet.css
Not Found: /type/bookreview/assets/desktop.css
Not Found: /type/bookreview/assets/phone.css
Not Found: /type/bookreview/assets/tablet.css
Not Found: /type/bookreview/assets/desktop.css
Not Found: /type/bookreview/assets/tablet.css
Not Found: /type/bookreview/assets/phone.css
Not Found: /assets/desktop.css
Not Found: /assets/phone.css
Not Found: /assets/tablet.css
Not Found: /type/bookreview/assets/desktop.css
Not Found: /type/bookreview/assets/phone.css
Not Found: /type/bookreview/assets/tablet.css
Not Found: /type/bookreview/assets/tablet.css
Not Found: /type/bookreview/assets/desktop.css
Not Found: /type/bookreview/assets/phone.css
Not Found: /type/bookreview/assets/desktop.css
Not Found: /type/bookreview/assets/phone.css
Not Found: /type/bookreview/assets/tablet.css
Not Found: /type/bookreview/assets/phone.css
Not Found: /type/bookreview/assets/tablet.css
Not Found: /type/bookreview/assets/desktop.css
Not Found: /type/bookreview/assets/desktop.css
Not Found: /type/bookreview/assets/phone.css
Not Found: /type/bookreview/assets/tablet.css
Not Found: /type/bookreview/assets/desktop.css
Not Found: /type/bookreview/assets/phone.css
Not Found: /type/bookreview/assets/tablet.css
Not Found: /type/bookreview/assets/desktop.css
Not Found: /type/bookreview/assets/phone.css
Not Found: /type/bookreview/assets/tablet.css
Not Found: /type/bookreview/assets/desktop.css
Not Found: /type/bookreview/assets/phone.css
Not Found: /type/bookreview/assets/tablet.css
Not Found: /type/bookreview/assets/desktop.css
Not Found: /type/bookreview/assets/phone.css
Not Found: /type/bookreview/assets/tablet.css
Not Found: /type/bookreview/assets/desktop.css
Not Found: /type/bookreview/assets/tablet.css
Not Found: /type/bookreview/assets/phone.css
Not Found: /type/bookreview/assets/tablet.css
Not Found: /type/bookreview/assets/desktop.css
Not Found: /type/bookreview/assets/phone.css
Not Found: /type/bookreview/assets/desktop.css
Not Found: /type/bookreview/assets/tablet.css
Not Found: /type/bookreview/assets/phone.css
Not Found: /type/bookreview/assets/desktop.css
Not Found: /type/bookreview/assets/phone.css
Not Found: /type/bookreview/assets/tablet.css
Not Found: /type/bookreview/assets/desktop.css
Not Found: /type/bookreview/assets/phone.css
Not Found: /type/bookreview/assets/tablet.css
Not Found: /type/bookreview/assets/desktop.css
Not Found: /type/bookreview/assets/tablet.css
Not Found: /type/bookreview/assets/phone.css
Not Found: /type/bookreview/assets/desktop.css
Not Found: /type/bookreview/assets/phone.css
Not Found: /type/bookreview/assets/tablet.css
Not Found: /type/journal/assets/phone.css
Not Found: /type/journal/assets/desktop.css
Not Found: /type/journal/assets/tablet.css
Not Found: /assets/desktop.css
Not Found: /assets/phone.css
Not Found: /assets/tablet.css
Not Found: /favicon.ico
Not Found: /article/1/assets/phone.css
Not Found: /article/1/assets/tablet.css
Not Found: /article/1/assets/desktop.css
Not Found: /favicon.ico
Not Found: /assets/phone.css
Not Found: /assets/desktop.css
Not Found: /assets/tablet.css
Not Found: /favicon.ico
Not Found: /article/1/assets/phone.css
Not Found: /article/1/assets/tablet.css
Not Found: /article/1/assets/desktop.css
Not Found: /type/bookreview/assets/phone.css
Not Found: /type/bookreview/assets/tablet.css
Not Found: /type/bookreview/assets/desktop.css
Not Found: /type/journal/assets/phone.css
Not Found: /type/journal/assets/tablet.css
Not Found: /type/journal/assets/desktop.css
Not Found: /type/blog/assets/desktop.css
Not Found: /type/blog/assets/tablet.css
Not Found: /type/blog/assets/phone.css
Not Found: /type/bookreview/assets/phone.css
Not Found: /type/bookreview/assets/desktop.css
Not Found: /type/bookreview/assets/tablet.css
Not Found: /assets/phone.css
Not Found: /assets/desktop.css
Not Found: /assets/tablet.css
Not Found: /type/blog/assets/phone.css
Not Found: /type/blog/assets/desktop.css
Not Found: /type/blog/assets/tablet.css
Not Found: /type/bookreview/assets/phone.css
Not Found: /type/bookreview/assets/tablet.css
Not Found: /type/bookreview/assets/desktop.css
Not Found: /type/DUThinks/assets/phone.css
Not Found: /type/DUThinks/assets/tablet.css
Not Found: /type/DUThinks/assets/desktop.css
Not Found: /assets/desktop.css
Not Found: /assets/phone.css
Not Found: /assets/tablet.css
Not Found: /assets/phone.css
Not Found: /assets/tablet.css
Not Found: /assets/desktop.css
Not Found: /assets/phone.css
Not Found: /assets/desktop.css
Not Found: /assets/tablet.css
Not Found: /article/1/assets/phone.css
Not Found: /article/1/assets/tablet.css
Not Found: /article/1/assets/desktop.css
Not Found: /favicon.ico
Not Found: /article/1/assets/phone.css
Not Found: /article/1/assets/tablet.css
Not Found: /article/1/assets/desktop.css
Not Found: /favicon.ico
Not Found: /assets/phone.css
Not Found: /assets/desktop.css
Not Found: /assets/tablet.css
Not Found: /article/1/assets/phone.css
Not Found: /article/1/assets/desktop.css
Not Found: /article/1/assets/tablet.css
Not Found: /article/1/assets/phone.css
Not Found: /favicon.ico
Not Found: /article/1/assets/phone.css
Not Found: /article/1/assets/tablet.css
Not Found: /article/1/assets/desktop.css
Not Found: /favicon.ico
Not Found: /favicon.ico
Not Found: /article/1/assets/phone.css
Not Found: /article/1/assets/tablet.css
Not Found: /article/1/assets/desktop.css
Not Found: /favicon.ico
Not Found: /favicon.ico
Not Found: /assets/phone.css
Not Found: /assets/desktop.css
Not Found: /assets/tablet.css
Not Found: /favicon.ico
Not Found: /type/journal/assets/desktop.css
Not Found: /type/journal/assets/phone.css
Not Found: /type/journal/assets/tablet.css
Not Found: /type/bookreview/assets/desktop.css
Not Found: /type/bookreview/assets/phone.css
Not Found: /type/bookreview/assets/tablet.css
Not Found: /type/DUThinks/assets/desktop.css
Not Found: /type/DUThinks/assets/tablet.css
Not Found: /type/DUThinks/assets/phone.css
Not Found: /assets/desktop.css
Not Found: /assets/phone.css
Not Found: /assets/tablet.css
Not Found: /assets/desktop.css
Not Found: /assets/tablet.css
Not Found: /assets/phone.css
Not Found: /assets/desktop.css
Not Found: /assets/phone.css
Not Found: /assets/tablet.css
Not Found: /article/1/assets/phone.css
Not Found: /article/1/assets/tablet.css
Not Found: /article/1/assets/desktop.css
Not Found: /favicon.ico
Not Found: /article/1/assets/phone.css
Not Found: /article/1/assets/phone.css
Not Found: /article/1/assets/tablet.css
Not Found: /article/1/assets/desktop.css
Not Found: /article/1/assets/phone.css
Not Found: /article/1/assets/tablet.css
Not Found: /article/1/assets/desktop.css
Not Found: /article/1/assets/phone.css
Not Found: /article/1/assets/tablet.css
Not Found: /article/1/assets/desktop.css
Not Found: /favicon.ico
Not Found: /article/1/assets/phone.css
Not Found: /article/1/assets/phone.css
Not Found: /article/1/assets/tablet.css
Not Found: /article/1/assets/desktop.css
Not Found: /article/1/assets/phone.css
Not Found: /article/1/assets/tablet.css
Not Found: /article/1/assets/desktop.css
Not Found: /article/1/assets/phone.css
Not Found: /article/1/assets/tablet.css
Not Found: /article/1/assets/desktop.css
Not Found: /article/1/assets/tablet.css
Not Found: /article/1/assets/tablet.css
Not Found: /article/1/assets/phone.css
Not Found: /article/1/assets/tablet.css
Not Found: /article/1/assets/desktop.css
Not Found: /article/1/assets/phone.css
Not Found: /article/1/assets/tablet.css
Not Found: /article/1/assets/desktop.css
Not Found: /favicon.ico
Not Found: /article/1/assets/phone.css
Not Found: /article/1/assets/phone.css
Not Found: /article/1/assets/tablet.css
Not Found: /article/1/assets/desktop.css
Not Found: /article/1/assets/phone.css
Not Found: /article/1/assets/tablet.css
Not Found: /article/1/assets/desktop.css
Not Found: /article/1/assets/desktop.css
Not Found: /article/1/assets/phone.css
Not Found: /article/1/assets/tablet.css
Not Found: /article/1/assets/phone.css
Not Found: /article/1/assets/tablet.css
Not Found: /article/1/assets/desktop.css
Not Found: /favicon.ico
Not Found: /article/1/assets/phone.css
Not Found: /article/1/assets/tablet.css
Not Found: /article/1/assets/desktop.css
Not Found: /article/1/assets/phone.css
Not Found: /article/1/assets/tablet.css
Not Found: /article/1/assets/desktop.css
Not Found: /favicon.ico
Not Found: /article/1/assets/phone.css
Not Found: /article/1/assets/tablet.css
Not Found: /article/1/assets/desktop.css
Not Found: /favicon.ico
Not Found: /favicon.ico
Not Found: /type/journal/assets/phone.css
Not Found: /type/journal/assets/tablet.css
Not Found: /type/journal/assets/desktop.css
Not Found: /article/1/assets/phone.css
Not Found: /type/blog/assets/tablet.css
Not Found: /type/blog/assets/phone.css
Not Found: /type/blog/assets/desktop.css
Not Found: /article/1/assets/phone.css
Not Found: /article/1/assets/tablet.css
Not Found: /article/1/assets/desktop.css
Not Found: /type/DUThinks/assets/phone.css
Not Found: /type/DUThinks/assets/tablet.css
Not Found: /type/DUThinks/assets/desktop.css
Not Found: /article/2/assets/phone.css
Not Found: /article/2/assets/desktop.css
Not Found: /article/2/assets/tablet.css
Not Found: /type/bookreview/assets/tablet.css
Not Found: /type/bookreview/assets/phone.css
Not Found: /type/bookreview/assets/desktop.css
Not Found: /type/bookreview/assets/phone.css
Not Found: /type/bookreview/assets/tablet.css
Not Found: /type/bookreview/assets/desktop.css
Not Found: /article/1/assets/phone.css
Not Found: /article/1/assets/tablet.css
Not Found: /article/1/assets/desktop.css
Not Found: /favicon.ico
Not Found: /favicon.ico
Not Found: /favicon.ico
Not Found: /robots.txt
Not Found: /type/DUThinks/assets/phone.css
Not Found: /type/DUThinks/assets/desktop.css
Not Found: /type/DUThinks/assets/tablet.css
Not Found: /article/1/assets/phone.css
Not Found: /article/1/assets/tablet.css
Not Found: /article/1/assets/desktop.css
Not Found: /assets/tablet.css
Not Found: /assets/phone.css
Not Found: /assets/desktop.css
Not Found: /article/1/assets/phone.css
Not Found: /article/1/assets/tablet.css
Not Found: /article/1/assets/desktop.css
Not Found: /article/1/assets/phone.css
Not Found: /article/1/assets/tablet.css
Not Found: /article/1/assets/desktop.css
Not Found: /favicon.ico
Not Found: /article/1/assets/tablet.css
Not Found: /article/1/assets/desktop.css
Not Found: /article/1/assets/phone.css
Not Found: /favicon.ico
Not Found: /article/1/assets/phone.css
Not Found: /article/1/assets/tablet.css
Not Found: /article/1/assets/desktop.css
Not Found: /favicon.ico
Not Found: /type/DUThinks/assets/phone.css
Not Found: /type/DUThinks/assets/tablet.css
Not Found: /type/DUThinks/assets/desktop.css
Not Found: /favicon.ico
Not Found: /favicon.ico
Not Found: /favicon.ico
Not Found: /favicon.ico
Not Found: /article/1/assets/phone.css
Not Found: /article/1/assets/tablet.css
Not Found: /article/1/assets/desktop.css
Not Found: /article/1/assets/phone.css
Not Found: /article/1/assets/phone.css
Not Found: /article/1/assets/tablet.css
Not Found: /article/1/assets/desktop.css
Not Found: /article/1/assets/phone.css
Not Found: /article/1/assets/phone.css
Not Found: /article/1/assets/tablet.css
Not Found: /article/1/assets/desktop.css
Not Found: /article/1/assets/phone.css
Not Found: /article/1/assets/tablet.css
Not Found: /article/1/assets/desktop.css
Not Found: /favicon.ico
Not Found: /article/1/assets/phone.css
Not Found: /article/1/assets/tablet.css
Not Found: /article/1/assets/desktop.css
Not Found: /article/1/assets/phone.css
Not Found: /article/1/assets/desktop.css
Not Found: /article/1/assets/tablet.css
Not Found: /article/1/assets/phone.css
Not Found: /article/1/assets/tablet.css
Not Found: /article/1/assets/desktop.css
Not Found: /favicon.ico
Not Found: /assets/desktop.css
Not Found: /assets/phone.css
Not Found: /assets/tablet.css
Not Found: /favicon.ico
Not Found: /article/1/assets/phone.css
Not Found: /article/1/assets/tablet.css
Not Found: /article/1/assets/desktop.css
Not Found: /article/1/assets/phone.css
Not Found: /article/1/assets/tablet.css
Not Found: /article/1/assets/desktop.css
Not Found: /favicon.ico
Not Found: /article/1/assets/phone.css
Not Found: /article/1/assets/phone.css
Not Found: /article/1/assets/tablet.css
Not Found: /article/1/assets/desktop.css
Not Found: /article/1/assets/phone.css
Not Found: /article/1/assets/tablet.css
Not Found: /article/1/assets/desktop.css
Not Found: /favicon.ico
Not Found: /robots.txt
Not Found: /article/1/assets/phone.css
Not Found: /article/1/assets/desktop.css
Not Found: /article/1/assets/tablet.css
Not Found: /article/1/assets/phone.css
Not Found: /article/1/assets/phone.css
Not Found: /article/1/assets/phone.css
Not Found: /article/1/assets/tablet.css
Not Found: /article/1/assets/desktop.css
Not Found: /favicon.ico
Not Found: /type/DUThinks/assets/phone.css
Not Found: /type/DUThinks/assets/tablet.css
Not Found: /type/DUThinks/assets/desktop.css
Not Found: /type/blog/assets/tablet.css
Not Found: /type/blog/assets/desktop.css
Not Found: /type/blog/assets/phone.css
Not Found: /type/DUThinks/assets/phone.css
Not Found: /robots.txt
Not Found: /article/1/assets/phone.css
Not Found: /article/1/assets/tablet.css
Not Found: /article/1/assets/desktop.css
Not Found: /article/1/assets/phone.css
Not Found: /article/1/assets/tablet.css
Not Found: /article/1/assets/desktop.css
Not Found: /article/1/assets/phone.css
Not Found: /article/1/assets/tablet.css
Not Found: /article/1/assets/desktop.css
Not Found: /article/1/assets/phone.css
Not Found: /article/1/assets/tablet.css
Not Found: /article/1/assets/desktop.css
Not Found: /assets/desktop.css
Not Found: /assets/phone.css
Not Found: /assets/tablet.css
Not Found: /favicon.ico
Not Found: /type/bookreview/assets/desktop.css
Not Found: /type/bookreview/assets/phone.css
Not Found: /type/bookreview/assets/tablet.css
Not Found: /type/DUThinks/assets/desktop.css
Not Found: /type/DUThinks/assets/phone.css
Not Found: /type/DUThinks/assets/tablet.css
Not Found: /assets/desktop.css
Not Found: /assets/phone.css
Not Found: /assets/tablet.css
Not Found: /assets/desktop.css
Not Found: /assets/tablet.css
Not Found: /assets/phone.css
Not Found: /assets/desktop.css
Not Found: /assets/tablet.css
Not Found: /assets/phone.css
Not Found: /article/1/assets/phone.css
Not Found: /article/1/assets/tablet.css
Not Found: /article/1/assets/desktop.css
Not Found: /article/1/assets/phone.css
Not Found: /article/1/assets/phone.css
Not Found: /article/1/assets/tablet.css
Not Found: /assets/phone.css
Not Found: /assets/desktop.css
Not Found: /article/1/assets/phone.css
Not Found: /article/1/assets/desktop.css
Not Found: /article/1/assets/tablet.css
Not Found: /type/DUThinks/assets/phone.css
Not Found: /type/DUThinks/assets/desktop.css
Not Found: /type/DUThinks/assets/tablet.css
Not Found: /article/1/assets/phone.css
Not Found: /article/1/assets/tablet.css
Not Found: /article/1/assets/desktop.css
Not Found: /assets/tablet.css
Not Found: /assets/phone.css
Not Found: /assets/desktop.css
Not Found: /favicon.ico
Not Found: /article/1/assets/phone.css
Not Found: /article/1/assets/tablet.css
Not Found: /article/1/assets/desktop.css
Not Found: /article/1/assets/phone.css
Not Found: /article/1/assets/desktop.css
Not Found: /article/1/assets/tablet.css
Not Found: /article/1/assets/phone.css
Not Found: /article/1/assets/tablet.css
Not Found: /article/1/assets/desktop.css
Not Found: /favicon.ico
Not Found: /article/1/assets/phone.css
Not Found: /article/1/assets/phone.css
Not Found: /article/1/assets/tablet.css
Not Found: /article/1/assets/desktop.css
Not Found: /type/journal/assets/desktop.css
Not Found: /type/journal/assets/phone.css
Not Found: /type/journal/assets/tablet.css
Not Found: /assets/desktop.css
Not Found: /assets/phone.css
Not Found: /assets/tablet.css
Not Found: /article/1/assets/phone.css
Not Found: /article/1/assets/tablet.css
Not Found: /article/1/assets/desktop.css
Not Found: /favicon.ico
Not Found: /article/1/assets/phone.css
Not Found: /article/1/assets/desktop.css
Not Found: /article/1/assets/tablet.css
Not Found: /favicon.ico
Not Found: /article/1/assets/phone.css
Not Found: /article/1/assets/tablet.css
Not Found: /article/1/assets/desktop.css
Not Found: /article/1/assets/phone.css
Not Found: /article/1/assets/tablet.css
Not Found: /article/1/assets/desktop.css
Not Found: /article/1/assets/phone.css
Not Found: /article/1/assets/phone.css
Not Found: /article/1/assets/tablet.css
Not Found: /article/1/assets/desktop.css
Not Found: /favicon.ico
Not Found: /favicon.ico
Not Found: /article/1/assets/phone.css
Not Found: /article/1/assets/tablet.css
Not Found: /article/1/assets/desktop.css
Not Found: /assets/phone.css
Not Found: /assets/desktop.css
Not Found: /assets/tablet.css
Not Found: /favicon.ico
Not Found: /assets/desktop.css
Not Found: /assets/phone.css
Not Found: /assets/tablet.css
Not Found: /favicon.ico
Not Found: /assets/desktop.css
Not Found: /assets/phone.css
Not Found: /assets/tablet.css
Not Found: /assets/desktop.css
Not Found: /assets/phone.css
Not Found: /assets/tablet.css
Not Found: /favicon.ico
Not Found: /assets/phone.css
Not Found: /assets/desktop.css
Not Found: /assets/tablet.css
Not Found: /favicon.ico
Not Found: /article/1/assets/phone.css
Not Found: /article/1/assets/tablet.css
Not Found: /article/1/assets/desktop.css
Not Found: /favicon.ico
Not Found: /assets/phone.css
Not Found: /assets/desktop.css
Not Found: /assets/tablet.css
Not Found: /favicon.ico
Not Found: /type/DUThinks/assets/desktop.css
Not Found: /type/DUThinks/assets/phone.css
Not Found: /type/DUThinks/assets/tablet.css
Not Found: /assets/phone.css
Not Found: /assets/desktop.css
Not Found: /assets/tablet.css
Not Found: /type/blog/assets/desktop.css
Not Found: /type/blog/assets/phone.css
Not Found: /type/blog/assets/tablet.css
Not Found: /type/bookreview/assets/desktop.css
Not Found: /type/bookreview/assets/tablet.css
Not Found: /type/bookreview/assets/phone.css
Not Found: /article/1/assets/phone.css
Not Found: /article/1/assets/phone.css
Not Found: /article/1/assets/tablet.css
Not Found: /article/1/assets/desktop.css
Not Found: /article/1/assets/phone.css
Not Found: /article/1/assets/tablet.css
Not Found: /article/1/assets/desktop.css
Not Found: /article/1/assets/desktop.css
Not Found: /article/1/assets/phone.css
Not Found: /article/1/assets/tablet.css
Not Found: /favicon.ico
Not Found: /article/1/assets/phone.css
Not Found: /article/1/assets/desktop.css
Not Found: /article/1/assets/tablet.css
Not Found: /favicon.ico
Not Found: /article/1/assets/tablet.css
Not Found: /article/1/assets/phone.css
Not Found: /article/1/assets/tablet.css
Not Found: /article/1/assets/desktop.css
Not Found: /favicon.ico
Not Found: /favicon.ico
Not Found: /assets/phone.css
Not Found: /assets/tablet.css
Not Found: /assets/desktop.css
Not Found: /article/2/assets/phone.css
Not Found: /article/2/assets/tablet.css
Not Found: /article/2/assets/desktop.css
Not Found: /assets/phone.css
Not Found: /assets/tablet.css
Not Found: /assets/desktop.css
Not Found: /assets/desktop.css
Not Found: /assets/tablet.css
Not Found: /assets/phone.css
Not Found: /assets/phone.css
Not Found: /assets/tablet.css
Not Found: /assets/desktop.css
Not Found: /assets/phone.css
Not Found: /assets/phone.css
Not Found: /assets/phone.css
Not Found: /article/1/assets/phone.css
Not Found: /article/1/assets/tablet.css
Not Found: /article/1/assets/desktop.css
Not Found: /article/1/assets/phone.css
Not Found: /article/1/assets/phone.css
Not Found: /article/1/assets/tablet.css
Not Found: /article/1/assets/desktop.css
Not Found: /favicon.ico
Not Found: /article/1/assets/phone.css
Not Found: /article/1/assets/tablet.css
Not Found: /article/1/assets/desktop.css
Not Found: /article/1/assets/phone.css
Not Found: /article/1/assets/tablet.css
Not Found: /article/1/assets/desktop.css
Not Found: /article/1/assets/phone.css
Not Found: /article/1/assets/tablet.css
Not Found: /article/1/assets/desktop.css
Not Found: /article/1/assets/phone.css
Not Found: /article/1/assets/tablet.css
Not Found: /article/1/assets/desktop.css
Not Found: /article/1/assets/phone.css
Not Found: /robots.txt
Internal Server Error: /type/duthinks/
Traceback (most recent call last):
  File "/home/ducsulprcom/virtualenv/DUCSU_LPR/3.7/lib/python3.7/site-packages/django/core/handlers/exception.py", line 35, in inner
    response = get_response(request)
  File "/home/ducsulprcom/virtualenv/DUCSU_LPR/3.7/lib/python3.7/site-packages/django/core/handlers/base.py", line 139, in _get_response
    "returned None instead." % (callback.__module__, view_name)
ValueError: The view articles.views.showList didn't return an HttpResponse object. It returned None instead.
Not Found: /article/1/assets/phone.css
Not Found: /article/1/assets/tablet.css
Not Found: /article/1/assets/desktop.css
Not Found: /favicon.ico
Not Found: /favicon.ico
Not Found: /article/1/assets/phone.css
Not Found: /article/1/assets/tablet.css
Not Found: /article/1/assets/desktop.css
Not Found: /article/1/assets/phone.css
Not Found: /robots.txt
Not Found: /article/1/assets/tablet.css
Not Found: /article/1/assets/desktop.css
Not Found: /article/1/assets/phone.css
Not Found: /article/1/assets/tablet.css
Not Found: /article/1/assets/phone.css
Not Found: /article/1/assets/tablet.css
Not Found: /article/1/assets/desktop.css
Not Found: /favicon.ico
Not Found: /favicon.ico
Not Found: /article/1/assets/phone.css
Not Found: /article/1/assets/tablet.css
Not Found: /article/1/assets/desktop.css
Not Found: /article/1/assets/phone.css
Not Found: /article/1/assets/phone.css
Not Found: /article/1/assets/tablet.css
Not Found: /article/1/assets/desktop.css
Not Found: /favicon.ico
Not Found: /article/1/assets/phone.css
Not Found: /article/1/assets/tablet.css
Not Found: /article/1/assets/desktop.css
Not Found: /favicon.ico
Not Found: /favicon.ico
Not Found: /favicon.ico
Not Found: /article/1/assets/phone.css
Not Found: /article/1/assets/tablet.css
Not Found: /article/1/assets/desktop.css
Not Found: /assets/desktop.css
Not Found: /assets/phone.css
Not Found: /assets/tablet.css
Not Found: /favicon.ico
Not Found: /favicon.ico
Not Found: /article/1/assets/phone.css
Not Found: /article/1/assets/desktop.css
Not Found: /article/1/assets/tablet.css
Not Found: /favicon.ico
Not Found: /article/1/assets/phone.css
Not Found: /article/1/assets/tablet.css
Not Found: /article/1/assets/desktop.css
Not Found: /article/1/assets/phone.css
Not Found: /article/1/assets/tablet.css
Not Found: /article/1/assets/desktop.css
Not Found: /article/1/assets/phone.css
Not Found: /article/1/assets/tablet.css
Not Found: /favicon.ico
Not Found: /assets/desktop.css
Not Found: /assets/phone.css
Not Found: /assets/tablet.css
Not Found: /article/2/assets/desktop.css
Not Found: /article/2/assets/phone.css
Not Found: /article/2/assets/tablet.css
Not Found: /type/DUThinks/assets/phone.css
Not Found: /type/DUThinks/assets/tablet.css
Not Found: /type/DUThinks/assets/desktop.css
Not Found: /favicon.ico
Not Found: /assets/phone.css
Not Found: /assets/tablet.css
Not Found: /assets/desktop.css
Not Found: /assets/desktop.css
Not Found: /assets/phone.css
Not Found: /assets/tablet.css
Not Found: /assets/desktop.css
Not Found: /assets/phone.css
Not Found: /assets/tablet.css
Not Found: /type/DUThinks/assets/desktop.css
Not Found: /type/DUThinks/assets/phone.css
Not Found: /type/DUThinks/assets/tablet.css
Not Found: /article/2/assets/phone.css
Not Found: /article/2/assets/tablet.css
Not Found: /article/2/assets/desktop.css
Internal Server Error: /type/LPR%20News/
Traceback (most recent call last):
  File "/home/ducsulprcom/virtualenv/DUCSU_LPR/3.7/lib/python3.7/site-packages/django/core/handlers/exception.py", line 35, in inner
    response = get_response(request)
  File "/home/ducsulprcom/virtualenv/DUCSU_LPR/3.7/lib/python3.7/site-packages/django/core/handlers/base.py", line 139, in _get_response
    "returned None instead." % (callback.__module__, view_name)
ValueError: The view articles.views.showList didn't return an HttpResponse object. It returned None instead.
Not Found: /article/2/assets/phone.css
Not Found: /article/2/assets/tablet.css
Not Found: /assets/desktop.css
Not Found: /assets/phone.css
Not Found: /assets/tablet.css
Internal Server Error: /type/LPRNews/
Traceback (most recent call last):
  File "/home/ducsulprcom/virtualenv/DUCSU_LPR/3.7/lib/python3.7/site-packages/django/core/handlers/exception.py", line 35, in inner
    response = get_response(request)
  File "/home/ducsulprcom/virtualenv/DUCSU_LPR/3.7/lib/python3.7/site-packages/django/core/handlers/base.py", line 139, in _get_response
    "returned None instead." % (callback.__module__, view_name)
ValueError: The view articles.views.showList didn't return an HttpResponse object. It returned None instead.
Not Found: /assets/desktop.css
Not Found: /assets/phone.css
Not Found: /assets/tablet.css
Internal Server Error: /type/LPRNews/
Traceback (most recent call last):
  File "/home/ducsulprcom/virtualenv/DUCSU_LPR/3.7/lib/python3.7/site-packages/django/core/handlers/exception.py", line 35, in inner
    response = get_response(request)
  File "/home/ducsulprcom/virtualenv/DUCSU_LPR/3.7/lib/python3.7/site-packages/django/core/handlers/base.py", line 139, in _get_response
    "returned None instead." % (callback.__module__, view_name)
ValueError: The view articles.views.showList didn't return an HttpResponse object. It returned None instead.
Not Found: /assets/phone.css
Not Found: /assets/desktop.css
Not Found: /assets/tablet.css
Not Found: /favicon.ico
Not Found: /assets/desktop.css
Not Found: /assets/phone.css
Not Found: /assets/tablet.css
Not Found: /favicon.ico
Not Found: /assets/desktop.css
Not Found: /assets/desktop.css
Not Found: /assets/phone.css
Not Found: /assets/tablet.css
Internal Server Error: /type/LPRNews/
Traceback (most recent call last):
  File "/home/ducsulprcom/virtualenv/DUCSU_LPR/3.7/lib/python3.7/site-packages/django/core/handlers/exception.py", line 35, in inner
    response = get_response(request)
  File "/home/ducsulprcom/virtualenv/DUCSU_LPR/3.7/lib/python3.7/site-packages/django/core/handlers/base.py", line 139, in _get_response
    "returned None instead." % (callback.__module__, view_name)
ValueError: The view articles.views.showList didn't return an HttpResponse object. It returned None instead.
Not Found: /assets/desktop.css
Not Found: /assets/phone.css
Not Found: /assets/tablet.css
Not Found: /assets/desktop.css
Not Found: /assets/tablet.css
Not Found: /assets/phone.css
Not Found: /assets/desktop.css
Not Found: /assets/tablet.css
Not Found: /assets/phone.css
Internal Server Error: /type/LPRNews/
Traceback (most recent call last):
  File "/home/ducsulprcom/virtualenv/DUCSU_LPR/3.7/lib/python3.7/site-packages/django/core/handlers/exception.py", line 35, in inner
    response = get_response(request)
  File "/home/ducsulprcom/virtualenv/DUCSU_LPR/3.7/lib/python3.7/site-packages/django/core/handlers/base.py", line 139, in _get_response
    "returned None instead." % (callback.__module__, view_name)
ValueError: The view articles.views.showList didn't return an HttpResponse object. It returned None instead.
Not Found: /assets/desktop.css
2019-12-12 12:49:20.383557 [16427] Child process with pid: 16434 was killed by signal: 15, core dump: 0
2019-12-12 12:49:22.622390 [16427] Child process with pid: 16486 was killed by signal: 15, core dump: 0
2019-12-12 12:49:34.581938 [16427] Child process with pid: 16662 was killed by signal: 15, core dump: 0
Traceback (most recent call last):
  File "/home/ducsulprcom/DUCSU_LPR/passenger_wsgi.py", line 8, in <module>
    wsgi = imp.load_source('wsgi', 'home/ducsulprcom/DUCSU_LPR/manage.py')
  File "/home/ducsulprcom/virtualenv/DUCSU_LPR/3.7/lib64/python3.7/imp.py", line 171, in load_source
    module = _load(spec)
  File "<frozen importlib._bootstrap>", line 696, in _load
  File "<frozen importlib._bootstrap>", line 677, in _load_unlocked
  File "<frozen importlib._bootstrap_external>", line 724, in exec_module
  File "<frozen importlib._bootstrap_external>", line 860, in get_code
  File "<frozen importlib._bootstrap_external>", line 791, in source_to_code
  File "<frozen importlib._bootstrap>", line 219, in _call_with_frames_removed
  File "home/ducsulprcom/DUCSU_LPR/manage.py", line 8
    def home/ducsulprcom/DUCSU_LPR/lpr/wsgi.py(environ, start_response):
            ^
SyntaxError: invalid syntax
2019-12-12 06:50:47.943258 [19387] Child process with pid: 19393 was killed by signal: 15, core dump: 0
Traceback (most recent call last):
  File "/home/ducsulprcom/DUCSU_LPR/passenger_wsgi.py", line 1, in <module>
    from lpr.wsgi import applications
ImportError: cannot import name 'applications' from 'lpr.wsgi' (/home/ducsulprcom/DUCSU_LPR/lpr/wsgi.py)
Internal Server Error: /
Traceback (most recent call last):
  File "/home/ducsulprcom/virtualenv/DUCSU_LPR/3.7/lib/python3.7/site-packages/django/db/backends/utils.py", line 85, in _execute
    return self.cursor.execute(sql, params)
  File "/home/ducsulprcom/virtualenv/DUCSU_LPR/3.7/lib/python3.7/site-packages/django/db/backends/sqlite3/base.py", line 303, in execute
    return Database.Cursor.execute(self, query, params)
sqlite3.OperationalError: no such column: articles_article.youtube_link

The above exception was the direct cause of the following exception:

Traceback (most recent call last):
  File "/home/ducsulprcom/virtualenv/DUCSU_LPR/3.7/lib/python3.7/site-packages/django/core/handlers/exception.py", line 35, in inner
    response = get_response(request)
  File "/home/ducsulprcom/virtualenv/DUCSU_LPR/3.7/lib/python3.7/site-packages/django/core/handlers/base.py", line 128, in _get_response
    response = self.process_exception_by_middleware(e, request)
  File "/home/ducsulprcom/virtualenv/DUCSU_LPR/3.7/lib/python3.7/site-packages/django/core/handlers/base.py", line 126, in _get_response
    response = wrapped_callback(request, *callback_args, **callback_kwargs)
  File "/home/ducsulprcom/DUCSU_LPR/articles/views.py", line 10, in index
    return render(request, 'articles/index.html', context)
  File "/home/ducsulprcom/virtualenv/DUCSU_LPR/3.7/lib/python3.7/site-packages/django/shortcuts.py", line 36, in render
    content = loader.render_to_string(template_name, context, request, using=using)
  File "/home/ducsulprcom/virtualenv/DUCSU_LPR/3.7/lib/python3.7/site-packages/django/template/loader.py", line 62, in render_to_string
    return template.render(context, request)
  File "/home/ducsulprcom/virtualenv/DUCSU_LPR/3.7/lib/python3.7/site-packages/django/template/backends/django.py", line 61, in render
    return self.template.render(context)
  File "/home/ducsulprcom/virtualenv/DUCSU_LPR/3.7/lib/python3.7/site-packages/django/template/base.py", line 175, in render
    return self._render(context)
  File "/home/ducsulprcom/virtualenv/DUCSU_LPR/3.7/lib/python3.7/site-packages/django/template/base.py", line 167, in _render
    return self.nodelist.render(context)
  File "/home/ducsulprcom/virtualenv/DUCSU_LPR/3.7/lib/python3.7/site-packages/django/template/base.py", line 943, in render
    bit = node.render_annotated(context)
  File "/home/ducsulprcom/virtualenv/DUCSU_LPR/3.7/lib/python3.7/site-packages/django/template/base.py", line 910, in render_annotated
    return self.render(context)
  File "/home/ducsulprcom/virtualenv/DUCSU_LPR/3.7/lib/python3.7/site-packages/django/template/loader_tags.py", line 155, in render
    return compiled_parent._render(context)
  File "/home/ducsulprcom/virtualenv/DUCSU_LPR/3.7/lib/python3.7/site-packages/django/template/base.py", line 167, in _render
    return self.nodelist.render(context)
  File "/home/ducsulprcom/virtualenv/DUCSU_LPR/3.7/lib/python3.7/site-packages/django/template/base.py", line 943, in render
    bit = node.render_annotated(context)
  File "/home/ducsulprcom/virtualenv/DUCSU_LPR/3.7/lib/python3.7/site-packages/django/template/base.py", line 910, in render_annotated
    return self.render(context)
  File "/home/ducsulprcom/virtualenv/DUCSU_LPR/3.7/lib/python3.7/site-packages/django/template/loader_tags.py", line 67, in render
    result = block.nodelist.render(context)
  File "/home/ducsulprcom/virtualenv/DUCSU_LPR/3.7/lib/python3.7/site-packages/django/template/base.py", line 943, in render
    bit = node.render_annotated(context)
  File "/home/ducsulprcom/virtualenv/DUCSU_LPR/3.7/lib/python3.7/site-packages/django/template/base.py", line 910, in render_annotated
    return self.render(context)
  File "/home/ducsulprcom/virtualenv/DUCSU_LPR/3.7/lib/python3.7/site-packages/django/template/defaulttags.py", line 168, in render
    len_values = len(values)
  File "/home/ducsulprcom/virtualenv/DUCSU_LPR/3.7/lib/python3.7/site-packages/django/db/models/query.py", line 254, in __len__
    self._fetch_all()
  File "/home/ducsulprcom/virtualenv/DUCSU_LPR/3.7/lib/python3.7/site-packages/django/db/models/query.py", line 1179, in _fetch_all
    self._result_cache = list(self._iterable_class(self))
  File "/home/ducsulprcom/virtualenv/DUCSU_LPR/3.7/lib/python3.7/site-packages/django/db/models/query.py", line 54, in __iter__
    results = compiler.execute_sql(chunked_fetch=self.chunked_fetch, chunk_size=self.chunk_size)
  File "/home/ducsulprcom/virtualenv/DUCSU_LPR/3.7/lib/python3.7/site-packages/django/db/models/sql/compiler.py", line 1063, in execute_sql
    cursor.execute(sql, params)
  File "/home/ducsulprcom/virtualenv/DUCSU_LPR/3.7/lib/python3.7/site-packages/django/db/backends/utils.py", line 100, in execute
    return super().execute(sql, params)
  File "/home/ducsulprcom/virtualenv/DUCSU_LPR/3.7/lib/python3.7/site-packages/django/db/backends/utils.py", line 68, in execute
    return self._execute_with_wrappers(sql, params, many=False, executor=self._execute)
  File "/home/ducsulprcom/virtualenv/DUCSU_LPR/3.7/lib/python3.7/site-packages/django/db/backends/utils.py", line 77, in _execute_with_wrappers
    return executor(sql, params, many, context)
  File "/home/ducsulprcom/virtualenv/DUCSU_LPR/3.7/lib/python3.7/site-packages/django/db/backends/utils.py", line 85, in _execute
    return self.cursor.execute(sql, params)
  File "/home/ducsulprcom/virtualenv/DUCSU_LPR/3.7/lib/python3.7/site-packages/django/db/utils.py", line 89, in __exit__
    raise dj_exc_value.with_traceback(traceback) from exc_value
  File "/home/ducsulprcom/virtualenv/DUCSU_LPR/3.7/lib/python3.7/site-packages/django/db/backends/utils.py", line 85, in _execute
    return self.cursor.execute(sql, params)
  File "/home/ducsulprcom/virtualenv/DUCSU_LPR/3.7/lib/python3.7/site-packages/django/db/backends/sqlite3/base.py", line 303, in execute
    return Database.Cursor.execute(self, query, params)
django.db.utils.OperationalError: no such column: articles_article.youtube_link
Internal Server Error: /
Traceback (most recent call last):
  File "/home/ducsulprcom/virtualenv/DUCSU_LPR/3.7/lib/python3.7/site-packages/django/db/backends/utils.py", line 85, in _execute
    return self.cursor.execute(sql, params)
  File "/home/ducsulprcom/virtualenv/DUCSU_LPR/3.7/lib/python3.7/site-packages/django/db/backends/sqlite3/base.py", line 303, in execute
    return Database.Cursor.execute(self, query, params)
sqlite3.OperationalError: no such column: articles_article.youtube_link

The above exception was the direct cause of the following exception:

Traceback (most recent call last):
  File "/home/ducsulprcom/virtualenv/DUCSU_LPR/3.7/lib/python3.7/site-packages/django/core/handlers/exception.py", line 35, in inner
    response = get_response(request)
  File "/home/ducsulprcom/virtualenv/DUCSU_LPR/3.7/lib/python3.7/site-packages/django/core/handlers/base.py", line 128, in _get_response
    response = self.process_exception_by_middleware(e, request)
  File "/home/ducsulprcom/virtualenv/DUCSU_LPR/3.7/lib/python3.7/site-packages/django/core/handlers/base.py", line 126, in _get_response
    response = wrapped_callback(request, *callback_args, **callback_kwargs)
  File "/home/ducsulprcom/DUCSU_LPR/articles/views.py", line 10, in index
    return render(request, 'articles/index.html', context)
  File "/home/ducsulprcom/virtualenv/DUCSU_LPR/3.7/lib/python3.7/site-packages/django/shortcuts.py", line 36, in render
    content = loader.render_to_string(template_name, context, request, using=using)
  File "/home/ducsulprcom/virtualenv/DUCSU_LPR/3.7/lib/python3.7/site-packages/django/template/loader.py", line 62, in render_to_string
    return template.render(context, request)
  File "/home/ducsulprcom/virtualenv/DUCSU_LPR/3.7/lib/python3.7/site-packages/django/template/backends/django.py", line 61, in render
    return self.template.render(context)
  File "/home/ducsulprcom/virtualenv/DUCSU_LPR/3.7/lib/python3.7/site-packages/django/template/base.py", line 175, in render
    return self._render(context)
  File "/home/ducsulprcom/virtualenv/DUCSU_LPR/3.7/lib/python3.7/site-packages/django/template/base.py", line 167, in _render
    return self.nodelist.render(context)
  File "/home/ducsulprcom/virtualenv/DUCSU_LPR/3.7/lib/python3.7/site-packages/django/template/base.py", line 943, in render
    bit = node.render_annotated(context)
  File "/home/ducsulprcom/virtualenv/DUCSU_LPR/3.7/lib/python3.7/site-packages/django/template/base.py", line 910, in render_annotated
    return self.render(context)
  File "/home/ducsulprcom/virtualenv/DUCSU_LPR/3.7/lib/python3.7/site-packages/django/template/loader_tags.py", line 155, in render
    return compiled_parent._render(context)
  File "/home/ducsulprcom/virtualenv/DUCSU_LPR/3.7/lib/python3.7/site-packages/django/template/base.py", line 167, in _render
    return self.nodelist.render(context)
  File "/home/ducsulprcom/virtualenv/DUCSU_LPR/3.7/lib/python3.7/site-packages/django/template/base.py", line 943, in render
    bit = node.render_annotated(context)
  File "/home/ducsulprcom/virtualenv/DUCSU_LPR/3.7/lib/python3.7/site-packages/django/template/base.py", line 910, in render_annotated
    return self.render(context)
  File "/home/ducsulprcom/virtualenv/DUCSU_LPR/3.7/lib/python3.7/site-packages/django/template/loader_tags.py", line 67, in render
    result = block.nodelist.render(context)
  File "/home/ducsulprcom/virtualenv/DUCSU_LPR/3.7/lib/python3.7/site-packages/django/template/base.py", line 943, in render
    bit = node.render_annotated(context)
  File "/home/ducsulprcom/virtualenv/DUCSU_LPR/3.7/lib/python3.7/site-packages/django/template/base.py", line 910, in render_annotated
    return self.render(context)
  File "/home/ducsulprcom/virtualenv/DUCSU_LPR/3.7/lib/python3.7/site-packages/django/template/defaulttags.py", line 168, in render
    len_values = len(values)
  File "/home/ducsulprcom/virtualenv/DUCSU_LPR/3.7/lib/python3.7/site-packages/django/db/models/query.py", line 254, in __len__
    self._fetch_all()
  File "/home/ducsulprcom/virtualenv/DUCSU_LPR/3.7/lib/python3.7/site-packages/django/db/models/query.py", line 1179, in _fetch_all
    self._result_cache = list(self._iterable_class(self))
  File "/home/ducsulprcom/virtualenv/DUCSU_LPR/3.7/lib/python3.7/site-packages/django/db/models/query.py", line 54, in __iter__
    results = compiler.execute_sql(chunked_fetch=self.chunked_fetch, chunk_size=self.chunk_size)
  File "/home/ducsulprcom/virtualenv/DUCSU_LPR/3.7/lib/python3.7/site-packages/django/db/models/sql/compiler.py", line 1063, in execute_sql
    cursor.execute(sql, params)
  File "/home/ducsulprcom/virtualenv/DUCSU_LPR/3.7/lib/python3.7/site-packages/django/db/backends/utils.py", line 100, in execute
    return super().execute(sql, params)
  File "/home/ducsulprcom/virtualenv/DUCSU_LPR/3.7/lib/python3.7/site-packages/django/db/backends/utils.py", line 68, in execute
    return self._execute_with_wrappers(sql, params, many=False, executor=self._execute)
  File "/home/ducsulprcom/virtualenv/DUCSU_LPR/3.7/lib/python3.7/site-packages/django/db/backends/utils.py", line 77, in _execute_with_wrappers
    return executor(sql, params, many, context)
  File "/home/ducsulprcom/virtualenv/DUCSU_LPR/3.7/lib/python3.7/site-packages/django/db/backends/utils.py", line 85, in _execute
    return self.cursor.execute(sql, params)
  File "/home/ducsulprcom/virtualenv/DUCSU_LPR/3.7/lib/python3.7/site-packages/django/db/utils.py", line 89, in __exit__
    raise dj_exc_value.with_traceback(traceback) from exc_value
  File "/home/ducsulprcom/virtualenv/DUCSU_LPR/3.7/lib/python3.7/site-packages/django/db/backends/utils.py", line 85, in _execute
    return self.cursor.execute(sql, params)
  File "/home/ducsulprcom/virtualenv/DUCSU_LPR/3.7/lib/python3.7/site-packages/django/db/backends/sqlite3/base.py", line 303, in execute
    return Database.Cursor.execute(self, query, params)
django.db.utils.OperationalError: no such column: articles_article.youtube_link
Internal Server Error: /
Traceback (most recent call last):
  File "/home/ducsulprcom/virtualenv/DUCSU_LPR/3.7/lib/python3.7/site-packages/django/db/backends/utils.py", line 85, in _execute
    return self.cursor.execute(sql, params)
  File "/home/ducsulprcom/virtualenv/DUCSU_LPR/3.7/lib/python3.7/site-packages/django/db/backends/sqlite3/base.py", line 303, in execute
    return Database.Cursor.execute(self, query, params)
sqlite3.OperationalError: no such column: articles_article.youtube_link

The above exception was the direct cause of the following exception:

Traceback (most recent call last):
  File "/home/ducsulprcom/virtualenv/DUCSU_LPR/3.7/lib/python3.7/site-packages/django/core/handlers/exception.py", line 35, in inner
    response = get_response(request)
  File "/home/ducsulprcom/virtualenv/DUCSU_LPR/3.7/lib/python3.7/site-packages/django/core/handlers/base.py", line 128, in _get_response
    response = self.process_exception_by_middleware(e, request)
  File "/home/ducsulprcom/virtualenv/DUCSU_LPR/3.7/lib/python3.7/site-packages/django/core/handlers/base.py", line 126, in _get_response
    response = wrapped_callback(request, *callback_args, **callback_kwargs)
  File "/home/ducsulprcom/DUCSU_LPR/articles/views.py", line 10, in index
    return render(request, 'articles/index.html', context)
  File "/home/ducsulprcom/virtualenv/DUCSU_LPR/3.7/lib/python3.7/site-packages/django/shortcuts.py", line 36, in render
    content = loader.render_to_string(template_name, context, request, using=using)
  File "/home/ducsulprcom/virtualenv/DUCSU_LPR/3.7/lib/python3.7/site-packages/django/template/loader.py", line 62, in render_to_string
    return template.render(context, request)
  File "/home/ducsulprcom/virtualenv/DUCSU_LPR/3.7/lib/python3.7/site-packages/django/template/backends/django.py", line 61, in render
    return self.template.render(context)
  File "/home/ducsulprcom/virtualenv/DUCSU_LPR/3.7/lib/python3.7/site-packages/django/template/base.py", line 175, in render
    return self._render(context)
  File "/home/ducsulprcom/virtualenv/DUCSU_LPR/3.7/lib/python3.7/site-packages/django/template/base.py", line 167, in _render
    return self.nodelist.render(context)
  File "/home/ducsulprcom/virtualenv/DUCSU_LPR/3.7/lib/python3.7/site-packages/django/template/base.py", line 943, in render
    bit = node.render_annotated(context)
  File "/home/ducsulprcom/virtualenv/DUCSU_LPR/3.7/lib/python3.7/site-packages/django/template/base.py", line 910, in render_annotated
    return self.render(context)
  File "/home/ducsulprcom/virtualenv/DUCSU_LPR/3.7/lib/python3.7/site-packages/django/template/loader_tags.py", line 155, in render
    return compiled_parent._render(context)
  File "/home/ducsulprcom/virtualenv/DUCSU_LPR/3.7/lib/python3.7/site-packages/django/template/base.py", line 167, in _render
    return self.nodelist.render(context)
  File "/home/ducsulprcom/virtualenv/DUCSU_LPR/3.7/lib/python3.7/site-packages/django/template/base.py", line 943, in render
    bit = node.render_annotated(context)
  File "/home/ducsulprcom/virtualenv/DUCSU_LPR/3.7/lib/python3.7/site-packages/django/template/base.py", line 910, in render_annotated
    return self.render(context)
  File "/home/ducsulprcom/virtualenv/DUCSU_LPR/3.7/lib/python3.7/site-packages/django/template/loader_tags.py", line 67, in render
    result = block.nodelist.render(context)
  File "/home/ducsulprcom/virtualenv/DUCSU_LPR/3.7/lib/python3.7/site-packages/django/template/base.py", line 943, in render
    bit = node.render_annotated(context)
  File "/home/ducsulprcom/virtualenv/DUCSU_LPR/3.7/lib/python3.7/site-packages/django/template/base.py", line 910, in render_annotated
    return self.render(context)
  File "/home/ducsulprcom/virtualenv/DUCSU_LPR/3.7/lib/python3.7/site-packages/django/template/defaulttags.py", line 168, in render
    len_values = len(values)
  File "/home/ducsulprcom/virtualenv/DUCSU_LPR/3.7/lib/python3.7/site-packages/django/db/models/query.py", line 254, in __len__
    self._fetch_all()
  File "/home/ducsulprcom/virtualenv/DUCSU_LPR/3.7/lib/python3.7/site-packages/django/db/models/query.py", line 1179, in _fetch_all
    self._result_cache = list(self._iterable_class(self))
  File "/home/ducsulprcom/virtualenv/DUCSU_LPR/3.7/lib/python3.7/site-packages/django/db/models/query.py", line 54, in __iter__
    results = compiler.execute_sql(chunked_fetch=self.chunked_fetch, chunk_size=self.chunk_size)
  File "/home/ducsulprcom/virtualenv/DUCSU_LPR/3.7/lib/python3.7/site-packages/django/db/models/sql/compiler.py", line 1063, in execute_sql
    cursor.execute(sql, params)
  File "/home/ducsulprcom/virtualenv/DUCSU_LPR/3.7/lib/python3.7/site-packages/django/db/backends/utils.py", line 100, in execute
    return super().execute(sql, params)
  File "/home/ducsulprcom/virtualenv/DUCSU_LPR/3.7/lib/python3.7/site-packages/django/db/backends/utils.py", line 68, in execute
    return self._execute_with_wrappers(sql, params, many=False, executor=self._execute)
  File "/home/ducsulprcom/virtualenv/DUCSU_LPR/3.7/lib/python3.7/site-packages/django/db/backends/utils.py", line 77, in _execute_with_wrappers
    return executor(sql, params, many, context)
  File "/home/ducsulprcom/virtualenv/DUCSU_LPR/3.7/lib/python3.7/site-packages/django/db/backends/utils.py", line 85, in _execute
    return self.cursor.execute(sql, params)
  File "/home/ducsulprcom/virtualenv/DUCSU_LPR/3.7/lib/python3.7/site-packages/django/db/utils.py", line 89, in __exit__
    raise dj_exc_value.with_traceback(traceback) from exc_value
  File "/home/ducsulprcom/virtualenv/DUCSU_LPR/3.7/lib/python3.7/site-packages/django/db/backends/utils.py", line 85, in _execute
    return self.cursor.execute(sql, params)
  File "/home/ducsulprcom/virtualenv/DUCSU_LPR/3.7/lib/python3.7/site-packages/django/db/backends/sqlite3/base.py", line 303, in execute
    return Database.Cursor.execute(self, query, params)
django.db.utils.OperationalError: no such column: articles_article.youtube_link
Internal Server Error: /
Traceback (most recent call last):
  File "/home/ducsulprcom/virtualenv/DUCSU_LPR/3.7/lib/python3.7/site-packages/django/db/backends/utils.py", line 85, in _execute
    return self.cursor.execute(sql, params)
  File "/home/ducsulprcom/virtualenv/DUCSU_LPR/3.7/lib/python3.7/site-packages/django/db/backends/sqlite3/base.py", line 303, in execute
    return Database.Cursor.execute(self, query, params)
sqlite3.OperationalError: no such column: articles_article.youtube_link

The above exception was the direct cause of the following exception:

Traceback (most recent call last):
  File "/home/ducsulprcom/virtualenv/DUCSU_LPR/3.7/lib/python3.7/site-packages/django/core/handlers/exception.py", line 35, in inner
    response = get_response(request)
  File "/home/ducsulprcom/virtualenv/DUCSU_LPR/3.7/lib/python3.7/site-packages/django/core/handlers/base.py", line 128, in _get_response
    response = self.process_exception_by_middleware(e, request)
  File "/home/ducsulprcom/virtualenv/DUCSU_LPR/3.7/lib/python3.7/site-packages/django/core/handlers/base.py", line 126, in _get_response
    response = wrapped_callback(request, *callback_args, **callback_kwargs)
  File "/home/ducsulprcom/DUCSU_LPR/articles/views.py", line 10, in index
    return render(request, 'articles/index.html', context)
  File "/home/ducsulprcom/virtualenv/DUCSU_LPR/3.7/lib/python3.7/site-packages/django/shortcuts.py", line 36, in render
    content = loader.render_to_string(template_name, context, request, using=using)
  File "/home/ducsulprcom/virtualenv/DUCSU_LPR/3.7/lib/python3.7/site-packages/django/template/loader.py", line 62, in render_to_string
    return template.render(context, request)
  File "/home/ducsulprcom/virtualenv/DUCSU_LPR/3.7/lib/python3.7/site-packages/django/template/backends/django.py", line 61, in render
    return self.template.render(context)
  File "/home/ducsulprcom/virtualenv/DUCSU_LPR/3.7/lib/python3.7/site-packages/django/template/base.py", line 175, in render
    return self._render(context)
  File "/home/ducsulprcom/virtualenv/DUCSU_LPR/3.7/lib/python3.7/site-packages/django/template/base.py", line 167, in _render
    return self.nodelist.render(context)
  File "/home/ducsulprcom/virtualenv/DUCSU_LPR/3.7/lib/python3.7/site-packages/django/template/base.py", line 943, in render
    bit = node.render_annotated(context)
  File "/home/ducsulprcom/virtualenv/DUCSU_LPR/3.7/lib/python3.7/site-packages/django/template/base.py", line 910, in render_annotated
    return self.render(context)
  File "/home/ducsulprcom/virtualenv/DUCSU_LPR/3.7/lib/python3.7/site-packages/django/template/loader_tags.py", line 155, in render
    return compiled_parent._render(context)
  File "/home/ducsulprcom/virtualenv/DUCSU_LPR/3.7/lib/python3.7/site-packages/django/template/base.py", line 167, in _render
    return self.nodelist.render(context)
  File "/home/ducsulprcom/virtualenv/DUCSU_LPR/3.7/lib/python3.7/site-packages/django/template/base.py", line 943, in render
    bit = node.render_annotated(context)
  File "/home/ducsulprcom/virtualenv/DUCSU_LPR/3.7/lib/python3.7/site-packages/django/template/base.py", line 910, in render_annotated
    return self.render(context)
  File "/home/ducsulprcom/virtualenv/DUCSU_LPR/3.7/lib/python3.7/site-packages/django/template/loader_tags.py", line 67, in render
    result = block.nodelist.render(context)
  File "/home/ducsulprcom/virtualenv/DUCSU_LPR/3.7/lib/python3.7/site-packages/django/template/base.py", line 943, in render
    bit = node.render_annotated(context)
  File "/home/ducsulprcom/virtualenv/DUCSU_LPR/3.7/lib/python3.7/site-packages/django/template/base.py", line 910, in render_annotated
    return self.render(context)
  File "/home/ducsulprcom/virtualenv/DUCSU_LPR/3.7/lib/python3.7/site-packages/django/template/defaulttags.py", line 168, in render
    len_values = len(values)
  File "/home/ducsulprcom/virtualenv/DUCSU_LPR/3.7/lib/python3.7/site-packages/django/db/models/query.py", line 254, in __len__
    self._fetch_all()
  File "/home/ducsulprcom/virtualenv/DUCSU_LPR/3.7/lib/python3.7/site-packages/django/db/models/query.py", line 1179, in _fetch_all
    self._result_cache = list(self._iterable_class(self))
  File "/home/ducsulprcom/virtualenv/DUCSU_LPR/3.7/lib/python3.7/site-packages/django/db/models/query.py", line 54, in __iter__
    results = compiler.execute_sql(chunked_fetch=self.chunked_fetch, chunk_size=self.chunk_size)
  File "/home/ducsulprcom/virtualenv/DUCSU_LPR/3.7/lib/python3.7/site-packages/django/db/models/sql/compiler.py", line 1063, in execute_sql
    cursor.execute(sql, params)
  File "/home/ducsulprcom/virtualenv/DUCSU_LPR/3.7/lib/python3.7/site-packages/django/db/backends/utils.py", line 100, in execute
    return super().execute(sql, params)
  File "/home/ducsulprcom/virtualenv/DUCSU_LPR/3.7/lib/python3.7/site-packages/django/db/backends/utils.py", line 68, in execute
    return self._execute_with_wrappers(sql, params, many=False, executor=self._execute)
  File "/home/ducsulprcom/virtualenv/DUCSU_LPR/3.7/lib/python3.7/site-packages/django/db/backends/utils.py", line 77, in _execute_with_wrappers
    return executor(sql, params, many, context)
  File "/home/ducsulprcom/virtualenv/DUCSU_LPR/3.7/lib/python3.7/site-packages/django/db/backends/utils.py", line 85, in _execute
    return self.cursor.execute(sql, params)
  File "/home/ducsulprcom/virtualenv/DUCSU_LPR/3.7/lib/python3.7/site-packages/django/db/utils.py", line 89, in __exit__
    raise dj_exc_value.with_traceback(traceback) from exc_value
  File "/home/ducsulprcom/virtualenv/DUCSU_LPR/3.7/lib/python3.7/site-packages/django/db/backends/utils.py", line 85, in _execute
    return self.cursor.execute(sql, params)
  File "/home/ducsulprcom/virtualenv/DUCSU_LPR/3.7/lib/python3.7/site-packages/django/db/backends/sqlite3/base.py", line 303, in execute
    return Database.Cursor.execute(self, query, params)
django.db.utils.OperationalError: no such column: articles_article.youtube_link
Internal Server Error: /
Traceback (most recent call last):
  File "/home/ducsulprcom/virtualenv/DUCSU_LPR/3.7/lib/python3.7/site-packages/django/db/backends/utils.py", line 85, in _execute
    return self.cursor.execute(sql, params)
  File "/home/ducsulprcom/virtualenv/DUCSU_LPR/3.7/lib/python3.7/site-packages/django/db/backends/sqlite3/base.py", line 303, in execute
    return Database.Cursor.execute(self, query, params)
sqlite3.OperationalError: no such column: articles_article.youtube_link

The above exception was the direct cause of the following exception:

Traceback (most recent call last):
  File "/home/ducsulprcom/virtualenv/DUCSU_LPR/3.7/lib/python3.7/site-packages/django/core/handlers/exception.py", line 35, in inner
    response = get_response(request)
  File "/home/ducsulprcom/virtualenv/DUCSU_LPR/3.7/lib/python3.7/site-packages/django/core/handlers/base.py", line 128, in _get_response
    response = self.process_exception_by_middleware(e, request)
  File "/home/ducsulprcom/virtualenv/DUCSU_LPR/3.7/lib/python3.7/site-packages/django/core/handlers/base.py", line 126, in _get_response
    response = wrapped_callback(request, *callback_args, **callback_kwargs)
  File "/home/ducsulprcom/DUCSU_LPR/articles/views.py", line 10, in index
    return render(request, 'articles/index.html', context)
  File "/home/ducsulprcom/virtualenv/DUCSU_LPR/3.7/lib/python3.7/site-packages/django/shortcuts.py", line 36, in render
    content = loader.render_to_string(template_name, context, request, using=using)
  File "/home/ducsulprcom/virtualenv/DUCSU_LPR/3.7/lib/python3.7/site-packages/django/template/loader.py", line 62, in render_to_string
    return template.render(context, request)
  File "/home/ducsulprcom/virtualenv/DUCSU_LPR/3.7/lib/python3.7/site-packages/django/template/backends/django.py", line 61, in render
    return self.template.render(context)
  File "/home/ducsulprcom/virtualenv/DUCSU_LPR/3.7/lib/python3.7/site-packages/django/template/base.py", line 175, in render
    return self._render(context)
  File "/home/ducsulprcom/virtualenv/DUCSU_LPR/3.7/lib/python3.7/site-packages/django/template/base.py", line 167, in _render
    return self.nodelist.render(context)
  File "/home/ducsulprcom/virtualenv/DUCSU_LPR/3.7/lib/python3.7/site-packages/django/template/base.py", line 943, in render
    bit = node.render_annotated(context)
  File "/home/ducsulprcom/virtualenv/DUCSU_LPR/3.7/lib/python3.7/site-packages/django/template/base.py", line 910, in render_annotated
    return self.render(context)
  File "/home/ducsulprcom/virtualenv/DUCSU_LPR/3.7/lib/python3.7/site-packages/django/template/loader_tags.py", line 155, in render
    return compiled_parent._render(context)
  File "/home/ducsulprcom/virtualenv/DUCSU_LPR/3.7/lib/python3.7/site-packages/django/template/base.py", line 167, in _render
    return self.nodelist.render(context)
  File "/home/ducsulprcom/virtualenv/DUCSU_LPR/3.7/lib/python3.7/site-packages/django/template/base.py", line 943, in render
    bit = node.render_annotated(context)
  File "/home/ducsulprcom/virtualenv/DUCSU_LPR/3.7/lib/python3.7/site-packages/django/template/base.py", line 910, in render_annotated
    return self.render(context)
  File "/home/ducsulprcom/virtualenv/DUCSU_LPR/3.7/lib/python3.7/site-packages/django/template/loader_tags.py", line 67, in render
    result = block.nodelist.render(context)
  File "/home/ducsulprcom/virtualenv/DUCSU_LPR/3.7/lib/python3.7/site-packages/django/template/base.py", line 943, in render
    bit = node.render_annotated(context)
  File "/home/ducsulprcom/virtualenv/DUCSU_LPR/3.7/lib/python3.7/site-packages/django/template/base.py", line 910, in render_annotated
    return self.render(context)
  File "/home/ducsulprcom/virtualenv/DUCSU_LPR/3.7/lib/python3.7/site-packages/django/template/defaulttags.py", line 168, in render
    len_values = len(values)
  File "/home/ducsulprcom/virtualenv/DUCSU_LPR/3.7/lib/python3.7/site-packages/django/db/models/query.py", line 254, in __len__
    self._fetch_all()
  File "/home/ducsulprcom/virtualenv/DUCSU_LPR/3.7/lib/python3.7/site-packages/django/db/models/query.py", line 1179, in _fetch_all
    self._result_cache = list(self._iterable_class(self))
  File "/home/ducsulprcom/virtualenv/DUCSU_LPR/3.7/lib/python3.7/site-packages/django/db/models/query.py", line 54, in __iter__
    results = compiler.execute_sql(chunked_fetch=self.chunked_fetch, chunk_size=self.chunk_size)
  File "/home/ducsulprcom/virtualenv/DUCSU_LPR/3.7/lib/python3.7/site-packages/django/db/models/sql/compiler.py", line 1063, in execute_sql
    cursor.execute(sql, params)
  File "/home/ducsulprcom/virtualenv/DUCSU_LPR/3.7/lib/python3.7/site-packages/django/db/backends/utils.py", line 100, in execute
    return super().execute(sql, params)
  File "/home/ducsulprcom/virtualenv/DUCSU_LPR/3.7/lib/python3.7/site-packages/django/db/backends/utils.py", line 68, in execute
    return self._execute_with_wrappers(sql, params, many=False, executor=self._execute)
  File "/home/ducsulprcom/virtualenv/DUCSU_LPR/3.7/lib/python3.7/site-packages/django/db/backends/utils.py", line 77, in _execute_with_wrappers
    return executor(sql, params, many, context)
  File "/home/ducsulprcom/virtualenv/DUCSU_LPR/3.7/lib/python3.7/site-packages/django/db/backends/utils.py", line 85, in _execute
    return self.cursor.execute(sql, params)
  File "/home/ducsulprcom/virtualenv/DUCSU_LPR/3.7/lib/python3.7/site-packages/django/db/utils.py", line 89, in __exit__
    raise dj_exc_value.with_traceback(traceback) from exc_value
  File "/home/ducsulprcom/virtualenv/DUCSU_LPR/3.7/lib/python3.7/site-packages/django/db/backends/utils.py", line 85, in _execute
    return self.cursor.execute(sql, params)
  File "/home/ducsulprcom/virtualenv/DUCSU_LPR/3.7/lib/python3.7/site-packages/django/db/backends/sqlite3/base.py", line 303, in execute
    return Database.Cursor.execute(self, query, params)
django.db.utils.OperationalError: no such column: articles_article.youtube_link
Not Found: /assets/desktop.css
Not Found: /assets/tablet.css
Not Found: /assets/phone.css
Not Found: /type/DUThinks/assets/desktop.css
Not Found: /type/DUThinks/assets/phone.css
Not Found: /type/DUThinks/assets/tablet.css
Not Found: /type/LPRNews/assets/desktop.css
Not Found: /type/LPRNews/assets/phone.css
Not Found: /type/LPRNews/assets/tablet.css
Not Found: /type/DUThinks/assets/desktop.css
Not Found: /type/DUThinks/assets/phone.css
Not Found: /type/DUThinks/assets/tablet.css
Not Found: /type/LPRNews/assets/phone.css
Not Found: /type/LPRNews/assets/tablet.css
Not Found: /type/LPRNews/assets/desktop.css
Not Found: /type/DUThinks/assets/desktop.css
Not Found: /type/DUThinks/assets/phone.css
Not Found: /type/DUThinks/assets/tablet.css
Not Found: /type/LPRNews/assets/desktop.css
Not Found: /type/LPRNews/assets/phone.css
Not Found: /type/LPRNews/assets/tablet.css
Not Found: /type/DUThinks/assets/desktop.css
Not Found: /type/DUThinks/assets/phone.css
Not Found: /type/DUThinks/assets/tablet.css
Not Found: /type/LPRNews/assets/desktop.css
Not Found: /type/LPRNews/assets/tablet.css
Not Found: /type/LPRNews/assets/phone.css
Not Found: /type/LPRNews/assets/desktop.css
Not Found: /type/LPRNews/assets/phone.css
Not Found: /type/LPRNews/assets/tablet.css
Not Found: /type/DUThinks/assets/desktop.css
Not Found: /type/DUThinks/assets/tablet.css
Not Found: /type/DUThinks/assets/phone.css
Not Found: /type/DUThinks/assets/desktop.css
Not Found: /type/DUThinks/assets/phone.css
Not Found: /type/DUThinks/assets/tablet.css
Not Found: /type/DUThinks/assets/desktop.css
Not Found: /type/DUThinks/assets/phone.css
Not Found: /type/DUThinks/assets/tablet.css
Not Found: /type/DUThinks/assets/desktop.css
Not Found: /type/DUThinks/assets/phone.css
Not Found: /type/DUThinks/assets/tablet.css
Not Found: /type/DUThinks/assets/phone.css
Not Found: /type/DUThinks/assets/desktop.css
Not Found: /type/DUThinks/assets/tablet.css
Not Found: /type/DUThinks/assets/desktop.css
Not Found: /type/DUThinks/assets/tablet.css
Not Found: /type/DUThinks/assets/phone.css
Not Found: /type/DUThinks/assets/phone.css
Not Found: /type/DUThinks/assets/desktop.css
Not Found: /type/DUThinks/assets/tablet.css
Not Found: /type/DUThinks/assets/tablet.css
Not Found: /type/DUThinks/assets/desktop.css
Not Found: /type/DUThinks/assets/phone.css
Not Found: /type/DUThinks/assets/desktop.css
Not Found: /type/DUThinks/assets/phone.css
Not Found: /type/DUThinks/assets/tablet.css
Not Found: /assets/desktop.css
Not Found: /assets/phone.css
Not Found: /assets/tablet.css
Internal Server Error: /type/LPR%20News/
Traceback (most recent call last):
  File "/home/ducsulprcom/virtualenv/DUCSU_LPR/3.7/lib/python3.7/site-packages/django/core/handlers/exception.py", line 35, in inner
    response = get_response(request)
  File "/home/ducsulprcom/virtualenv/DUCSU_LPR/3.7/lib/python3.7/site-packages/django/core/handlers/base.py", line 139, in _get_response
    "returned None instead." % (callback.__module__, view_name)
ValueError: The view articles.views.showList didn't return an HttpResponse object. It returned None instead.
Internal Server Error: /type/DU%20Thinks/
Traceback (most recent call last):
  File "/home/ducsulprcom/virtualenv/DUCSU_LPR/3.7/lib/python3.7/site-packages/django/core/handlers/exception.py", line 35, in inner
    response = get_response(request)
  File "/home/ducsulprcom/virtualenv/DUCSU_LPR/3.7/lib/python3.7/site-packages/django/core/handlers/base.py", line 139, in _get_response
    "returned None instead." % (callback.__module__, view_name)
ValueError: The view articles.views.showList didn't return an HttpResponse object. It returned None instead.
Not Found: /assets/desktop.css
Not Found: /assets/phone.css
Not Found: /assets/tablet.css
Not Found: /type/DUThinks/assets/desktop.css
Not Found: /type/DUThinks/assets/phone.css
Not Found: /type/DUThinks/assets/tablet.css
Not Found: /type/LPRNews/assets/desktop.css
Not Found: /type/LPRNews/assets/phone.css
Not Found: /type/LPRNews/assets/tablet.css
Not Found: /type/DUThinks/assets/desktop.css
Not Found: /type/DUThinks/assets/phone.css
Not Found: /type/DUThinks/assets/tablet.css
Not Found: /type/DUThinks/assets/desktop.css
Not Found: /type/DUThinks/assets/phone.css
Not Found: /type/DUThinks/assets/tablet.css
Not Found: /type/LPRNews/assets/desktop.css
Not Found: /type/LPRNews/assets/phone.css
Not Found: /type/LPRNews/assets/tablet.css
Not Found: /assets/desktop.css
Not Found: /assets/phone.css
Not Found: /assets/tablet.css
Not Found: /type/DUThinks/assets/desktop.css
Not Found: /type/DUThinks/assets/phone.css
Not Found: /type/DUThinks/assets/tablet.css
Not Found: /article/1/assets/desktop.css
Not Found: /article/1/assets/phone.css
Not Found: /article/1/assets/tablet.css
Not Found: /article/1/assets/desktop.css
Not Found: /article/1/assets/phone.css
Not Found: /article/1/assets/tablet.css
Not Found: /article/1/assets/desktop.css
Not Found: /article/1/assets/phone.css
Not Found: /article/1/assets/tablet.css
Not Found: /article/1/assets/desktop.css
Not Found: /article/1/assets/phone.css
Not Found: /article/1/assets/tablet.css
Not Found: /assets/desktop.css
Not Found: /assets/phone.css
Not Found: /assets/tablet.css
Not Found: /favicon.ico
Not Found: /article/1/
Not Found: /favicon.ico
Not Found: /favicon.ico
Not Found: /article/1/
Not Found: /article/1/
Not Found: /favicon.ico
Not Found: /article/1/
Not Found: /favicon.ico
Not Found: /article/1/
Not Found: /article/1/
Not Found: /favicon.ico
Not Found: /article/1/
Not Found: /favicon.ico
Not Found: /assets/desktop.css
Not Found: /assets/phone.css
Not Found: /assets/tablet.css
Not Found: /favicon.ico
Not Found: /assets/desktop.css
Not Found: /assets/phone.css
Not Found: /assets/tablet.css
Not Found: /favicon.ico
Not Found: /article/1/
Not Found: /article/1/
Not Found: /favicon.ico
Not Found: /article/1/
Not Found: /favicon.ico
Not Found: /article/1/
Not Found: /favicon.ico
Not Found: /article/1/
Not Found: /favicon.ico
Not Found: /article/1/
Not Found: /article/1/
Not Found: /article/1/
Not Found: /article/1/
Not Found: /article/1/
Not Found: /favicon.ico
Not Found: /article/1/
Not Found: /favicon.ico
Not Found: /article/1/
Not Found: /article/1/
Not Found: /article/1/
Not Found: /favicon.ico
Not Found: /article/1/
Not Found: /favicon.ico
Not Found: /assets/desktop.css
Not Found: /assets/phone.css
Not Found: /assets/tablet.css
Not Found: /favicon.ico
Not Found: /article/1/
Not Found: /favicon.ico
Not Found: /article/1/
Not Found: /article/1/
Not Found: /favicon.ico
Not Found: /article/1/
Not Found: /favicon.ico
Not Found: /article/1/
Not Found: /assets/desktop.css
Not Found: /assets/phone.css
Not Found: /assets/tablet.css
Not Found: /favicon.ico
Not Found: /assets/desktop.css
Not Found: /assets/phone.css
Not Found: /assets/tablet.css
Not Found: /favicon.ico
Not Found: /article/1/
Not Found: /favicon.ico
Not Found: /favicon.ico
Not Found: /favicon.ico
Not Found: /favicon.ico
